#
# There is insufficient memory for the Java Runtime Environment to continue.
# Native memory allocation (malloc) failed to allocate 1616656 bytes. Error detail: Chunk::new
# Possible reasons:
#   The system is out of physical RAM or swap space
#   This process is running with CompressedOops enabled, and the Java Heap may be blocking the growth of the native heap
# Possible solutions:
#   Reduce memory load on the system
#   Increase physical memory or swap space
#   Check if swap backing store is full
#   Decrease Java heap size (-Xmx/-Xms)
#   Decrease number of Java threads
#   Decrease Java thread stack sizes (-Xss)
#   Set larger code cache with -XX:ReservedCodeCacheSize=
#   JVM is running with Unscaled Compressed Oops mode in which the Java heap is
#     placed in the first 4GB address space. The Java Heap base address is the
#     maximum limit for the native heap growth. Please use -XX:HeapBaseMinAddress
#     to set the Java Heap base and to place the Java Heap above 4GB virtual address.
# This output file may be truncated or incomplete.
#
#  Out of Memory Error (arena.cpp:168), pid=10676, tid=14044
#
# JRE version: OpenJDK Runtime Environment Temurin-21.0.7+6 (21.0.7+6) (build 21.0.7+6-LTS)
# Java VM: OpenJDK 64-Bit Server VM Temurin-21.0.7+6 (21.0.7+6-LTS, mixed mode, sharing, tiered, compressed oops, compressed class ptrs, parallel gc, windows-amd64)
# No core dump will be written. Minidumps are not enabled by default on client versions of Windows
#

---------------  S U M M A R Y ------------

Command Line: --add-modules=ALL-SYSTEM --add-opens=java.base/java.util=ALL-UNNAMED --add-opens=java.base/java.lang=ALL-UNNAMED --add-opens=java.base/sun.nio.fs=ALL-UNNAMED -Declipse.application=org.eclipse.jdt.ls.core.id1 -Dosgi.bundles.defaultStartLevel=4 -Declipse.product=org.eclipse.jdt.ls.core.product -Djava.import.generatesMetadataFilesAtProjectRoot=false -DDetectVMInstallationsJob.disabled=true -Dfile.encoding=utf8 -XX:+UseParallelGC -XX:GCTimeRatio=4 -XX:AdaptiveSizePolicyWeight=90 -Dsun.zip.disableMemoryMapping=true -Xmx2G -Xms100m -Xlog:disable -javaagent:c:\Users\navindu\.vscode\extensions\redhat.java-1.43.1-win32-x64\lombok\lombok-1.18.39-4050.jar -XX:+HeapDumpOnOutOfMemoryError -XX:HeapDumpPath=c:\Users\navindu\AppData\Roaming\Code\User\workspaceStorage\935ea08e3a07c008de49f0b09361651e\redhat.java -Daether.dependencyCollector.impl=bf c:\Users\navindu\.vscode\extensions\redhat.java-1.43.1-win32-x64\server\plugins\org.eclipse.equinox.launcher_1.7.0.v20250519-0528.jar -configuration c:\Users\navindu\AppData\Roaming\Code\User\globalStorage\redhat.java\1.43.1\config_win -data c:\Users\navindu\AppData\Roaming\Code\User\workspaceStorage\935ea08e3a07c008de49f0b09361651e\redhat.java\jdt_ws --pipe=\\.\pipe\lsp-c263d4f960af53e990ac08bc73261196-sock

Host: 11th Gen Intel(R) Core(TM) i3-1115G4 @ 3.00GHz, 4 cores, 3G,  Windows 11 , 64 bit Build 22621 (10.0.22621.5415)
Time: Fri Jul 18 22:37:18 2025 Sri Lanka Standard Time elapsed time: 39.865680 seconds (0d 0h 0m 39s)

---------------  T H R E A D  ---------------

Current thread (0x000001fb962798f0):  JavaThread "C2 CompilerThread0" daemon [_thread_in_native, id=14044, stack(0x0000003f57600000,0x0000003f57700000) (1024K)]


Current CompileTask:
C2:39866 8283       4       org.lombokweb.asm.ClassReader::readMethod (1070 bytes)

Stack: [0x0000003f57600000,0x0000003f57700000]
Native frames: (J=compiled Java code, j=interpreted, Vv=VM code, C=native code)
V  [jvm.dll+0x6ce119]
V  [jvm.dll+0x8a84a1]
V  [jvm.dll+0x8aa9ce]
V  [jvm.dll+0x8ab0b3]
V  [jvm.dll+0x27f8a6]
V  [jvm.dll+0xc507d]
V  [jvm.dll+0xc55b3]
V  [jvm.dll+0x3b68f2]
V  [jvm.dll+0x382aa5]
V  [jvm.dll+0x381f0a]
V  [jvm.dll+0x247af0]
V  [jvm.dll+0x2470cf]
V  [jvm.dll+0x1c760e]
V  [jvm.dll+0x25695a]
V  [jvm.dll+0x254efa]
V  [jvm.dll+0x3f03f6]
V  [jvm.dll+0x851f6b]
V  [jvm.dll+0x6cc7dd]
C  [ucrtbase.dll+0x29333]
C  [KERNEL32.DLL+0x1259d]
C  [ntdll.dll+0x5af78]


---------------  P R O C E S S  ---------------

Threads class SMR info:
_java_thread_list=0x000001fbde3d5b70, length=40, elements={
0x000001fbfd3252e0, 0x000001fb9626c040, 0x000001fb9626d970, 0x000001fb96270630,
0x000001fb96271540, 0x000001fb96272e40, 0x000001fb96274aa0, 0x000001fb962798f0,
0x000001fb962a9c80, 0x000001fbdc03f6c0, 0x000001fbdc26d6e0, 0x000001fbdc62d3c0,
0x000001fbdc430040, 0x000001fbdc413900, 0x000001fbdc413f60, 0x000001fbdcb85e00,
0x000001fbdca5d240, 0x000001fbdd168230, 0x000001fbdd164db0, 0x000001fbdd165440,
0x000001fbdd166160, 0x000001fbdd1667f0, 0x000001fbdd167510, 0x000001fbdd166e80,
0x000001fbdd9300a0, 0x000001fbdd936310, 0x000001fbdd930730, 0x000001fbdd931450,
0x000001fbdd935c80, 0x000001fbdd932800, 0x000001fbdd933bb0, 0x000001fbdd9369a0,
0x000001fbdd937030, 0x000001fbdd9376c0, 0x000001fbdd930dc0, 0x000001fbdd9348d0,
0x000001fbdd931ae0, 0x000001fbdd932e90, 0x000001fbdd933520, 0x000001fbdd932170
}

Java Threads: ( => current thread )
  0x000001fbfd3252e0 JavaThread "main"                              [_thread_blocked, id=11956, stack(0x0000003f56c00000,0x0000003f56d00000) (1024K)]
  0x000001fb9626c040 JavaThread "Reference Handler"          daemon [_thread_blocked, id=2288, stack(0x0000003f57000000,0x0000003f57100000) (1024K)]
  0x000001fb9626d970 JavaThread "Finalizer"                  daemon [_thread_blocked, id=9788, stack(0x0000003f57100000,0x0000003f57200000) (1024K)]
  0x000001fb96270630 JavaThread "Signal Dispatcher"          daemon [_thread_blocked, id=4564, stack(0x0000003f57200000,0x0000003f57300000) (1024K)]
  0x000001fb96271540 JavaThread "Attach Listener"            daemon [_thread_blocked, id=9168, stack(0x0000003f57300000,0x0000003f57400000) (1024K)]
  0x000001fb96272e40 JavaThread "Service Thread"             daemon [_thread_blocked, id=14520, stack(0x0000003f57400000,0x0000003f57500000) (1024K)]
  0x000001fb96274aa0 JavaThread "Monitor Deflation Thread"   daemon [_thread_blocked, id=13304, stack(0x0000003f57500000,0x0000003f57600000) (1024K)]
=>0x000001fb962798f0 JavaThread "C2 CompilerThread0"         daemon [_thread_in_native, id=14044, stack(0x0000003f57600000,0x0000003f57700000) (1024K)]
  0x000001fb962a9c80 JavaThread "C1 CompilerThread0"         daemon [_thread_blocked, id=15288, stack(0x0000003f57700000,0x0000003f57800000) (1024K)]
  0x000001fbdc03f6c0 JavaThread "Common-Cleaner"             daemon [_thread_blocked, id=10112, stack(0x0000003f57800000,0x0000003f57900000) (1024K)]
  0x000001fbdc26d6e0 JavaThread "Notification Thread"        daemon [_thread_blocked, id=4208, stack(0x0000003f57900000,0x0000003f57a00000) (1024K)]
  0x000001fbdc62d3c0 JavaThread "Active Thread: Equinox Container: 92c6a664-19be-4e29-9a8d-7dc8f1de7351"        [_thread_blocked, id=7616, stack(0x0000003f57d00000,0x0000003f57e00000) (1024K)]
  0x000001fbdc430040 JavaThread "Refresh Thread: Equinox Container: 92c6a664-19be-4e29-9a8d-7dc8f1de7351" daemon [_thread_blocked, id=4352, stack(0x0000003f57e00000,0x0000003f57f00000) (1024K)]
  0x000001fbdc413900 JavaThread "Framework Event Dispatcher: Equinox Container: 92c6a664-19be-4e29-9a8d-7dc8f1de7351" daemon [_thread_blocked, id=676, stack(0x0000003f57f00000,0x0000003f58000000) (1024K)]
  0x000001fbdc413f60 JavaThread "Start Level: Equinox Container: 92c6a664-19be-4e29-9a8d-7dc8f1de7351" daemon [_thread_blocked, id=13204, stack(0x0000003f58000000,0x0000003f58100000) (1024K)]
  0x000001fbdcb85e00 JavaThread "Bundle File Closer"         daemon [_thread_blocked, id=14528, stack(0x0000003f58100000,0x0000003f58200000) (1024K)]
  0x000001fbdca5d240 JavaThread "SCR Component Actor"        daemon [_thread_blocked, id=3200, stack(0x0000003f58200000,0x0000003f58300000) (1024K)]
  0x000001fbdd168230 JavaThread "Worker-JM"                         [_thread_blocked, id=1892, stack(0x0000003f58400000,0x0000003f58500000) (1024K)]
  0x000001fbdd164db0 JavaThread "JNA Cleaner"                daemon [_thread_blocked, id=12064, stack(0x0000003f58500000,0x0000003f58600000) (1024K)]
  0x000001fbdd165440 JavaThread "Worker-0"                          [_thread_blocked, id=8116, stack(0x0000003f58600000,0x0000003f58700000) (1024K)]
  0x000001fbdd166160 JavaThread "Worker-1: Java indexing... "        [_thread_blocked, id=9980, stack(0x0000003f58700000,0x0000003f58800000) (1024K)]
  0x000001fbdd1667f0 JavaThread "Worker-2: Building"                [_thread_blocked, id=992, stack(0x0000003f58800000,0x0000003f58900000) (1024K)]
  0x000001fbdd167510 JavaThread "Java indexing"              daemon [_thread_blocked, id=9236, stack(0x0000003f58900000,0x0000003f58a00000) (1024K)]
  0x000001fbdd166e80 JavaThread "Worker-3"                          [_thread_blocked, id=8692, stack(0x0000003f58a00000,0x0000003f58b00000) (1024K)]
  0x000001fbdd9300a0 JavaThread "Worker-4"                          [_thread_blocked, id=12232, stack(0x0000003f58b00000,0x0000003f58c00000) (1024K)]
  0x000001fbdd936310 JavaThread "Thread-2"                   daemon [_thread_in_native, id=9036, stack(0x0000003f58c00000,0x0000003f58d00000) (1024K)]
  0x000001fbdd930730 JavaThread "Thread-3"                   daemon [_thread_in_native, id=14908, stack(0x0000003f58d00000,0x0000003f58e00000) (1024K)]
  0x000001fbdd931450 JavaThread "Thread-4"                   daemon [_thread_in_native, id=8928, stack(0x0000003f58e00000,0x0000003f58f00000) (1024K)]
  0x000001fbdd935c80 JavaThread "Thread-5"                   daemon [_thread_in_native, id=5880, stack(0x0000003f58f00000,0x0000003f59000000) (1024K)]
  0x000001fbdd932800 JavaThread "Thread-6"                   daemon [_thread_in_native, id=14716, stack(0x0000003f59000000,0x0000003f59100000) (1024K)]
  0x000001fbdd933bb0 JavaThread "pool-2-thread-1"                   [_thread_blocked, id=6276, stack(0x0000003f59100000,0x0000003f59200000) (1024K)]
  0x000001fbdd9369a0 JavaThread "WorkspaceEventsHandler"            [_thread_blocked, id=7428, stack(0x0000003f59200000,0x0000003f59300000) (1024K)]
  0x000001fbdd937030 JavaThread "pool-1-thread-1"                   [_thread_blocked, id=13336, stack(0x0000003f59300000,0x0000003f59400000) (1024K)]
  0x000001fbdd9376c0 JavaThread "Worker-5"                          [_thread_blocked, id=14820, stack(0x0000003f56a00000,0x0000003f56b00000) (1024K)]
  0x000001fbdd930dc0 JavaThread "LocalFile Deleter"          daemon [_thread_blocked, id=11532, stack(0x0000003f58300000,0x0000003f58400000) (1024K)]
  0x000001fbdd9348d0 JavaThread "LocalFile Deleter"          daemon [_thread_blocked, id=10580, stack(0x0000003f59400000,0x0000003f59500000) (1024K)]
  0x000001fbdd931ae0 JavaThread "LocalFile Deleter"          daemon [_thread_blocked, id=13868, stack(0x0000003f59500000,0x0000003f59600000) (1024K)]
  0x000001fbdd932e90 JavaThread "LocalFile Deleter"          daemon [_thread_blocked, id=1852, stack(0x0000003f59600000,0x0000003f59700000) (1024K)]
  0x000001fbdd933520 JavaThread "Compiler Source File Reader" daemon [_thread_blocked, id=7236, stack(0x0000003f59700000,0x0000003f59800000) (1024K)]
  0x000001fbdd932170 JavaThread "Compiler Source File Reader" daemon [_thread_blocked, id=11260, stack(0x0000003f59800000,0x0000003f59900000) (1024K)]
Total: 40

Other Threads:
  0x000001fb9624f800 VMThread "VM Thread"                           [id=7532, stack(0x0000003f56f00000,0x0000003f57000000) (1024K)]
  0x000001fbfd3909b0 WatcherThread "VM Periodic Task Thread"        [id=2632, stack(0x0000003f56e00000,0x0000003f56f00000) (1024K)]
  0x000001fbfd3425e0 WorkerThread "GC Thread#0"                     [id=10348, stack(0x0000003f56d00000,0x0000003f56e00000) (1024K)]
  0x000001fbdc842690 WorkerThread "GC Thread#1"                     [id=6196, stack(0x0000003f57a00000,0x0000003f57b00000) (1024K)]
  0x000001fbdc398da0 WorkerThread "GC Thread#2"                     [id=11696, stack(0x0000003f57b00000,0x0000003f57c00000) (1024K)]
  0x000001fbdc399140 WorkerThread "GC Thread#3"                     [id=10484, stack(0x0000003f57c00000,0x0000003f57d00000) (1024K)]
Total: 6

Threads with active compile tasks:
C2 CompilerThread0  39963 8283       4       org.lombokweb.asm.ClassReader::readMethod (1070 bytes)
C1 CompilerThread0  39963 8443       2       org.eclipse.jdt.internal.compiler.parser.Parser::consumeSingleVariableDeclarator (685 bytes)
Total: 2

VM state: at safepoint (normal execution)

VM Mutex/Monitor currently owned by a thread:  ([mutex/lock_event])
[0x00007ffb6398e308] Threads_lock - owner thread: 0x000001fb9624f800
[0x00007ffb6398e408] Heap_lock - owner thread: 0x000001fbdd1667f0

Heap address: 0x0000000080000000, size: 2048 MB, Compressed Oops mode: 32-bit

CDS archive(s) mapped at: [0x000001fb97000000-0x000001fb97ba0000-0x000001fb97ba0000), size 12189696, SharedBaseAddress: 0x000001fb97000000, ArchiveRelocationMode: 1.
Compressed class space mapped at: 0x000001fb98000000-0x000001fbd8000000, reserved size: 1073741824
Narrow klass base: 0x000001fb97000000, Narrow klass shift: 0, Narrow klass range: 0x100000000

GC Precious Log:
 CardTable entry size: 512
 CPUs: 4 total, 4 available
 Memory: 3790M
 Large Page Support: Disabled
 NUMA Support: Disabled
 Compressed Oops: Enabled (32-bit)
 Alignments: Space 512K, Generation 512K, Heap 2M
 Heap Min Capacity: 100M
 Heap Initial Capacity: 100M
 Heap Max Capacity: 2G
 Pre-touch: Disabled
 Parallel Workers: 4

Heap:
 PSYoungGen      total 11776K, used 11756K [0x00000000d5580000, 0x00000000d6480000, 0x0000000100000000)
  eden space 9728K, 100% used [0x00000000d5580000,0x00000000d5f00000,0x00000000d5f00000)
  from space 2048K, 99% used [0x00000000d6180000,0x00000000d637b228,0x00000000d6380000)
  to   space 2560K, 61% used [0x00000000d5f00000,0x00000000d6088000,0x00000000d6180000)
 ParOldGen       total 91136K, used 90760K [0x0000000080000000, 0x0000000085900000, 0x00000000d5580000)
  object space 91136K, 99% used [0x0000000080000000,0x00000000858a21b0,0x0000000085900000)
 Metaspace       used 54874K, committed 56256K, reserved 1114112K
  class space    used 5685K, committed 6272K, reserved 1048576K

Card table byte_map: [0x000001fbfccc0000,0x000001fbfd0d0000] _byte_map_base: 0x000001fbfc8c0000

Marking Bits: (ParMarkBitMap*) 0x00007ffb639931f0
 Begin Bits: [0x000001fb92130000, 0x000001fb94130000)
 End Bits:   [0x000001fb94130000, 0x000001fb96130000)

Polling page: 0x000001fbfb170000

Metaspace:

Usage:
  Non-class:     48.04 MB used.
      Class:      5.55 MB used.
       Both:     53.59 MB used.

Virtual space:
  Non-class space:       64.00 MB reserved,      48.81 MB ( 76%) committed,  1 nodes.
      Class space:        1.00 GB reserved,       6.12 MB ( <1%) committed,  1 nodes.
             Both:        1.06 GB reserved,      54.94 MB (  5%) committed. 

Chunk freelists:
   Non-Class:  14.42 MB
       Class:  9.88 MB
        Both:  24.30 MB

MaxMetaspaceSize: unlimited
CompressedClassSpaceSize: 1.00 GB
Initial GC threshold: 21.00 MB
Current GC threshold: 58.38 MB
CDS: on
 - commit_granule_bytes: 65536.
 - commit_granule_words: 8192.
 - virtual_space_node_default_size: 8388608.
 - enlarge_chunks_in_place: 1.
 - use_allocation_guard: 0.


Internal statistics:

num_allocs_failed_limit: 6.
num_arena_births: 1068.
num_arena_deaths: 14.
num_vsnodes_births: 2.
num_vsnodes_deaths: 0.
num_space_committed: 879.
num_space_uncommitted: 0.
num_chunks_returned_to_freelist: 20.
num_chunks_taken_from_freelist: 3544.
num_chunk_merges: 10.
num_chunk_splits: 2250.
num_chunks_enlarged: 1305.
num_inconsistent_stats: 0.

CodeHeap 'non-profiled nmethods': size=120000Kb used=3737Kb max_used=3737Kb free=116263Kb
 bounds [0x000001fb8ac00000, 0x000001fb8afb0000, 0x000001fb92130000]
CodeHeap 'profiled nmethods': size=120000Kb used=17569Kb max_used=17569Kb free=102430Kb
 bounds [0x000001fb83130000, 0x000001fb84260000, 0x000001fb8a660000]
CodeHeap 'non-nmethods': size=5760Kb used=1409Kb max_used=1461Kb free=4350Kb
 bounds [0x000001fb8a660000, 0x000001fb8a8d0000, 0x000001fb8ac00000]
 total_blobs=8498 nmethods=7788 adapters=616
 compilation: enabled
              stopped_count=0, restarted_count=0
 full_count=0

Compilation events (20 events):
Event: 39.850 Thread 0x000001fb962a9c80 nmethod 8401 0x000001fb84242910 code [0x000001fb84242b80, 0x000001fb84243688]
Event: 39.850 Thread 0x000001fb962a9c80 8402       2       org.eclipse.jdt.internal.compiler.ast.Argument::<init> (64 bytes)
Event: 39.850 Thread 0x000001fb962a9c80 nmethod 8402 0x000001fb84243e90 code [0x000001fb84244020, 0x000001fb842441b8]
Event: 39.851 Thread 0x000001fb962a9c80 8403       3       java.net.URI::toLower (19 bytes)
Event: 39.851 Thread 0x000001fb962a9c80 nmethod 8403 0x000001fb84244310 code [0x000001fb842444c0, 0x000001fb84244640]
Event: 39.852 Thread 0x000001fb962a9c80 8404       3       lombok.core.LombokImmutableList$1::next (43 bytes)
Event: 39.852 Thread 0x000001fb962a9c80 nmethod 8404 0x000001fb84244710 code [0x000001fb842448e0, 0x000001fb84244b58]
Event: 39.852 Thread 0x000001fb962a9c80 8405       2       lombok.core.FieldAugment::access$1 (6 bytes)
Event: 39.853 Thread 0x000001fb962a9c80 nmethod 8405 0x000001fb84244c90 code [0x000001fb84244e40, 0x000001fb84244fe0]
Event: 39.854 Thread 0x000001fb962a9c80 8406       2       java.lang.invoke.LambdaForm$MH/0x000001fb981d1400::invoke (37 bytes)
Event: 39.854 Thread 0x000001fb962a9c80 nmethod 8406 0x000001fb84245110 code [0x000001fb842452e0, 0x000001fb84245580]
Event: 39.854 Thread 0x000001fb962a9c80 8409   !   2       lombok.eclipse.EclipseAST::getTopLevelTypeReferenceAnnotations (69 bytes)
Event: 39.855 Thread 0x000001fb962a9c80 nmethod 8409 0x000001fb84245790 code [0x000001fb84245a00, 0x000001fb84245fa8]
Event: 39.855 Thread 0x000001fb962a9c80 8407       2       lombok.core.FieldAugment::set (8 bytes)
Event: 39.855 Thread 0x000001fb962a9c80 nmethod 8407 0x000001fb84246590 code [0x000001fb84246740, 0x000001fb84246870]
Event: 39.855 Thread 0x000001fb962a9c80 8408   !   2       lombok.core.FieldAugment$ReflectionFieldAugment::getAndSet (80 bytes)
Event: 39.856 Thread 0x000001fb962a9c80 nmethod 8408 0x000001fb84246910 code [0x000001fb84246be0, 0x000001fb84247458]
Event: 39.856 Thread 0x000001fb962a9c80 8410       2       lombok.core.AST::shouldDrill (49 bytes)
Event: 39.856 Thread 0x000001fb962a9c80 nmethod 8410 0x000001fb84247b90 code [0x000001fb84247d80, 0x000001fb84248038]
Event: 39.858 Thread 0x000001fb962a9c80 8411   !   2       lombok.core.AST::buildWithField0 (121 bytes)

GC Heap History (20 events):
Event: 37.537 GC heap before
{Heap before GC invocations=41 (full 2):
 PSYoungGen      total 15872K, used 15620K [0x00000000d5580000, 0x00000000d6b00000, 0x0000000100000000)
  eden space 12288K, 100% used [0x00000000d5580000,0x00000000d6180000,0x00000000d6180000)
  from space 3584K, 92% used [0x00000000d6780000,0x00000000d6ac13e8,0x00000000d6b00000)
  to   space 4096K, 0% used [0x00000000d6300000,0x00000000d6300000,0x00000000d6700000)
 ParOldGen       total 72704K, used 72512K [0x0000000080000000, 0x0000000084700000, 0x00000000d5580000)
  object space 72704K, 99% used [0x0000000080000000,0x00000000846d03e0,0x0000000084700000)
 Metaspace       used 52285K, committed 53696K, reserved 1114112K
  class space    used 5483K, committed 6144K, reserved 1048576K
}
Event: 37.547 GC heap after
{Heap after GC invocations=41 (full 2):
 PSYoungGen      total 15360K, used 2794K [0x00000000d5580000, 0x00000000d6880000, 0x0000000100000000)
  eden space 12288K, 0% used [0x00000000d5580000,0x00000000d5580000,0x00000000d6180000)
  from space 3072K, 90% used [0x00000000d6300000,0x00000000d65bab30,0x00000000d6600000)
  to   space 2560K, 0% used [0x00000000d6600000,0x00000000d6600000,0x00000000d6880000)
 ParOldGen       total 75776K, used 75763K [0x0000000080000000, 0x0000000084a00000, 0x00000000d5580000)
  object space 75776K, 99% used [0x0000000080000000,0x00000000849fcfb0,0x0000000084a00000)
 Metaspace       used 52285K, committed 53696K, reserved 1114112K
  class space    used 5483K, committed 6144K, reserved 1048576K
}
Event: 38.293 GC heap before
{Heap before GC invocations=42 (full 2):
 PSYoungGen      total 15360K, used 15082K [0x00000000d5580000, 0x00000000d6880000, 0x0000000100000000)
  eden space 12288K, 100% used [0x00000000d5580000,0x00000000d6180000,0x00000000d6180000)
  from space 3072K, 90% used [0x00000000d6300000,0x00000000d65bab30,0x00000000d6600000)
  to   space 2560K, 0% used [0x00000000d6600000,0x00000000d6600000,0x00000000d6880000)
 ParOldGen       total 75776K, used 75763K [0x0000000080000000, 0x0000000084a00000, 0x00000000d5580000)
  object space 75776K, 99% used [0x0000000080000000,0x00000000849fcfb0,0x0000000084a00000)
 Metaspace       used 53005K, committed 54400K, reserved 1114112K
  class space    used 5527K, committed 6144K, reserved 1048576K
}
Event: 38.423 GC heap after
{Heap after GC invocations=42 (full 2):
 PSYoungGen      total 12800K, used 2552K [0x00000000d5580000, 0x00000000d6e80000, 0x0000000100000000)
  eden space 10240K, 0% used [0x00000000d5580000,0x00000000d5580000,0x00000000d5f80000)
  from space 2560K, 99% used [0x00000000d6600000,0x00000000d687e088,0x00000000d6880000)
  to   space 6656K, 0% used [0x00000000d5f80000,0x00000000d5f80000,0x00000000d6600000)
 ParOldGen       total 79360K, used 78868K [0x0000000080000000, 0x0000000084d80000, 0x00000000d5580000)
  object space 79360K, 99% used [0x0000000080000000,0x0000000084d05040,0x0000000084d80000)
 Metaspace       used 53005K, committed 54400K, reserved 1114112K
  class space    used 5527K, committed 6144K, reserved 1048576K
}
Event: 38.697 GC heap before
{Heap before GC invocations=43 (full 2):
 PSYoungGen      total 12800K, used 12748K [0x00000000d5580000, 0x00000000d6e80000, 0x0000000100000000)
  eden space 10240K, 99% used [0x00000000d5580000,0x00000000d5f75140,0x00000000d5f80000)
  from space 2560K, 99% used [0x00000000d6600000,0x00000000d687e088,0x00000000d6880000)
  to   space 6656K, 0% used [0x00000000d5f80000,0x00000000d5f80000,0x00000000d6600000)
 ParOldGen       total 79360K, used 78868K [0x0000000080000000, 0x0000000084d80000, 0x00000000d5580000)
  object space 79360K, 99% used [0x0000000080000000,0x0000000084d05040,0x0000000084d80000)
 Metaspace       used 53268K, committed 54592K, reserved 1114112K
  class space    used 5545K, committed 6144K, reserved 1048576K
}
Event: 38.711 GC heap after
{Heap after GC invocations=43 (full 2):
 PSYoungGen      total 13824K, used 3104K [0x00000000d5580000, 0x00000000d6780000, 0x0000000100000000)
  eden space 10240K, 0% used [0x00000000d5580000,0x00000000d5580000,0x00000000d5f80000)
  from space 3584K, 86% used [0x00000000d5f80000,0x00000000d6288208,0x00000000d6300000)
  to   space 4096K, 0% used [0x00000000d6380000,0x00000000d6380000,0x00000000d6780000)
 ParOldGen       total 81408K, used 81344K [0x0000000080000000, 0x0000000084f80000, 0x00000000d5580000)
  object space 81408K, 99% used [0x0000000080000000,0x0000000084f701b0,0x0000000084f80000)
 Metaspace       used 53268K, committed 54592K, reserved 1114112K
  class space    used 5545K, committed 6144K, reserved 1048576K
}
Event: 38.789 GC heap before
{Heap before GC invocations=44 (full 2):
 PSYoungGen      total 13824K, used 13344K [0x00000000d5580000, 0x00000000d6780000, 0x0000000100000000)
  eden space 10240K, 100% used [0x00000000d5580000,0x00000000d5f80000,0x00000000d5f80000)
  from space 3584K, 86% used [0x00000000d5f80000,0x00000000d6288208,0x00000000d6300000)
  to   space 4096K, 0% used [0x00000000d6380000,0x00000000d6380000,0x00000000d6780000)
 ParOldGen       total 81408K, used 81344K [0x0000000080000000, 0x0000000084f80000, 0x00000000d5580000)
  object space 81408K, 99% used [0x0000000080000000,0x0000000084f701b0,0x0000000084f80000)
 Metaspace       used 53285K, committed 54592K, reserved 1114112K
  class space    used 5545K, committed 6144K, reserved 1048576K
}
Event: 38.798 GC heap after
{Heap after GC invocations=44 (full 2):
 PSYoungGen      total 12288K, used 1658K [0x00000000d5580000, 0x00000000d6580000, 0x0000000100000000)
  eden space 10240K, 0% used [0x00000000d5580000,0x00000000d5580000,0x00000000d5f80000)
  from space 2048K, 80% used [0x00000000d6380000,0x00000000d651e8c0,0x00000000d6580000)
  to   space 2560K, 0% used [0x00000000d6080000,0x00000000d6080000,0x00000000d6300000)
 ParOldGen       total 83968K, used 83588K [0x0000000080000000, 0x0000000085200000, 0x00000000d5580000)
  object space 83968K, 99% used [0x0000000080000000,0x00000000851a1178,0x0000000085200000)
 Metaspace       used 53285K, committed 54592K, reserved 1114112K
  class space    used 5545K, committed 6144K, reserved 1048576K
}
Event: 38.861 GC heap before
{Heap before GC invocations=45 (full 2):
 PSYoungGen      total 12288K, used 11838K [0x00000000d5580000, 0x00000000d6580000, 0x0000000100000000)
  eden space 10240K, 99% used [0x00000000d5580000,0x00000000d5f71090,0x00000000d5f80000)
  from space 2048K, 80% used [0x00000000d6380000,0x00000000d651e8c0,0x00000000d6580000)
  to   space 2560K, 0% used [0x00000000d6080000,0x00000000d6080000,0x00000000d6300000)
 ParOldGen       total 83968K, used 83588K [0x0000000080000000, 0x0000000085200000, 0x00000000d5580000)
  object space 83968K, 99% used [0x0000000080000000,0x00000000851a1178,0x0000000085200000)
 Metaspace       used 53297K, committed 54592K, reserved 1114112K
  class space    used 5545K, committed 6144K, reserved 1048576K
}
Event: 38.864 GC heap after
{Heap after GC invocations=45 (full 2):
 PSYoungGen      total 12288K, used 1740K [0x00000000d5580000, 0x00000000d6400000, 0x0000000100000000)
  eden space 10240K, 0% used [0x00000000d5580000,0x00000000d5580000,0x00000000d5f80000)
  from space 2048K, 84% used [0x00000000d6080000,0x00000000d62332c8,0x00000000d6280000)
  to   space 1536K, 0% used [0x00000000d6280000,0x00000000d6280000,0x00000000d6400000)
 ParOldGen       total 84480K, used 84240K [0x0000000080000000, 0x0000000085280000, 0x00000000d5580000)
  object space 84480K, 99% used [0x0000000080000000,0x0000000085244348,0x0000000085280000)
 Metaspace       used 53297K, committed 54592K, reserved 1114112K
  class space    used 5545K, committed 6144K, reserved 1048576K
}
Event: 38.985 GC heap before
{Heap before GC invocations=46 (full 2):
 PSYoungGen      total 12288K, used 11980K [0x00000000d5580000, 0x00000000d6400000, 0x0000000100000000)
  eden space 10240K, 100% used [0x00000000d5580000,0x00000000d5f80000,0x00000000d5f80000)
  from space 2048K, 84% used [0x00000000d6080000,0x00000000d62332c8,0x00000000d6280000)
  to   space 1536K, 0% used [0x00000000d6280000,0x00000000d6280000,0x00000000d6400000)
 ParOldGen       total 84480K, used 84240K [0x0000000080000000, 0x0000000085280000, 0x00000000d5580000)
  object space 84480K, 99% used [0x0000000080000000,0x0000000085244348,0x0000000085280000)
 Metaspace       used 53307K, committed 54656K, reserved 1114112K
  class space    used 5545K, committed 6144K, reserved 1048576K
}
Event: 38.989 GC heap after
{Heap after GC invocations=46 (full 2):
 PSYoungGen      total 11264K, used 745K [0x00000000d5580000, 0x00000000d6380000, 0x0000000100000000)
  eden space 10240K, 0% used [0x00000000d5580000,0x00000000d5580000,0x00000000d5f80000)
  from space 1024K, 72% used [0x00000000d6280000,0x00000000d633a548,0x00000000d6380000)
  to   space 1536K, 0% used [0x00000000d6080000,0x00000000d6080000,0x00000000d6200000)
 ParOldGen       total 86016K, used 85727K [0x0000000080000000, 0x0000000085400000, 0x00000000d5580000)
  object space 86016K, 99% used [0x0000000080000000,0x00000000853b7de8,0x0000000085400000)
 Metaspace       used 53307K, committed 54656K, reserved 1114112K
  class space    used 5545K, committed 6144K, reserved 1048576K
}
Event: 39.019 GC heap before
{Heap before GC invocations=47 (full 2):
 PSYoungGen      total 11264K, used 10985K [0x00000000d5580000, 0x00000000d6380000, 0x0000000100000000)
  eden space 10240K, 100% used [0x00000000d5580000,0x00000000d5f80000,0x00000000d5f80000)
  from space 1024K, 72% used [0x00000000d6280000,0x00000000d633a548,0x00000000d6380000)
  to   space 1536K, 0% used [0x00000000d6080000,0x00000000d6080000,0x00000000d6200000)
 ParOldGen       total 86016K, used 85727K [0x0000000080000000, 0x0000000085400000, 0x00000000d5580000)
  object space 86016K, 99% used [0x0000000080000000,0x00000000853b7de8,0x0000000085400000)
 Metaspace       used 53308K, committed 54656K, reserved 1114112K
  class space    used 5545K, committed 6144K, reserved 1048576K
}
Event: 39.021 GC heap after
{Heap after GC invocations=47 (full 2):
 PSYoungGen      total 11776K, used 1403K [0x00000000d5580000, 0x00000000d6300000, 0x0000000100000000)
  eden space 10240K, 0% used [0x00000000d5580000,0x00000000d5580000,0x00000000d5f80000)
  from space 1536K, 91% used [0x00000000d6080000,0x00000000d61dee00,0x00000000d6200000)
  to   space 1024K, 0% used [0x00000000d6200000,0x00000000d6200000,0x00000000d6300000)
 ParOldGen       total 86016K, used 85743K [0x0000000080000000, 0x0000000085400000, 0x00000000d5580000)
  object space 86016K, 99% used [0x0000000080000000,0x00000000853bbde8,0x0000000085400000)
 Metaspace       used 53308K, committed 54656K, reserved 1114112K
  class space    used 5545K, committed 6144K, reserved 1048576K
}
Event: 39.102 GC heap before
{Heap before GC invocations=48 (full 2):
 PSYoungGen      total 11776K, used 11643K [0x00000000d5580000, 0x00000000d6300000, 0x0000000100000000)
  eden space 10240K, 99% used [0x00000000d5580000,0x00000000d5f7fff8,0x00000000d5f80000)
  from space 1536K, 91% used [0x00000000d6080000,0x00000000d61dee00,0x00000000d6200000)
  to   space 1024K, 0% used [0x00000000d6200000,0x00000000d6200000,0x00000000d6300000)
 ParOldGen       total 86016K, used 85743K [0x0000000080000000, 0x0000000085400000, 0x00000000d5580000)
  object space 86016K, 99% used [0x0000000080000000,0x00000000853bbde8,0x0000000085400000)
 Metaspace       used 53936K, committed 55296K, reserved 1114112K
  class space    used 5599K, committed 6208K, reserved 1048576K
}
Event: 39.106 GC heap after
{Heap after GC invocations=48 (full 2):
 PSYoungGen      total 11264K, used 999K [0x00000000d5580000, 0x00000000d6380000, 0x0000000100000000)
  eden space 10240K, 0% used [0x00000000d5580000,0x00000000d5580000,0x00000000d5f80000)
  from space 1024K, 97% used [0x00000000d6200000,0x00000000d62f9f58,0x00000000d6300000)
  to   space 2048K, 0% used [0x00000000d5f80000,0x00000000d5f80000,0x00000000d6180000)
 ParOldGen       total 87040K, used 86627K [0x0000000080000000, 0x0000000085500000, 0x00000000d5580000)
  object space 87040K, 99% used [0x0000000080000000,0x0000000085498db0,0x0000000085500000)
 Metaspace       used 53936K, committed 55296K, reserved 1114112K
  class space    used 5599K, committed 6208K, reserved 1048576K
}
Event: 39.498 GC heap before
{Heap before GC invocations=49 (full 2):
 PSYoungGen      total 11264K, used 11239K [0x00000000d5580000, 0x00000000d6380000, 0x0000000100000000)
  eden space 10240K, 100% used [0x00000000d5580000,0x00000000d5f80000,0x00000000d5f80000)
  from space 1024K, 97% used [0x00000000d6200000,0x00000000d62f9f58,0x00000000d6300000)
  to   space 2048K, 0% used [0x00000000d5f80000,0x00000000d5f80000,0x00000000d6180000)
 ParOldGen       total 87040K, used 86627K [0x0000000080000000, 0x0000000085500000, 0x00000000d5580000)
  object space 87040K, 99% used [0x0000000080000000,0x0000000085498db0,0x0000000085500000)
 Metaspace       used 54542K, committed 55872K, reserved 1114112K
  class space    used 5650K, committed 6272K, reserved 1048576K
}
Event: 39.504 GC heap after
{Heap after GC invocations=49 (full 2):
 PSYoungGen      total 12288K, used 1688K [0x00000000d5580000, 0x00000000d6380000, 0x0000000100000000)
  eden space 10240K, 0% used [0x00000000d5580000,0x00000000d5580000,0x00000000d5f80000)
  from space 2048K, 82% used [0x00000000d5f80000,0x00000000d61260d8,0x00000000d6180000)
  to   space 2048K, 0% used [0x00000000d6180000,0x00000000d6180000,0x00000000d6380000)
 ParOldGen       total 88064K, used 87607K [0x0000000080000000, 0x0000000085600000, 0x00000000d5580000)
  object space 88064K, 99% used [0x0000000080000000,0x000000008558ddc8,0x0000000085600000)
 Metaspace       used 54542K, committed 55872K, reserved 1114112K
  class space    used 5650K, committed 6272K, reserved 1048576K
}
Event: 39.784 GC heap before
{Heap before GC invocations=50 (full 2):
 PSYoungGen      total 12288K, used 11928K [0x00000000d5580000, 0x00000000d6380000, 0x0000000100000000)
  eden space 10240K, 100% used [0x00000000d5580000,0x00000000d5f80000,0x00000000d5f80000)
  from space 2048K, 82% used [0x00000000d5f80000,0x00000000d61260d8,0x00000000d6180000)
  to   space 2048K, 0% used [0x00000000d6180000,0x00000000d6180000,0x00000000d6380000)
 ParOldGen       total 88064K, used 87607K [0x0000000080000000, 0x0000000085600000, 0x00000000d5580000)
  object space 88064K, 99% used [0x0000000080000000,0x000000008558ddc8,0x0000000085600000)
 Metaspace       used 54714K, committed 56128K, reserved 1114112K
  class space    used 5667K, committed 6272K, reserved 1048576K
}
Event: 39.793 GC heap after
{Heap after GC invocations=50 (full 2):
 PSYoungGen      total 11776K, used 2028K [0x00000000d5580000, 0x00000000d6480000, 0x0000000100000000)
  eden space 9728K, 0% used [0x00000000d5580000,0x00000000d5580000,0x00000000d5f00000)
  from space 2048K, 99% used [0x00000000d6180000,0x00000000d637b228,0x00000000d6380000)
  to   space 2560K, 0% used [0x00000000d5f00000,0x00000000d5f00000,0x00000000d6180000)
 ParOldGen       total 89600K, used 89192K [0x0000000080000000, 0x0000000085780000, 0x00000000d5580000)
  object space 89600K, 99% used [0x0000000080000000,0x000000008571a2b0,0x0000000085780000)
 Metaspace       used 54714K, committed 56128K, reserved 1114112K
  class space    used 5667K, committed 6272K, reserved 1048576K
}

Dll operation events (10 events):
Event: 0.078 Loaded shared library c:\Users\navindu\.vscode\extensions\redhat.java-1.43.1-win32-x64\jre\21.0.7-win32-x86_64\bin\java.dll
Event: 1.056 Loaded shared library c:\Users\navindu\.vscode\extensions\redhat.java-1.43.1-win32-x64\jre\21.0.7-win32-x86_64\bin\zip.dll
Event: 1.193 Loaded shared library C:\Users\navindu\.vscode\extensions\redhat.java-1.43.1-win32-x64\jre\21.0.7-win32-x86_64\bin\instrument.dll
Event: 1.243 Loaded shared library C:\Users\navindu\.vscode\extensions\redhat.java-1.43.1-win32-x64\jre\21.0.7-win32-x86_64\bin\net.dll
Event: 1.287 Loaded shared library C:\Users\navindu\.vscode\extensions\redhat.java-1.43.1-win32-x64\jre\21.0.7-win32-x86_64\bin\nio.dll
Event: 1.303 Loaded shared library C:\Users\navindu\.vscode\extensions\redhat.java-1.43.1-win32-x64\jre\21.0.7-win32-x86_64\bin\zip.dll
Event: 1.465 Loaded shared library C:\Users\navindu\.vscode\extensions\redhat.java-1.43.1-win32-x64\jre\21.0.7-win32-x86_64\bin\jimage.dll
Event: 2.204 Loaded shared library c:\Users\navindu\.vscode\extensions\redhat.java-1.43.1-win32-x64\jre\21.0.7-win32-x86_64\bin\verify.dll
Event: 12.325 Loaded shared library C:\Users\navindu\AppData\Roaming\Code\User\globalStorage\redhat.java\1.43.1\config_win\org.eclipse.equinox.launcher\org.eclipse.equinox.launcher.win32.win32.x86_64_1.2.1300.v20250331-1702\eclipse_11911.dll
Event: 23.409 Loaded shared library C:\Users\navindu\AppData\Local\Temp\jna-1730397209\jna13859559249047752802.dll

Deoptimization events (20 events):
Event: 39.752 Thread 0x000001fbdd167510 Uncommon trap: trap_request=0xffffff45 fr.pc=0x000001fb8af8b194 relative=0x0000000000004174
Event: 39.752 Thread 0x000001fbdd167510 Uncommon trap: reason=unstable_if action=reinterpret pc=0x000001fb8af8b194 method=org.eclipse.jdt.internal.core.search.indexing.BinaryIndexer.extractArgCount([C[CZ)I @ 247 c2
Event: 39.752 Thread 0x000001fbdd167510 DEOPT PACKING pc=0x000001fb8af8b194 sp=0x0000003f589feb70
Event: 39.752 Thread 0x000001fbdd167510 DEOPT UNPACKING pc=0x000001fb8a6b6da2 sp=0x0000003f589fea90 mode 2
Event: 39.752 Thread 0x000001fbdd167510 Uncommon trap: trap_request=0xffffff45 fr.pc=0x000001fb8af62dcc relative=0x00000000000004ec
Event: 39.752 Thread 0x000001fbdd167510 Uncommon trap: reason=unstable_if action=reinterpret pc=0x000001fb8af62dcc method=org.eclipse.jdt.internal.core.search.indexing.BinaryIndexer.extractArgCount([C[CZ)I @ 247 c2
Event: 39.752 Thread 0x000001fbdd167510 DEOPT PACKING pc=0x000001fb8af62dcc sp=0x0000003f589feb10
Event: 39.752 Thread 0x000001fbdd167510 DEOPT UNPACKING pc=0x000001fb8a6b6da2 sp=0x0000003f589fea88 mode 2
Event: 39.756 Thread 0x000001fbdd1667f0 DEOPT PACKING pc=0x000001fb83a3730d sp=0x0000003f588f8c90
Event: 39.756 Thread 0x000001fbdd1667f0 DEOPT UNPACKING pc=0x000001fb8a6b78e2 sp=0x0000003f588f8130 mode 0
Event: 39.793 Thread 0x000001fbdd167510 DEOPT PACKING pc=0x000001fb84238bd3 sp=0x0000003f589feae0
Event: 39.793 Thread 0x000001fbdd167510 DEOPT UNPACKING pc=0x000001fb8a6b78e2 sp=0x0000003f589fe048 mode 0
Event: 39.809 Thread 0x000001fbdd167510 DEOPT PACKING pc=0x000001fb84238bd3 sp=0x0000003f589feae0
Event: 39.809 Thread 0x000001fbdd167510 DEOPT UNPACKING pc=0x000001fb8a6b78e2 sp=0x0000003f589fe048 mode 0
Event: 39.810 Thread 0x000001fbdd1667f0 DEOPT PACKING pc=0x000001fb83a3730d sp=0x0000003f588f8cc0
Event: 39.810 Thread 0x000001fbdd1667f0 DEOPT UNPACKING pc=0x000001fb8a6b78e2 sp=0x0000003f588f8160 mode 0
Event: 39.836 Thread 0x000001fbdd1667f0 DEOPT PACKING pc=0x000001fb83a3730d sp=0x0000003f588fc680
Event: 39.836 Thread 0x000001fbdd1667f0 DEOPT UNPACKING pc=0x000001fb8a6b78e2 sp=0x0000003f588fbb20 mode 0
Event: 39.846 Thread 0x000001fbdd167510 DEOPT PACKING pc=0x000001fb84238df8 sp=0x0000003f589feae0
Event: 39.846 Thread 0x000001fbdd167510 DEOPT UNPACKING pc=0x000001fb8a6b78e2 sp=0x0000003f589fe048 mode 0

Classes loaded (20 events):
Event: 34.585 Loading class java/util/regex/PatternSyntaxException
Event: 34.586 Loading class java/util/regex/PatternSyntaxException done
Event: 34.974 Loading class java/util/concurrent/ForkJoinTask$AdaptedCallable
Event: 34.975 Loading class java/util/concurrent/ForkJoinTask$AdaptedCallable done
Event: 35.318 Loading class java/util/Vector$1
Event: 35.318 Loading class java/util/Vector$1 done
Event: 36.507 Loading class java/util/regex/Pattern$Caret
Event: 36.509 Loading class java/util/regex/Pattern$Caret done
Event: 37.434 Loading class java/nio/file/FileTreeIterator
Event: 37.435 Loading class java/nio/file/FileTreeIterator done
Event: 37.972 Loading class java/util/stream/ReferencePipeline$4
Event: 37.980 Loading class java/util/stream/ReferencePipeline$4 done
Event: 37.982 Loading class java/util/stream/Nodes$IntFixedNodeBuilder
Event: 37.986 Loading class java/util/stream/Node$Builder$OfInt
Event: 37.988 Loading class java/util/stream/Node$Builder$OfInt done
Event: 37.988 Loading class java/util/stream/Nodes$IntArrayNode
Event: 37.988 Loading class java/util/stream/Nodes$IntArrayNode done
Event: 37.988 Loading class java/util/stream/Nodes$IntFixedNodeBuilder done
Event: 37.989 Loading class java/util/stream/ReferencePipeline$4$1
Event: 37.989 Loading class java/util/stream/ReferencePipeline$4$1 done

Classes unloaded (7 events):
Event: 25.045 Thread 0x000001fb9624f800 Unloading class 0x000001fb981a3000 'java/lang/invoke/LambdaForm$MH+0x000001fb981a3000'
Event: 25.045 Thread 0x000001fb9624f800 Unloading class 0x000001fb981a2c00 'java/lang/invoke/LambdaForm$MH+0x000001fb981a2c00'
Event: 25.045 Thread 0x000001fb9624f800 Unloading class 0x000001fb981a2800 'java/lang/invoke/LambdaForm$MH+0x000001fb981a2800'
Event: 25.045 Thread 0x000001fb9624f800 Unloading class 0x000001fb981a2400 'java/lang/invoke/LambdaForm$MH+0x000001fb981a2400'
Event: 25.045 Thread 0x000001fb9624f800 Unloading class 0x000001fb981a2000 'java/lang/invoke/LambdaForm$BMH+0x000001fb981a2000'
Event: 25.045 Thread 0x000001fb9624f800 Unloading class 0x000001fb981a1c00 'java/lang/invoke/LambdaForm$DMH+0x000001fb981a1c00'
Event: 25.045 Thread 0x000001fb9624f800 Unloading class 0x000001fb981a0800 'java/lang/invoke/LambdaForm$DMH+0x000001fb981a0800'

Classes redefined (0 events):
No events

Internal exceptions (20 events):
Event: 34.308 Thread 0x000001fbdd1667f0 Exception <a 'java/io/FileNotFoundException'{0x00000000d5fa82b0}> (0x00000000d5fa82b0) 
thrown [s\src\hotspot\share\prims\jni.cpp, line 520]
Event: 34.308 Thread 0x000001fbdd1667f0 Exception <a 'java/io/FileNotFoundException'{0x00000000d5fa9580}> (0x00000000d5fa9580) 
thrown [s\src\hotspot\share\prims\jni.cpp, line 520]
Event: 34.308 Thread 0x000001fbdd1667f0 Exception <a 'java/io/FileNotFoundException'{0x00000000d5faa5a8}> (0x00000000d5faa5a8) 
thrown [s\src\hotspot\share\prims\jni.cpp, line 520]
Event: 34.524 Thread 0x000001fbdd167510 Implicit null exception at 0x000001fb8aef665a to 0x000001fb8aef6758
Event: 34.973 Thread 0x000001fbdd1667f0 Exception <a 'sun/nio/fs/WindowsException'{0x00000000d5598e50}> (0x00000000d5598e50) 
thrown [s\src\hotspot\share\prims\jni.cpp, line 520]
Event: 34.978 Thread 0x000001fbdd930dc0 Exception <a 'sun/nio/fs/WindowsException'{0x00000000d57888e8}> (0x00000000d57888e8) 
thrown [s\src\hotspot\share\prims\jni.cpp, line 520]
Event: 34.980 Thread 0x000001fbdd9348d0 Exception <a 'sun/nio/fs/WindowsException'{0x00000000d57c0d38}> (0x00000000d57c0d38) 
thrown [s\src\hotspot\share\prims\jni.cpp, line 520]
Event: 34.981 Thread 0x000001fbdd932e90 Exception <a 'sun/nio/fs/WindowsException'{0x00000000d5858f50}> (0x00000000d5858f50) 
thrown [s\src\hotspot\share\prims\jni.cpp, line 520]
Event: 34.982 Thread 0x000001fbdd931ae0 Exception <a 'sun/nio/fs/WindowsException'{0x00000000d57f98d8}> (0x00000000d57f98d8) 
thrown [s\src\hotspot\share\prims\jni.cpp, line 520]
Event: 34.983 Thread 0x000001fbdd932e90 Exception <a 'sun/nio/fs/WindowsException'{0x00000000d585a718}> (0x00000000d585a718) 
thrown [s\src\hotspot\share\prims\jni.cpp, line 520]
Event: 34.994 Thread 0x000001fbdd932e90 Exception <a 'sun/nio/fs/WindowsException'{0x00000000d585e540}> (0x00000000d585e540) 
thrown [s\src\hotspot\share\prims\jni.cpp, line 520]
Event: 34.999 Thread 0x000001fbdd931ae0 Exception <a 'sun/nio/fs/WindowsException'{0x00000000d57fde28}> (0x00000000d57fde28) 
thrown [s\src\hotspot\share\prims\jni.cpp, line 520]
Event: 35.000 Thread 0x000001fbdd931ae0 Exception <a 'sun/nio/fs/WindowsException'{0x00000000d57ffa58}> (0x00000000d57ffa58) 
thrown [s\src\hotspot\share\prims\jni.cpp, line 520]
Event: 35.010 Thread 0x000001fbdd932e90 Exception <a 'sun/nio/fs/WindowsException'{0x00000000d58637a8}> (0x00000000d58637a8) 
thrown [s\src\hotspot\share\prims\jni.cpp, line 520]
Event: 35.010 Thread 0x000001fbdd9348d0 Exception <a 'sun/nio/fs/WindowsException'{0x00000000d57c39e0}> (0x00000000d57c39e0) 
thrown [s\src\hotspot\share\prims\jni.cpp, line 520]
Event: 35.011 Thread 0x000001fbdd931ae0 Exception <a 'sun/nio/fs/WindowsException'{0x00000000d5802848}> (0x00000000d5802848) 
thrown [s\src\hotspot\share\prims\jni.cpp, line 520]
Event: 35.011 Thread 0x000001fbdd932e90 Exception <a 'sun/nio/fs/WindowsException'{0x00000000d58655a0}> (0x00000000d58655a0) 
thrown [s\src\hotspot\share\prims\jni.cpp, line 520]
Event: 35.013 Thread 0x000001fbdd931ae0 Exception <a 'sun/nio/fs/WindowsException'{0x00000000d5803e08}> (0x00000000d5803e08) 
thrown [s\src\hotspot\share\prims\jni.cpp, line 520]
Event: 35.017 Thread 0x000001fbdd931ae0 Exception <a 'sun/nio/fs/WindowsException'{0x00000000d5805ad8}> (0x00000000d5805ad8) 
thrown [s\src\hotspot\share\prims\jni.cpp, line 520]
Event: 35.018 Thread 0x000001fbdd932e90 Exception <a 'sun/nio/fs/WindowsException'{0x00000000d5932398}> (0x00000000d5932398) 
thrown [s\src\hotspot\share\prims\jni.cpp, line 520]

ZGC Phase Switch (0 events):
No events

VM Operations (20 events):
Event: 38.697 Executing VM operation: ParallelGCFailedAllocation (Allocation Failure)
Event: 38.711 Executing VM operation: ParallelGCFailedAllocation (Allocation Failure) done
Event: 38.789 Executing VM operation: ParallelGCFailedAllocation (Allocation Failure)
Event: 38.798 Executing VM operation: ParallelGCFailedAllocation (Allocation Failure) done
Event: 38.861 Executing VM operation: ParallelGCFailedAllocation (Allocation Failure)
Event: 38.865 Executing VM operation: ParallelGCFailedAllocation (Allocation Failure) done
Event: 38.985 Executing VM operation: ParallelGCFailedAllocation (Allocation Failure)
Event: 38.989 Executing VM operation: ParallelGCFailedAllocation (Allocation Failure) done
Event: 39.019 Executing VM operation: ParallelGCFailedAllocation (Allocation Failure)
Event: 39.021 Executing VM operation: ParallelGCFailedAllocation (Allocation Failure) done
Event: 39.102 Executing VM operation: ParallelGCFailedAllocation (Allocation Failure)
Event: 39.106 Executing VM operation: ParallelGCFailedAllocation (Allocation Failure) done
Event: 39.414 Executing VM operation: HandshakeAllThreads (Deoptimize)
Event: 39.424 Executing VM operation: HandshakeAllThreads (Deoptimize) done
Event: 39.498 Executing VM operation: ParallelGCFailedAllocation (Allocation Failure)
Event: 39.504 Executing VM operation: ParallelGCFailedAllocation (Allocation Failure) done
Event: 39.784 Executing VM operation: ParallelGCFailedAllocation (Allocation Failure)
Event: 39.793 Executing VM operation: ParallelGCFailedAllocation (Allocation Failure) done
Event: 39.817 Executing VM operation: HandshakeAllThreads (Deoptimize)
Event: 39.817 Executing VM operation: HandshakeAllThreads (Deoptimize) done

Memory protections (0 events):
No events

Nmethod flushes (20 events):
Event: 27.666 Thread 0x000001fb9624f800 flushing  nmethod 0x000001fb837dde10
Event: 27.666 Thread 0x000001fb9624f800 flushing  nmethod 0x000001fb837de210
Event: 27.666 Thread 0x000001fb9624f800 flushing  nmethod 0x000001fb837deb10
Event: 27.666 Thread 0x000001fb9624f800 flushing  nmethod 0x000001fb837dfd10
Event: 27.666 Thread 0x000001fb9624f800 flushing  nmethod 0x000001fb837e0910
Event: 27.666 Thread 0x000001fb9624f800 flushing  nmethod 0x000001fb837e2610
Event: 27.666 Thread 0x000001fb9624f800 flushing  nmethod 0x000001fb837e2b10
Event: 27.666 Thread 0x000001fb9624f800 flushing  nmethod 0x000001fb837e4390
Event: 27.666 Thread 0x000001fb9624f800 flushing  nmethod 0x000001fb837e5890
Event: 27.666 Thread 0x000001fb9624f800 flushing  nmethod 0x000001fb837e6290
Event: 27.666 Thread 0x000001fb9624f800 flushing  nmethod 0x000001fb837f0d10
Event: 27.666 Thread 0x000001fb9624f800 flushing  nmethod 0x000001fb8383ca10
Event: 27.666 Thread 0x000001fb9624f800 flushing  nmethod 0x000001fb83847f90
Event: 27.666 Thread 0x000001fb9624f800 flushing  nmethod 0x000001fb8384f510
Event: 27.666 Thread 0x000001fb9624f800 flushing  nmethod 0x000001fb8389af10
Event: 27.666 Thread 0x000001fb9624f800 flushing  nmethod 0x000001fb838cb090
Event: 27.666 Thread 0x000001fb9624f800 flushing  nmethod 0x000001fb838d4890
Event: 27.666 Thread 0x000001fb9624f800 flushing  nmethod 0x000001fb838f9010
Event: 27.666 Thread 0x000001fb9624f800 flushing  nmethod 0x000001fb83909390
Event: 27.666 Thread 0x000001fb9624f800 flushing  nmethod 0x000001fb83909810

Events (20 events):
Event: 26.453 Thread 0x000001fbdd166160 Thread added: 0x000001fbdd1667f0
Event: 26.578 Thread 0x000001fbdc413f60 Thread added: 0x000001fbdd167510
Event: 27.421 Thread 0x000001fbdd166160 Thread added: 0x000001fbdd166e80
Event: 27.613 Thread 0x000001fbdd166e80 Thread added: 0x000001fbdd9300a0
Event: 27.872 Thread 0x000001fbfd3252e0 Thread added: 0x000001fbdd936310
Event: 27.875 Thread 0x000001fbfd3252e0 Thread added: 0x000001fbdd930730
Event: 27.875 Thread 0x000001fbfd3252e0 Thread added: 0x000001fbdd931450
Event: 27.876 Thread 0x000001fbfd3252e0 Thread added: 0x000001fbdd935c80
Event: 27.876 Thread 0x000001fbfd3252e0 Thread added: 0x000001fbdd932800
Event: 27.920 Thread 0x000001fbfd3252e0 Thread added: 0x000001fbdd933bb0
Event: 28.535 Thread 0x000001fbfd3252e0 Thread added: 0x000001fbdd9369a0
Event: 28.535 Thread 0x000001fbfd3252e0 Thread added: 0x000001fbdd937030
Event: 30.319 Thread 0x000001fbdd167ba0 Thread exited: 0x000001fbdd167ba0
Event: 30.423 Thread 0x000001fbdd9300a0 Thread added: 0x000001fbdd9376c0
Event: 34.977 Thread 0x000001fbdd1667f0 Thread added: 0x000001fbdd930dc0
Event: 34.978 Thread 0x000001fbdd930dc0 Thread added: 0x000001fbdd9348d0
Event: 34.979 Thread 0x000001fbdd930dc0 Thread added: 0x000001fbdd931ae0
Event: 34.981 Thread 0x000001fbdd931ae0 Thread added: 0x000001fbdd932e90
Event: 35.065 Thread 0x000001fbdd1667f0 Thread added: 0x000001fbdd933520
Event: 35.066 Thread 0x000001fbdd1667f0 Thread added: 0x000001fbdd932170


Dynamic libraries:
0x00007ff67cb80000 - 0x00007ff67cb8e000 	c:\Users\navindu\.vscode\extensions\redhat.java-1.43.1-win32-x64\jre\21.0.7-win32-x86_64\bin\java.exe
0x00007ffbcfbf0000 - 0x00007ffbcfe07000 	C:\WINDOWS\SYSTEM32\ntdll.dll
0x00007ffbcf030000 - 0x00007ffbcf0f4000 	C:\WINDOWS\System32\KERNEL32.DLL
0x00007ffbcd2a0000 - 0x00007ffbcd672000 	C:\WINDOWS\System32\KERNELBASE.dll
0x00007ffbccfe0000 - 0x00007ffbcd0f1000 	C:\WINDOWS\System32\ucrtbase.dll
0x00007ffbb8310000 - 0x00007ffbb832e000 	c:\Users\navindu\.vscode\extensions\redhat.java-1.43.1-win32-x64\jre\21.0.7-win32-x86_64\bin\VCRUNTIME140.dll
0x00007ffbb7530000 - 0x00007ffbb7548000 	c:\Users\navindu\.vscode\extensions\redhat.java-1.43.1-win32-x64\jre\21.0.7-win32-x86_64\bin\jli.dll
0x00007ffbcf7e0000 - 0x00007ffbcf991000 	C:\WINDOWS\System32\USER32.dll
0x00007ffbb3ca0000 - 0x00007ffbb3f3b000 	C:\WINDOWS\WinSxS\amd64_microsoft.windows.common-controls_6595b64144ccf1df_6.0.22621.5415_none_270d77d17387d7da\COMCTL32.dll
0x00007ffbcd100000 - 0x00007ffbcd126000 	C:\WINDOWS\System32\win32u.dll
0x00007ffbcded0000 - 0x00007ffbcdef9000 	C:\WINDOWS\System32\GDI32.dll
0x00007ffbcd920000 - 0x00007ffbcd9c7000 	C:\WINDOWS\System32\msvcrt.dll
0x00007ffbcce00000 - 0x00007ffbccf23000 	C:\WINDOWS\System32\gdi32full.dll
0x00007ffbccce0000 - 0x00007ffbccd7a000 	C:\WINDOWS\System32\msvcp_win.dll
0x00007ffbcee20000 - 0x00007ffbcee51000 	C:\WINDOWS\System32\IMM32.DLL
0x00007ffbc6930000 - 0x00007ffbc693c000 	c:\Users\navindu\.vscode\extensions\redhat.java-1.43.1-win32-x64\jre\21.0.7-win32-x86_64\bin\vcruntime140_1.dll
0x00007ffb88210000 - 0x00007ffb8829d000 	c:\Users\navindu\.vscode\extensions\redhat.java-1.43.1-win32-x64\jre\21.0.7-win32-x86_64\bin\msvcp140.dll
0x00007ffb62ce0000 - 0x00007ffb63a70000 	c:\Users\navindu\.vscode\extensions\redhat.java-1.43.1-win32-x64\jre\21.0.7-win32-x86_64\bin\server\jvm.dll
0x00007ffbcf100000 - 0x00007ffbcf1b1000 	C:\WINDOWS\System32\ADVAPI32.dll
0x00007ffbcd9d0000 - 0x00007ffbcda78000 	C:\WINDOWS\System32\sechost.dll
0x00007ffbccfb0000 - 0x00007ffbccfd8000 	C:\WINDOWS\System32\bcrypt.dll
0x00007ffbcf6c0000 - 0x00007ffbcf7d4000 	C:\WINDOWS\System32\RPCRT4.dll
0x00007ffbcf640000 - 0x00007ffbcf6b1000 	C:\WINDOWS\System32\WS2_32.dll
0x00007ffbbdb10000 - 0x00007ffbbdb44000 	C:\WINDOWS\SYSTEM32\WINMM.dll
0x00007ffbcca00000 - 0x00007ffbcca4d000 	C:\WINDOWS\SYSTEM32\POWRPROF.dll
0x00007ffbc6e00000 - 0x00007ffbc6e0a000 	C:\WINDOWS\SYSTEM32\VERSION.dll
0x00007ffbcc9e0000 - 0x00007ffbcc9f3000 	C:\WINDOWS\SYSTEM32\UMPDC.dll
0x00007ffbcbcd0000 - 0x00007ffbcbce8000 	C:\WINDOWS\SYSTEM32\kernel.appcore.dll
0x00007ffbb8f10000 - 0x00007ffbb8f1a000 	c:\Users\navindu\.vscode\extensions\redhat.java-1.43.1-win32-x64\jre\21.0.7-win32-x86_64\bin\jimage.dll
0x00007ffbca6e0000 - 0x00007ffbca913000 	C:\WINDOWS\SYSTEM32\DBGHELP.DLL
0x00007ffbcda90000 - 0x00007ffbcde23000 	C:\WINDOWS\System32\combase.dll
0x00007ffbcf1d0000 - 0x00007ffbcf2a7000 	C:\WINDOWS\System32\OLEAUT32.dll
0x00007ffbc94f0000 - 0x00007ffbc9522000 	C:\WINDOWS\SYSTEM32\dbgcore.DLL
0x00007ffbccd80000 - 0x00007ffbccdfb000 	C:\WINDOWS\System32\bcryptPrimitives.dll
0x00007ffbb8d80000 - 0x00007ffbb8d8f000 	c:\Users\navindu\.vscode\extensions\redhat.java-1.43.1-win32-x64\jre\21.0.7-win32-x86_64\bin\instrument.dll
0x00007ffbb5a80000 - 0x00007ffbb5a9f000 	c:\Users\navindu\.vscode\extensions\redhat.java-1.43.1-win32-x64\jre\21.0.7-win32-x86_64\bin\java.dll
0x00007ffbce3d0000 - 0x00007ffbcec72000 	C:\WINDOWS\System32\SHELL32.dll
0x00007ffbcd680000 - 0x00007ffbcd7bf000 	C:\WINDOWS\System32\wintypes.dll
0x00007ffbcabc0000 - 0x00007ffbcb4de000 	C:\WINDOWS\SYSTEM32\windows.storage.dll
0x00007ffbcf2b0000 - 0x00007ffbcf3bb000 	C:\WINDOWS\System32\SHCORE.dll
0x00007ffbcf470000 - 0x00007ffbcf4d9000 	C:\WINDOWS\System32\shlwapi.dll
0x00007ffbccc10000 - 0x00007ffbccc3b000 	C:\WINDOWS\SYSTEM32\profapi.dll
0x00007ffbb5810000 - 0x00007ffbb5828000 	c:\Users\navindu\.vscode\extensions\redhat.java-1.43.1-win32-x64\jre\21.0.7-win32-x86_64\bin\zip.dll
0x00007ffbb8cc0000 - 0x00007ffbb8cd0000 	C:\Users\navindu\.vscode\extensions\redhat.java-1.43.1-win32-x64\jre\21.0.7-win32-x86_64\bin\net.dll
0x00007ffbc3fd0000 - 0x00007ffbc40fc000 	C:\WINDOWS\SYSTEM32\WINHTTP.dll
0x00007ffbcc140000 - 0x00007ffbcc1a9000 	C:\WINDOWS\system32\mswsock.dll
0x00007ffbb57f0000 - 0x00007ffbb5806000 	C:\Users\navindu\.vscode\extensions\redhat.java-1.43.1-win32-x64\jre\21.0.7-win32-x86_64\bin\nio.dll
0x00007ffbb80f0000 - 0x00007ffbb8100000 	c:\Users\navindu\.vscode\extensions\redhat.java-1.43.1-win32-x64\jre\21.0.7-win32-x86_64\bin\verify.dll
0x00007ffb88120000 - 0x00007ffb88165000 	C:\Users\navindu\AppData\Roaming\Code\User\globalStorage\redhat.java\1.43.1\config_win\org.eclipse.equinox.launcher\org.eclipse.equinox.launcher.win32.win32.x86_64_1.2.1300.v20250331-1702\eclipse_11911.dll
0x00007ffbcec80000 - 0x00007ffbcee20000 	C:\WINDOWS\System32\ole32.dll
0x00007ffbcc380000 - 0x00007ffbcc39b000 	C:\WINDOWS\SYSTEM32\CRYPTSP.dll
0x00007ffbcbc30000 - 0x00007ffbcbc67000 	C:\WINDOWS\system32\rsaenh.dll
0x00007ffbcc1f0000 - 0x00007ffbcc218000 	C:\WINDOWS\SYSTEM32\USERENV.dll
0x00007ffbcc370000 - 0x00007ffbcc37c000 	C:\WINDOWS\SYSTEM32\CRYPTBASE.dll
0x00007ffbcb740000 - 0x00007ffbcb76d000 	C:\WINDOWS\SYSTEM32\IPHLPAPI.DLL
0x00007ffbcda80000 - 0x00007ffbcda89000 	C:\WINDOWS\System32\NSI.dll
0x00007ffb87620000 - 0x00007ffb87669000 	C:\Users\navindu\AppData\Local\Temp\jna-1730397209\jna13859559249047752802.dll
0x00007ffbcf1c0000 - 0x00007ffbcf1c8000 	C:\WINDOWS\System32\PSAPI.DLL
0x00007ffbc4560000 - 0x00007ffbc4579000 	C:\WINDOWS\SYSTEM32\dhcpcsvc6.DLL
0x00007ffbc3af0000 - 0x00007ffbc3b0f000 	C:\WINDOWS\SYSTEM32\dhcpcsvc.DLL

dbghelp: loaded successfully - version: 4.0.5 - missing functions: none
symbol engine: initialized successfully - sym options: 0x614 - pdb path: .;c:\Users\navindu\.vscode\extensions\redhat.java-1.43.1-win32-x64\jre\21.0.7-win32-x86_64\bin;C:\WINDOWS\SYSTEM32;C:\WINDOWS\WinSxS\amd64_microsoft.windows.common-controls_6595b64144ccf1df_6.0.22621.5415_none_270d77d17387d7da;c:\Users\navindu\.vscode\extensions\redhat.java-1.43.1-win32-x64\jre\21.0.7-win32-x86_64\bin\server;C:\Users\navindu\AppData\Roaming\Code\User\globalStorage\redhat.java\1.43.1\config_win\org.eclipse.equinox.launcher\org.eclipse.equinox.launcher.win32.win32.x86_64_1.2.1300.v20250331-1702;C:\Users\navindu\AppData\Local\Temp\jna-1730397209

VM Arguments:
jvm_args: --add-modules=ALL-SYSTEM --add-opens=java.base/java.util=ALL-UNNAMED --add-opens=java.base/java.lang=ALL-UNNAMED --add-opens=java.base/sun.nio.fs=ALL-UNNAMED -Declipse.application=org.eclipse.jdt.ls.core.id1 -Dosgi.bundles.defaultStartLevel=4 -Declipse.product=org.eclipse.jdt.ls.core.product -Djava.import.generatesMetadataFilesAtProjectRoot=false -DDetectVMInstallationsJob.disabled=true -Dfile.encoding=utf8 -XX:+UseParallelGC -XX:GCTimeRatio=4 -XX:AdaptiveSizePolicyWeight=90 -Dsun.zip.disableMemoryMapping=true -Xmx2G -Xms100m -Xlog:disable -javaagent:c:\Users\navindu\.vscode\extensions\redhat.java-1.43.1-win32-x64\lombok\lombok-1.18.39-4050.jar -XX:+HeapDumpOnOutOfMemoryError -XX:HeapDumpPath=c:\Users\navindu\AppData\Roaming\Code\User\workspaceStorage\935ea08e3a07c008de49f0b09361651e\redhat.java -Daether.dependencyCollector.impl=bf 
java_command: c:\Users\navindu\.vscode\extensions\redhat.java-1.43.1-win32-x64\server\plugins\org.eclipse.equinox.launcher_1.7.0.v20250519-0528.jar -configuration c:\Users\navindu\AppData\Roaming\Code\User\globalStorage\redhat.java\1.43.1\config_win -data c:\Users\navindu\AppData\Roaming\Code\User\workspaceStorage\935ea08e3a07c008de49f0b09361651e\redhat.java\jdt_ws --pipe=\\.\pipe\lsp-c263d4f960af53e990ac08bc73261196-sock
java_class_path (initial): c:\Users\navindu\.vscode\extensions\redhat.java-1.43.1-win32-x64\server\plugins\org.eclipse.equinox.launcher_1.7.0.v20250519-0528.jar
Launcher Type: SUN_STANDARD

[Global flags]
    uintx AdaptiveSizePolicyWeight                 = 90                                        {product} {command line}
     intx CICompilerCount                          = 3                                         {product} {ergonomic}
    uintx GCTimeRatio                              = 4                                         {product} {command line}
     bool HeapDumpOnOutOfMemoryError               = true                                   {manageable} {command line}
    ccstr HeapDumpPath                             = c:\Users\navindu\AppData\Roaming\Code\User\workspaceStorage\935ea08e3a07c008de49f0b09361651e\redhat.java         {manageable} {command line}
   size_t InitialHeapSize                          = 104857600                                 {product} {command line}
   size_t MaxHeapSize                              = 2147483648                                {product} {command line}
   size_t MaxNewSize                               = 715653120                                 {product} {ergonomic}
   size_t MinHeapDeltaBytes                        = 524288                                    {product} {ergonomic}
   size_t MinHeapSize                              = 104857600                                 {product} {command line}
   size_t NewSize                                  = 34603008                                  {product} {ergonomic}
    uintx NonNMethodCodeHeapSize                   = 5832780                                {pd product} {ergonomic}
    uintx NonProfiledCodeHeapSize                  = 122912730                              {pd product} {ergonomic}
   size_t OldSize                                  = 70254592                                  {product} {ergonomic}
    uintx ProfiledCodeHeapSize                     = 122912730                              {pd product} {ergonomic}
    uintx ReservedCodeCacheSize                    = 251658240                              {pd product} {ergonomic}
     bool SegmentedCodeCache                       = true                                      {product} {ergonomic}
   size_t SoftMaxHeapSize                          = 2147483648                             {manageable} {ergonomic}
     bool UseCompressedOops                        = true                           {product lp64_product} {ergonomic}
     bool UseLargePagesIndividualAllocation        = false                                  {pd product} {ergonomic}
     bool UseParallelGC                            = true                                      {product} {command line}

Logging:
Log output configuration:
 #0: stdout all=off uptime,level,tags foldmultilines=false
 #1: stderr all=off uptime,level,tags foldmultilines=false

Environment Variables:
PATH=C:\python\Scripts\;C:\python\;C:\Program Files\Common Files\Oracle\Java\javapath;C:\PHP\;C:\TDM-GCC-64\bin;C:\Program Files (x86)\Common Files\Oracle\Java\javapath;C:\WINDOWS;C:\WINDOWS\System32\Wbem;C:\WINDOWS\System32\WindowsPowerShell\v1.0\;C:\WINDOWS\System32\OpenSSH\;C:\Program Files\Git\cmd;C:\MinGW\bin;C:\Program Files (x86)\Apache Software Foundation\Apache2.2\bin;C:\Program Files\Microsoft VS Code\bin;C:\Windows\System32;C:\Program Files\nodejs\;C:\ProgramData\chocolatey\bin;C:\Users\navindu\AppData\Local\Programs\Python\Python313\Scripts\;C:\Users\navindu\AppData\Local\Programs\Python\Python313\;C:\Users\navindu\AppData\Local\Programs\Python\Launcher\;C:\Users\navindu\AppData\Local\Microsoft\WindowsApps;C:\msys64\mingw64\bin;C:\Program Files\JetBrains\IntelliJ IDEA Community Edition 2024.2.1\bin;;C:\python\Python.exe;C:\Users\navindu\AppData\Local\ComposerSetup\bin;C:\Users\navindu\AppData\Roaming\Composer\vendor\bin;C:\Users\navindu\AppData\Roaming\npm
USERNAME=navindu
OS=Windows_NT
PROCESSOR_IDENTIFIER=Intel64 Family 6 Model 140 Stepping 1, GenuineIntel
TMP=C:\Users\navindu\AppData\Local\Temp
TEMP=C:\Users\navindu\AppData\Local\Temp




Periodic native trim disabled

---------------  S Y S T E M  ---------------

OS:
 Windows 11 , 64 bit Build 22621 (10.0.22621.5415)
OS uptime: 0 days 6:56 hours
Hyper-V role detected

CPU: total 4 (initial active 4) (2 cores per cpu, 2 threads per core) family 6 model 140 stepping 1 microcode 0xa6, cx8, cmov, fxsr, ht, mmx, 3dnowpref, sse, sse2, sse3, ssse3, sse4.1, sse4.2, popcnt, lzcnt, tsc, tscinvbit, avx, avx2, aes, erms, clmul, bmi1, bmi2, adx, avx512f, avx512dq, avx512cd, avx512bw, avx512vl, sha, fma, vzeroupper, avx512_vpopcntdq, avx512_vpclmulqdq, avx512_vaes, avx512_vnni, clflush, clflushopt, clwb, avx512_vbmi2, avx512_vbmi, hv, rdtscp, rdpid, fsrm, gfni, avx512_bitalg, f16c, cet_ibt, cet_ss, avx512_ifma
Processor Information for the first 4 processors :
  Max Mhz: 2995, Current Mhz: 2995, Mhz Limit: 2995

Memory: 4k page, system-wide physical 3790M (14M free)
TotalPageFile size 15566M (AvailPageFile size 3M)
current process WorkingSet (physical memory assigned to process): 235M, peak: 235M
current process commit charge ("private bytes"): 347M, peak: 1623M

vm_info: OpenJDK 64-Bit Server VM (21.0.7+6-LTS) for windows-amd64 JRE (21.0.7+6-LTS), built on 2025-04-15T00:00:00Z by "admin" with MS VC++ 17.7 (VS2022)

END.
