#
# There is insufficient memory for the Java Runtime Environment to continue.
# Native memory allocation (malloc) failed to allocate 734976 bytes. Error detail: Chunk::new
# Possible reasons:
#   The system is out of physical RAM or swap space
#   This process is running with CompressedOops enabled, and the Java Heap may be blocking the growth of the native heap
# Possible solutions:
#   Reduce memory load on the system
#   Increase physical memory or swap space
#   Check if swap backing store is full
#   Decrease Java heap size (-Xmx/-Xms)
#   Decrease number of Java threads
#   Decrease Java thread stack sizes (-Xss)
#   Set larger code cache with -XX:ReservedCodeCacheSize=
#   JVM is running with Unscaled Compressed Oops mode in which the Java heap is
#     placed in the first 4GB address space. The Java Heap base address is the
#     maximum limit for the native heap growth. Please use -XX:HeapBaseMinAddress
#     to set the Java Heap base and to place the Java Heap above 4GB virtual address.
# This output file may be truncated or incomplete.
#
#  Out of Memory Error (arena.cpp:168), pid=14896, tid=976
#
# JRE version: OpenJDK Runtime Environment Temurin-21.0.7+6 (21.0.7+6) (build 21.0.7+6-LTS)
# Java VM: OpenJDK 64-Bit Server VM Temurin-21.0.7+6 (21.0.7+6-LTS, mixed mode, sharing, tiered, compressed oops, compressed class ptrs, parallel gc, windows-amd64)
# No core dump will be written. Minidumps are not enabled by default on client versions of Windows
#

---------------  S U M M A R Y ------------

Command Line: --add-modules=ALL-SYSTEM --add-opens=java.base/java.util=ALL-UNNAMED --add-opens=java.base/java.lang=ALL-UNNAMED --add-opens=java.base/sun.nio.fs=ALL-UNNAMED -Declipse.application=org.eclipse.jdt.ls.core.id1 -Dosgi.bundles.defaultStartLevel=4 -Declipse.product=org.eclipse.jdt.ls.core.product -Djava.import.generatesMetadataFilesAtProjectRoot=false -DDetectVMInstallationsJob.disabled=true -Dfile.encoding=utf8 -XX:+UseParallelGC -XX:GCTimeRatio=4 -XX:AdaptiveSizePolicyWeight=90 -Dsun.zip.disableMemoryMapping=true -Xmx2G -Xms100m -Xlog:disable -javaagent:c:\Users\navindu\.vscode\extensions\redhat.java-1.43.1-win32-x64\lombok\lombok-1.18.39-4050.jar -XX:+HeapDumpOnOutOfMemoryError -XX:HeapDumpPath=c:\Users\navindu\AppData\Roaming\Code\User\workspaceStorage\935ea08e3a07c008de49f0b09361651e\redhat.java -Daether.dependencyCollector.impl=bf c:\Users\navindu\.vscode\extensions\redhat.java-1.43.1-win32-x64\server\plugins\org.eclipse.equinox.launcher_1.7.0.v20250519-0528.jar -configuration c:\Users\navindu\AppData\Roaming\Code\User\globalStorage\redhat.java\1.43.1\config_win -data c:\Users\navindu\AppData\Roaming\Code\User\workspaceStorage\935ea08e3a07c008de49f0b09361651e\redhat.java\jdt_ws --pipe=\\.\pipe\lsp-9d7bd9bec1fe47dc72134894f393f58f-sock

Host: 11th Gen Intel(R) Core(TM) i3-1115G4 @ 3.00GHz, 4 cores, 3G,  Windows 11 , 64 bit Build 22621 (10.0.22621.5415)
Time: Fri Jul 18 22:43:58 2025 Sri Lanka Standard Time elapsed time: 8.138664 seconds (0d 0h 0m 8s)

---------------  T H R E A D  ---------------

Current thread (0x0000017bf04a8070):  JavaThread "C2 CompilerThread0" daemon [_thread_in_native, id=976, stack(0x0000005939200000,0x0000005939300000) (1024K)]


Current CompileTask:
C2:8138 4280       4       org.lombokweb.asm.ClassReader::readMethod (1070 bytes)

Stack: [0x0000005939200000,0x0000005939300000]
Native frames: (J=compiled Java code, j=interpreted, Vv=VM code, C=native code)
V  [jvm.dll+0x6ce119]
V  [jvm.dll+0x8a84a1]
V  [jvm.dll+0x8aa9ce]
V  [jvm.dll+0x8ab0b3]
V  [jvm.dll+0x27f8a6]
V  [jvm.dll+0xc507d]
V  [jvm.dll+0xc55b3]
V  [jvm.dll+0x2f2c6d]
V  [jvm.dll+0x5f6bca]
V  [jvm.dll+0x250cb2]
V  [jvm.dll+0x25106f]
V  [jvm.dll+0x249934]
V  [jvm.dll+0x246fc4]
V  [jvm.dll+0x1c760e]
V  [jvm.dll+0x25695a]
V  [jvm.dll+0x254efa]
V  [jvm.dll+0x3f03f6]
V  [jvm.dll+0x851f6b]
V  [jvm.dll+0x6cc7dd]
C  [ucrtbase.dll+0x29333]
C  [KERNEL32.DLL+0x1259d]
C  [ntdll.dll+0x5af78]


---------------  P R O C E S S  ---------------

Threads class SMR info:
_java_thread_list=0x0000017bf6310880, length=22, elements={
0x0000017bd9ac3db0, 0x0000017bf049c310, 0x0000017bf049d2e0, 0x0000017bf049fd20,
0x0000017bf04a1980, 0x0000017bf04a25d0, 0x0000017bf04a3220, 0x0000017bf04a8070,
0x0000017bf0518b50, 0x0000017bf115c1a0, 0x0000017bf138df20, 0x0000017bf18cc5f0,
0x0000017bf15b7280, 0x0000017bf1a9fde0, 0x0000017bf1aa0810, 0x0000017bf1a92880,
0x0000017bf1846920, 0x0000017bf1aa94d0, 0x0000017bf1aaaf10, 0x0000017bf1aabc30,
0x0000017bf1aa87b0, 0x0000017bf1aa8e40
}

Java Threads: ( => current thread )
  0x0000017bd9ac3db0 JavaThread "main"                              [_thread_blocked, id=3944, stack(0x0000005938700000,0x0000005938800000) (1024K)]
  0x0000017bf049c310 JavaThread "Reference Handler"          daemon [_thread_blocked, id=1680, stack(0x0000005938c00000,0x0000005938d00000) (1024K)]
  0x0000017bf049d2e0 JavaThread "Finalizer"                  daemon [_thread_blocked, id=14992, stack(0x0000005938d00000,0x0000005938e00000) (1024K)]
  0x0000017bf049fd20 JavaThread "Signal Dispatcher"          daemon [_thread_blocked, id=6996, stack(0x0000005938e00000,0x0000005938f00000) (1024K)]
  0x0000017bf04a1980 JavaThread "Attach Listener"            daemon [_thread_blocked, id=10344, stack(0x0000005938f00000,0x0000005939000000) (1024K)]
  0x0000017bf04a25d0 JavaThread "Service Thread"             daemon [_thread_blocked, id=13836, stack(0x0000005939000000,0x0000005939100000) (1024K)]
  0x0000017bf04a3220 JavaThread "Monitor Deflation Thread"   daemon [_thread_blocked, id=5572, stack(0x0000005939100000,0x0000005939200000) (1024K)]
=>0x0000017bf04a8070 JavaThread "C2 CompilerThread0"         daemon [_thread_in_native, id=976, stack(0x0000005939200000,0x0000005939300000) (1024K)]
  0x0000017bf0518b50 JavaThread "C1 CompilerThread0"         daemon [_thread_blocked, id=11972, stack(0x0000005939300000,0x0000005939400000) (1024K)]
  0x0000017bf115c1a0 JavaThread "Common-Cleaner"             daemon [_thread_blocked, id=14976, stack(0x0000005939400000,0x0000005939500000) (1024K)]
  0x0000017bf138df20 JavaThread "Notification Thread"        daemon [_thread_blocked, id=14576, stack(0x0000005939500000,0x0000005939600000) (1024K)]
  0x0000017bf18cc5f0 JavaThread "Active Thread: Equinox Container: 49fb938f-f90f-4001-9286-272103fad55e"        [_thread_blocked, id=14292, stack(0x0000005939900000,0x0000005939a00000) (1024K)]
  0x0000017bf15b7280 JavaThread "Refresh Thread: Equinox Container: 49fb938f-f90f-4001-9286-272103fad55e" daemon [_thread_blocked, id=11760, stack(0x0000005939a00000,0x0000005939b00000) (1024K)]
  0x0000017bf1a9fde0 JavaThread "Framework Event Dispatcher: Equinox Container: 49fb938f-f90f-4001-9286-272103fad55e" daemon [_thread_blocked, id=1812, stack(0x0000005939b00000,0x0000005939c00000) (1024K)]
  0x0000017bf1aa0810 JavaThread "Start Level: Equinox Container: 49fb938f-f90f-4001-9286-272103fad55e" daemon [_thread_in_vm, id=3996, stack(0x0000005939c00000,0x0000005939d00000) (1024K)]
  0x0000017bf1a92880 JavaThread "Bundle File Closer"         daemon [_thread_blocked, id=11032, stack(0x0000005939d00000,0x0000005939e00000) (1024K)]
  0x0000017bf1846920 JavaThread "SCR Component Actor"        daemon [_thread_blocked, id=7496, stack(0x0000005939e00000,0x0000005939f00000) (1024K)]
  0x0000017bf1aa94d0 JavaThread "SCR Component Registry"     daemon [_thread_blocked, id=14552, stack(0x0000005939f00000,0x000000593a000000) (1024K)]
  0x0000017bf1aaaf10 JavaThread "Worker-JM"                         [_thread_blocked, id=1736, stack(0x000000593a000000,0x000000593a100000) (1024K)]
  0x0000017bf1aabc30 JavaThread "JNA Cleaner"                daemon [_thread_blocked, id=13236, stack(0x000000593a100000,0x000000593a200000) (1024K)]
  0x0000017bf1aa87b0 JavaThread "Worker-0"                          [_thread_blocked, id=8656, stack(0x000000593a200000,0x000000593a300000) (1024K)]
  0x0000017bf1aa8e40 JavaThread "Worker-1"                          [_thread_blocked, id=7352, stack(0x000000593a300000,0x000000593a400000) (1024K)]
Total: 22

Other Threads:
  0x0000017bf047f800 VMThread "VM Thread"                           [id=11304, stack(0x0000005938b00000,0x0000005938c00000) (1024K)]
  0x0000017bd9b2f630 WatcherThread "VM Periodic Task Thread"        [id=5908, stack(0x0000005938a00000,0x0000005938b00000) (1024K)]
  0x0000017bd9ae11b0 WorkerThread "GC Thread#0"                     [id=12956, stack(0x0000005938900000,0x0000005938a00000) (1024K)]
  0x0000017bf1709ca0 WorkerThread "GC Thread#1"                     [id=12312, stack(0x0000005939600000,0x0000005939700000) (1024K)]
  0x0000017bf17100d0 WorkerThread "GC Thread#2"                     [id=10452, stack(0x0000005939700000,0x0000005939800000) (1024K)]
  0x0000017bf16cf330 WorkerThread "GC Thread#3"                     [id=5980, stack(0x0000005939800000,0x0000005939900000) (1024K)]
Total: 6

Threads with active compile tasks:
C2 CompilerThread0  8151 4280       4       org.lombokweb.asm.ClassReader::readMethod (1070 bytes)
Total: 1

VM state: not at safepoint (normal execution)

VM Mutex/Monitor currently owned by a thread: None

Heap address: 0x0000000080000000, size: 2048 MB, Compressed Oops mode: 32-bit

CDS archive(s) mapped at: [0x0000017b80000000-0x0000017b80ba0000-0x0000017b80ba0000), size 12189696, SharedBaseAddress: 0x0000017b80000000, ArchiveRelocationMode: 1.
Compressed class space mapped at: 0x0000017b81000000-0x0000017bc1000000, reserved size: 1073741824
Narrow klass base: 0x0000017b80000000, Narrow klass shift: 0, Narrow klass range: 0x100000000

GC Precious Log:
 CardTable entry size: 512
 CPUs: 4 total, 4 available
 Memory: 3790M
 Large Page Support: Disabled
 NUMA Support: Disabled
 Compressed Oops: Enabled (32-bit)
 Alignments: Space 512K, Generation 512K, Heap 2M
 Heap Min Capacity: 100M
 Heap Initial Capacity: 100M
 Heap Max Capacity: 2G
 Pre-touch: Disabled
 Parallel Workers: 4

Heap:
 PSYoungGen      total 26112K, used 20323K [0x00000000d5580000, 0x00000000d7380000, 0x0000000100000000)
  eden space 23552K, 81% used [0x00000000d5580000,0x00000000d6840840,0x00000000d6c80000)
  from space 2560K, 43% used [0x00000000d6f80000,0x00000000d7098520,0x00000000d7200000)
  to   space 1536K, 0% used [0x00000000d7200000,0x00000000d7200000,0x00000000d7380000)
 ParOldGen       total 68608K, used 12723K [0x0000000080000000, 0x0000000084300000, 0x00000000d5580000)
  object space 68608K, 18% used [0x0000000080000000,0x0000000080c6cff0,0x0000000084300000)
 Metaspace       used 27155K, committed 28096K, reserved 1114112K
  class space    used 2610K, committed 3072K, reserved 1048576K

Card table byte_map: [0x0000017bd9490000,0x0000017bd98a0000] _byte_map_base: 0x0000017bd9090000

Marking Bits: (ParMarkBitMap*) 0x00007ffb639931f0
 Begin Bits: [0x0000017bebf60000, 0x0000017bedf60000)
 End Bits:   [0x0000017bedf60000, 0x0000017beff60000)

Polling page: 0x0000017bd9280000

Metaspace:

Usage:
  Non-class:     23.97 MB used.
      Class:      2.55 MB used.
       Both:     26.52 MB used.

Virtual space:
  Non-class space:       64.00 MB reserved,      24.44 MB ( 38%) committed,  1 nodes.
      Class space:        1.00 GB reserved,       3.00 MB ( <1%) committed,  1 nodes.
             Both:        1.06 GB reserved,      27.44 MB (  3%) committed. 

Chunk freelists:
   Non-Class:  6.95 MB
       Class:  13.06 MB
        Both:  20.01 MB

MaxMetaspaceSize: unlimited
CompressedClassSpaceSize: 1.00 GB
Initial GC threshold: 21.00 MB
Current GC threshold: 35.00 MB
CDS: on
 - commit_granule_bytes: 65536.
 - commit_granule_words: 8192.
 - virtual_space_node_default_size: 8388608.
 - enlarge_chunks_in_place: 1.
 - use_allocation_guard: 0.


Internal statistics:

num_allocs_failed_limit: 3.
num_arena_births: 810.
num_arena_deaths: 14.
num_vsnodes_births: 2.
num_vsnodes_deaths: 0.
num_space_committed: 439.
num_space_uncommitted: 0.
num_chunks_returned_to_freelist: 17.
num_chunks_taken_from_freelist: 1923.
num_chunk_merges: 7.
num_chunk_splits: 1234.
num_chunks_enlarged: 757.
num_inconsistent_stats: 0.

CodeHeap 'non-profiled nmethods': size=120000Kb used=1927Kb max_used=1927Kb free=118072Kb
 bounds [0x0000017be4780000, 0x0000017be49f0000, 0x0000017bebcb0000]
CodeHeap 'profiled nmethods': size=120000Kb used=9037Kb max_used=9037Kb free=110962Kb
 bounds [0x0000017bdccb0000, 0x0000017bdd590000, 0x0000017be41e0000]
CodeHeap 'non-nmethods': size=5760Kb used=1338Kb max_used=1361Kb free=4421Kb
 bounds [0x0000017be41e0000, 0x0000017be4450000, 0x0000017be4780000]
 total_blobs=4907 nmethods=4288 adapters=525
 compilation: enabled
              stopped_count=0, restarted_count=0
 full_count=0

Compilation events (20 events):
Event: 8.063 Thread 0x0000017bf04a8070 nmethod 4278 0x0000017be4961610 code [0x0000017be49617c0, 0x0000017be4961cc8]
Event: 8.063 Thread 0x0000017bf04a8070 4280       4       org.lombokweb.asm.ClassReader::readMethod (1070 bytes)
Event: 8.074 Thread 0x0000017bf0518b50 4281       3       org.lombokweb.asm.MethodVisitor::visitTypeInsn (17 bytes)
Event: 8.074 Thread 0x0000017bf0518b50 nmethod 4281 0x0000017bdd579890 code [0x0000017bdd579a40, 0x0000017bdd579c48]
Event: 8.090 Thread 0x0000017bf0518b50 4282       3       org.eclipse.osgi.internal.hookregistry.ClassLoaderHook::preFindLocalResource (1 bytes)
Event: 8.090 Thread 0x0000017bf0518b50 nmethod 4282 0x0000017bdd579d10 code [0x0000017bdd579ea0, 0x0000017bdd579fa8]
Event: 8.090 Thread 0x0000017bf0518b50 4283       3       org.eclipse.osgi.internal.hookregistry.ClassLoaderHook::postFindLocalResource (1 bytes)
Event: 8.090 Thread 0x0000017bf0518b50 nmethod 4283 0x0000017bdd57a010 code [0x0000017bdd57a1a0, 0x0000017bdd57a2a8]
Event: 8.105 Thread 0x0000017bf0518b50 4284 %     3       lombok.launch.PackageShader::apply @ 76 (252 bytes)
Event: 8.106 Thread 0x0000017bf0518b50 nmethod 4284% 0x0000017bdd57a390 code [0x0000017bdd57a600, 0x0000017bdd57b460]
Event: 8.108 Thread 0x0000017bf0518b50 4286       3       org.eclipse.osgi.internal.loader.sources.PackageSource::<init> (13 bytes)
Event: 8.109 Thread 0x0000017bf0518b50 nmethod 4286 0x0000017bdd57bc10 code [0x0000017bdd57bdc0, 0x0000017bdd57bf88]
Event: 8.109 Thread 0x0000017bf0518b50 4287       3       jdk.internal.jimage.ImageLocation::verify (218 bytes)
Event: 8.109 Thread 0x0000017bf0518b50 nmethod 4287 0x0000017bdd57c090 code [0x0000017bdd57c340, 0x0000017bdd57cfd8]
Event: 8.112 Thread 0x0000017bf0518b50 4288       3       lombok.launch.PackageShader::apply (252 bytes)
Event: 8.113 Thread 0x0000017bf0518b50 nmethod 4288 0x0000017bdd57d510 code [0x0000017bdd57d760, 0x0000017bdd57e210]
Event: 8.124 Thread 0x0000017bf0518b50 4289       3       java.io.File::getCanonicalPath (31 bytes)
Event: 8.125 Thread 0x0000017bf0518b50 nmethod 4289 0x0000017bdd57e810 code [0x0000017bdd57ea00, 0x0000017bdd57ecb8]
Event: 8.125 Thread 0x0000017bf0518b50 4290   !   3       java.io.WinNTFileSystem::canonicalize (199 bytes)
Event: 8.127 Thread 0x0000017bf0518b50 nmethod 4290 0x0000017bdd57ee10 code [0x0000017bdd57f400, 0x0000017bdd5824e8]

GC Heap History (20 events):
Event: 1.524 GC heap before
{Heap before GC invocations=1 (full 0):
 PSYoungGen      total 29696K, used 25600K [0x00000000d5580000, 0x00000000d7680000, 0x0000000100000000)
  eden space 25600K, 100% used [0x00000000d5580000,0x00000000d6e80000,0x00000000d6e80000)
  from space 4096K, 0% used [0x00000000d7280000,0x00000000d7280000,0x00000000d7680000)
  to   space 4096K, 0% used [0x00000000d6e80000,0x00000000d6e80000,0x00000000d7280000)
 ParOldGen       total 68608K, used 0K [0x0000000080000000, 0x0000000084300000, 0x00000000d5580000)
  object space 68608K, 0% used [0x0000000080000000,0x0000000080000000,0x0000000084300000)
 Metaspace       used 4308K, committed 4608K, reserved 1114112K
  class space    used 457K, committed 576K, reserved 1048576K
}
Event: 1.540 GC heap after
{Heap after GC invocations=1 (full 0):
 PSYoungGen      total 29696K, used 3343K [0x00000000d5580000, 0x00000000d7680000, 0x0000000100000000)
  eden space 25600K, 0% used [0x00000000d5580000,0x00000000d5580000,0x00000000d6e80000)
  from space 4096K, 81% used [0x00000000d6e80000,0x00000000d71c3f18,0x00000000d7280000)
  to   space 4096K, 0% used [0x00000000d7280000,0x00000000d7280000,0x00000000d7680000)
 ParOldGen       total 68608K, used 0K [0x0000000080000000, 0x0000000084300000, 0x00000000d5580000)
  object space 68608K, 0% used [0x0000000080000000,0x0000000080000000,0x0000000084300000)
 Metaspace       used 4308K, committed 4608K, reserved 1114112K
  class space    used 457K, committed 576K, reserved 1048576K
}
Event: 2.320 GC heap before
{Heap before GC invocations=2 (full 0):
 PSYoungGen      total 29696K, used 28943K [0x00000000d5580000, 0x00000000d7680000, 0x0000000100000000)
  eden space 25600K, 100% used [0x00000000d5580000,0x00000000d6e80000,0x00000000d6e80000)
  from space 4096K, 81% used [0x00000000d6e80000,0x00000000d71c3f18,0x00000000d7280000)
  to   space 4096K, 0% used [0x00000000d7280000,0x00000000d7280000,0x00000000d7680000)
 ParOldGen       total 68608K, used 0K [0x0000000080000000, 0x0000000084300000, 0x00000000d5580000)
  object space 68608K, 0% used [0x0000000080000000,0x0000000080000000,0x0000000084300000)
 Metaspace       used 7986K, committed 8320K, reserved 1114112K
  class space    used 805K, committed 960K, reserved 1048576K
}
Event: 2.330 GC heap after
{Heap after GC invocations=2 (full 0):
 PSYoungGen      total 29696K, used 4069K [0x00000000d5580000, 0x00000000d7680000, 0x0000000100000000)
  eden space 25600K, 0% used [0x00000000d5580000,0x00000000d5580000,0x00000000d6e80000)
  from space 4096K, 99% used [0x00000000d7280000,0x00000000d76795f0,0x00000000d7680000)
  to   space 4096K, 0% used [0x00000000d6e80000,0x00000000d6e80000,0x00000000d7280000)
 ParOldGen       total 68608K, used 1697K [0x0000000080000000, 0x0000000084300000, 0x00000000d5580000)
  object space 68608K, 2% used [0x0000000080000000,0x00000000801a8748,0x0000000084300000)
 Metaspace       used 7986K, committed 8320K, reserved 1114112K
  class space    used 805K, committed 960K, reserved 1048576K
}
Event: 2.851 GC heap before
{Heap before GC invocations=3 (full 0):
 PSYoungGen      total 29696K, used 29669K [0x00000000d5580000, 0x00000000d7680000, 0x0000000100000000)
  eden space 25600K, 100% used [0x00000000d5580000,0x00000000d6e80000,0x00000000d6e80000)
  from space 4096K, 99% used [0x00000000d7280000,0x00000000d76795f0,0x00000000d7680000)
  to   space 4096K, 0% used [0x00000000d6e80000,0x00000000d6e80000,0x00000000d7280000)
 ParOldGen       total 68608K, used 1697K [0x0000000080000000, 0x0000000084300000, 0x00000000d5580000)
  object space 68608K, 2% used [0x0000000080000000,0x00000000801a8748,0x0000000084300000)
 Metaspace       used 9295K, committed 9664K, reserved 1114112K
  class space    used 962K, committed 1152K, reserved 1048576K
}
Event: 2.864 GC heap after
{Heap after GC invocations=3 (full 0):
 PSYoungGen      total 29696K, used 4088K [0x00000000d5580000, 0x00000000d7680000, 0x0000000100000000)
  eden space 25600K, 0% used [0x00000000d5580000,0x00000000d5580000,0x00000000d6e80000)
  from space 4096K, 99% used [0x00000000d6e80000,0x00000000d727e3e0,0x00000000d7280000)
  to   space 4096K, 0% used [0x00000000d7280000,0x00000000d7280000,0x00000000d7680000)
 ParOldGen       total 68608K, used 5115K [0x0000000080000000, 0x0000000084300000, 0x00000000d5580000)
  object space 68608K, 7% used [0x0000000080000000,0x00000000804feed8,0x0000000084300000)
 Metaspace       used 9295K, committed 9664K, reserved 1114112K
  class space    used 962K, committed 1152K, reserved 1048576K
}
Event: 3.596 GC heap before
{Heap before GC invocations=4 (full 0):
 PSYoungGen      total 29696K, used 29688K [0x00000000d5580000, 0x00000000d7680000, 0x0000000100000000)
  eden space 25600K, 100% used [0x00000000d5580000,0x00000000d6e80000,0x00000000d6e80000)
  from space 4096K, 99% used [0x00000000d6e80000,0x00000000d727e3e0,0x00000000d7280000)
  to   space 4096K, 0% used [0x00000000d7280000,0x00000000d7280000,0x00000000d7680000)
 ParOldGen       total 68608K, used 5115K [0x0000000080000000, 0x0000000084300000, 0x00000000d5580000)
  object space 68608K, 7% used [0x0000000080000000,0x00000000804feed8,0x0000000084300000)
 Metaspace       used 12132K, committed 12608K, reserved 1114112K
  class space    used 1246K, committed 1472K, reserved 1048576K
}
Event: 3.609 GC heap after
{Heap after GC invocations=4 (full 0):
 PSYoungGen      total 29696K, used 4074K [0x00000000d5580000, 0x00000000d7680000, 0x0000000100000000)
  eden space 25600K, 0% used [0x00000000d5580000,0x00000000d5580000,0x00000000d6e80000)
  from space 4096K, 99% used [0x00000000d7280000,0x00000000d767ab48,0x00000000d7680000)
  to   space 4096K, 0% used [0x00000000d6e80000,0x00000000d6e80000,0x00000000d7280000)
 ParOldGen       total 68608K, used 6741K [0x0000000080000000, 0x0000000084300000, 0x00000000d5580000)
  object space 68608K, 9% used [0x0000000080000000,0x0000000080695538,0x0000000084300000)
 Metaspace       used 12132K, committed 12608K, reserved 1114112K
  class space    used 1246K, committed 1472K, reserved 1048576K
}
Event: 4.185 GC heap before
{Heap before GC invocations=5 (full 0):
 PSYoungGen      total 29696K, used 29674K [0x00000000d5580000, 0x00000000d7680000, 0x0000000100000000)
  eden space 25600K, 100% used [0x00000000d5580000,0x00000000d6e80000,0x00000000d6e80000)
  from space 4096K, 99% used [0x00000000d7280000,0x00000000d767ab48,0x00000000d7680000)
  to   space 4096K, 0% used [0x00000000d6e80000,0x00000000d6e80000,0x00000000d7280000)
 ParOldGen       total 68608K, used 6741K [0x0000000080000000, 0x0000000084300000, 0x00000000d5580000)
  object space 68608K, 9% used [0x0000000080000000,0x0000000080695538,0x0000000084300000)
 Metaspace       used 15460K, committed 16064K, reserved 1114112K
  class space    used 1542K, committed 1792K, reserved 1048576K
}
Event: 4.199 GC heap after
{Heap after GC invocations=5 (full 0):
 PSYoungGen      total 29184K, used 4072K [0x00000000d5580000, 0x00000000d7900000, 0x0000000100000000)
  eden space 25088K, 0% used [0x00000000d5580000,0x00000000d5580000,0x00000000d6e00000)
  from space 4096K, 99% used [0x00000000d6e80000,0x00000000d727a220,0x00000000d7280000)
  to   space 5632K, 0% used [0x00000000d7380000,0x00000000d7380000,0x00000000d7900000)
 ParOldGen       total 68608K, used 7844K [0x0000000080000000, 0x0000000084300000, 0x00000000d5580000)
  object space 68608K, 11% used [0x0000000080000000,0x00000000807a9178,0x0000000084300000)
 Metaspace       used 15460K, committed 16064K, reserved 1114112K
  class space    used 1542K, committed 1792K, reserved 1048576K
}
Event: 6.603 GC heap before
{Heap before GC invocations=6 (full 0):
 PSYoungGen      total 29184K, used 29160K [0x00000000d5580000, 0x00000000d7900000, 0x0000000100000000)
  eden space 25088K, 100% used [0x00000000d5580000,0x00000000d6e00000,0x00000000d6e00000)
  from space 4096K, 99% used [0x00000000d6e80000,0x00000000d727a220,0x00000000d7280000)
  to   space 5632K, 0% used [0x00000000d7380000,0x00000000d7380000,0x00000000d7900000)
 ParOldGen       total 68608K, used 7844K [0x0000000080000000, 0x0000000084300000, 0x00000000d5580000)
  object space 68608K, 11% used [0x0000000080000000,0x00000000807a9178,0x0000000084300000)
 Metaspace       used 18572K, committed 19392K, reserved 1114112K
  class space    used 1887K, committed 2240K, reserved 1048576K
}
Event: 6.611 GC heap after
{Heap after GC invocations=6 (full 0):
 PSYoungGen      total 29696K, used 4625K [0x00000000d5580000, 0x00000000d7880000, 0x0000000100000000)
  eden space 24576K, 0% used [0x00000000d5580000,0x00000000d5580000,0x00000000d6d80000)
  from space 5120K, 90% used [0x00000000d7380000,0x00000000d78045a0,0x00000000d7880000)
  to   space 5120K, 0% used [0x00000000d6e80000,0x00000000d6e80000,0x00000000d7380000)
 ParOldGen       total 68608K, used 7852K [0x0000000080000000, 0x0000000084300000, 0x00000000d5580000)
  object space 68608K, 11% used [0x0000000080000000,0x00000000807ab178,0x0000000084300000)
 Metaspace       used 18572K, committed 19392K, reserved 1114112K
  class space    used 1887K, committed 2240K, reserved 1048576K
}
Event: 6.992 GC heap before
{Heap before GC invocations=7 (full 0):
 PSYoungGen      total 29696K, used 23319K [0x00000000d5580000, 0x00000000d7880000, 0x0000000100000000)
  eden space 24576K, 76% used [0x00000000d5580000,0x00000000d67c17a8,0x00000000d6d80000)
  from space 5120K, 90% used [0x00000000d7380000,0x00000000d78045a0,0x00000000d7880000)
  to   space 5120K, 0% used [0x00000000d6e80000,0x00000000d6e80000,0x00000000d7380000)
 ParOldGen       total 68608K, used 7852K [0x0000000080000000, 0x0000000084300000, 0x00000000d5580000)
  object space 68608K, 11% used [0x0000000080000000,0x00000000807ab178,0x0000000084300000)
 Metaspace       used 20560K, committed 21504K, reserved 1114112K
  class space    used 2123K, committed 2496K, reserved 1048576K
}
Event: 7.004 GC heap after
{Heap after GC invocations=7 (full 0):
 PSYoungGen      total 29184K, used 4119K [0x00000000d5580000, 0x00000000d7680000, 0x0000000100000000)
  eden space 24576K, 0% used [0x00000000d5580000,0x00000000d5580000,0x00000000d6d80000)
  from space 4608K, 89% used [0x00000000d6e80000,0x00000000d7285e40,0x00000000d7300000)
  to   space 3584K, 0% used [0x00000000d7300000,0x00000000d7300000,0x00000000d7680000)
 ParOldGen       total 68608K, used 9258K [0x0000000080000000, 0x0000000084300000, 0x00000000d5580000)
  object space 68608K, 13% used [0x0000000080000000,0x000000008090aaa0,0x0000000084300000)
 Metaspace       used 20560K, committed 21504K, reserved 1114112K
  class space    used 2123K, committed 2496K, reserved 1048576K
}
Event: 7.004 GC heap before
{Heap before GC invocations=8 (full 1):
 PSYoungGen      total 29184K, used 4119K [0x00000000d5580000, 0x00000000d7680000, 0x0000000100000000)
  eden space 24576K, 0% used [0x00000000d5580000,0x00000000d5580000,0x00000000d6d80000)
  from space 4608K, 89% used [0x00000000d6e80000,0x00000000d7285e40,0x00000000d7300000)
  to   space 3584K, 0% used [0x00000000d7300000,0x00000000d7300000,0x00000000d7680000)
 ParOldGen       total 68608K, used 9258K [0x0000000080000000, 0x0000000084300000, 0x00000000d5580000)
  object space 68608K, 13% used [0x0000000080000000,0x000000008090aaa0,0x0000000084300000)
 Metaspace       used 20560K, committed 21504K, reserved 1114112K
  class space    used 2123K, committed 2496K, reserved 1048576K
}
Event: 7.062 GC heap after
{Heap after GC invocations=8 (full 1):
 PSYoungGen      total 29184K, used 0K [0x00000000d5580000, 0x00000000d7680000, 0x0000000100000000)
  eden space 24576K, 0% used [0x00000000d5580000,0x00000000d5580000,0x00000000d6d80000)
  from space 4608K, 0% used [0x00000000d6e80000,0x00000000d6e80000,0x00000000d7300000)
  to   space 3584K, 0% used [0x00000000d7300000,0x00000000d7300000,0x00000000d7680000)
 ParOldGen       total 68608K, used 12707K [0x0000000080000000, 0x0000000084300000, 0x00000000d5580000)
  object space 68608K, 18% used [0x0000000080000000,0x0000000080c68ff0,0x0000000084300000)
 Metaspace       used 20547K, committed 21504K, reserved 1114112K
  class space    used 2119K, committed 2496K, reserved 1048576K
}
Event: 7.647 GC heap before
{Heap before GC invocations=9 (full 1):
 PSYoungGen      total 29184K, used 24576K [0x00000000d5580000, 0x00000000d7680000, 0x0000000100000000)
  eden space 24576K, 100% used [0x00000000d5580000,0x00000000d6d80000,0x00000000d6d80000)
  from space 4608K, 0% used [0x00000000d6e80000,0x00000000d6e80000,0x00000000d7300000)
  to   space 3584K, 0% used [0x00000000d7300000,0x00000000d7300000,0x00000000d7680000)
 ParOldGen       total 68608K, used 12707K [0x0000000080000000, 0x0000000084300000, 0x00000000d5580000)
  object space 68608K, 18% used [0x0000000080000000,0x0000000080c68ff0,0x0000000084300000)
 Metaspace       used 22444K, committed 23360K, reserved 1114112K
  class space    used 2280K, committed 2688K, reserved 1048576K
}
Event: 7.652 GC heap after
{Heap after GC invocations=9 (full 1):
 PSYoungGen      total 25600K, used 1489K [0x00000000d5580000, 0x00000000d7480000, 0x0000000100000000)
  eden space 24064K, 0% used [0x00000000d5580000,0x00000000d5580000,0x00000000d6d00000)
  from space 1536K, 96% used [0x00000000d7300000,0x00000000d7474478,0x00000000d7480000)
  to   space 2560K, 0% used [0x00000000d6f80000,0x00000000d6f80000,0x00000000d7200000)
 ParOldGen       total 68608K, used 12715K [0x0000000080000000, 0x0000000084300000, 0x00000000d5580000)
  object space 68608K, 18% used [0x0000000080000000,0x0000000080c6aff0,0x0000000084300000)
 Metaspace       used 22444K, committed 23360K, reserved 1114112K
  class space    used 2280K, committed 2688K, reserved 1048576K
}
Event: 7.904 GC heap before
{Heap before GC invocations=10 (full 1):
 PSYoungGen      total 25600K, used 25553K [0x00000000d5580000, 0x00000000d7480000, 0x0000000100000000)
  eden space 24064K, 100% used [0x00000000d5580000,0x00000000d6d00000,0x00000000d6d00000)
  from space 1536K, 96% used [0x00000000d7300000,0x00000000d7474478,0x00000000d7480000)
  to   space 2560K, 0% used [0x00000000d6f80000,0x00000000d6f80000,0x00000000d7200000)
 ParOldGen       total 68608K, used 12715K [0x0000000080000000, 0x0000000084300000, 0x00000000d5580000)
  object space 68608K, 18% used [0x0000000080000000,0x0000000080c6aff0,0x0000000084300000)
 Metaspace       used 26306K, committed 27264K, reserved 1114112K
  class space    used 2564K, committed 3008K, reserved 1048576K
}
Event: 7.906 GC heap after
{Heap after GC invocations=10 (full 1):
 PSYoungGen      total 26112K, used 1121K [0x00000000d5580000, 0x00000000d7380000, 0x0000000100000000)
  eden space 23552K, 0% used [0x00000000d5580000,0x00000000d5580000,0x00000000d6c80000)
  from space 2560K, 43% used [0x00000000d6f80000,0x00000000d7098520,0x00000000d7200000)
  to   space 1536K, 0% used [0x00000000d7200000,0x00000000d7200000,0x00000000d7380000)
 ParOldGen       total 68608K, used 12723K [0x0000000080000000, 0x0000000084300000, 0x00000000d5580000)
  object space 68608K, 18% used [0x0000000080000000,0x0000000080c6cff0,0x0000000084300000)
 Metaspace       used 26306K, committed 27264K, reserved 1114112K
  class space    used 2564K, committed 3008K, reserved 1048576K
}

Dll operation events (10 events):
Event: 0.024 Loaded shared library c:\Users\navindu\.vscode\extensions\redhat.java-1.43.1-win32-x64\jre\21.0.7-win32-x86_64\bin\java.dll
Event: 0.337 Loaded shared library c:\Users\navindu\.vscode\extensions\redhat.java-1.43.1-win32-x64\jre\21.0.7-win32-x86_64\bin\zip.dll
Event: 0.377 Loaded shared library C:\Users\navindu\.vscode\extensions\redhat.java-1.43.1-win32-x64\jre\21.0.7-win32-x86_64\bin\instrument.dll
Event: 0.389 Loaded shared library C:\Users\navindu\.vscode\extensions\redhat.java-1.43.1-win32-x64\jre\21.0.7-win32-x86_64\bin\net.dll
Event: 0.391 Loaded shared library C:\Users\navindu\.vscode\extensions\redhat.java-1.43.1-win32-x64\jre\21.0.7-win32-x86_64\bin\nio.dll
Event: 0.394 Loaded shared library C:\Users\navindu\.vscode\extensions\redhat.java-1.43.1-win32-x64\jre\21.0.7-win32-x86_64\bin\zip.dll
Event: 0.457 Loaded shared library C:\Users\navindu\.vscode\extensions\redhat.java-1.43.1-win32-x64\jre\21.0.7-win32-x86_64\bin\jimage.dll
Event: 0.632 Loaded shared library c:\Users\navindu\.vscode\extensions\redhat.java-1.43.1-win32-x64\jre\21.0.7-win32-x86_64\bin\verify.dll
Event: 2.376 Loaded shared library C:\Users\navindu\AppData\Roaming\Code\User\globalStorage\redhat.java\1.43.1\config_win\org.eclipse.equinox.launcher\org.eclipse.equinox.launcher.win32.win32.x86_64_1.2.1300.v20250331-1702\eclipse_11911.dll
Event: 5.838 Loaded shared library C:\Users\navindu\AppData\Local\Temp\jna-1730397209\jna8601489318965124673.dll

Deoptimization events (20 events):
Event: 7.345 Thread 0x0000017bf1aa0810 Uncommon trap: trap_request=0xffffff45 fr.pc=0x0000017be4947948 relative=0x00000000000007c8
Event: 7.345 Thread 0x0000017bf1aa0810 Uncommon trap: reason=unstable_if action=reinterpret pc=0x0000017be4947948 method=org.lombokweb.asm.ClassReader.readUTF8(I[C)Ljava/lang/String; @ 11 c2
Event: 7.345 Thread 0x0000017bf1aa0810 DEOPT PACKING pc=0x0000017be4947948 sp=0x0000005939cf3510
Event: 7.345 Thread 0x0000017bf1aa0810 DEOPT UNPACKING pc=0x0000017be4236da2 sp=0x0000005939cf34f8 mode 2
Event: 7.849 Thread 0x0000017bf1aa0810 Uncommon trap: trap_request=0xffffff45 fr.pc=0x0000017be49522a4 relative=0x0000000000000184
Event: 7.849 Thread 0x0000017bf1aa0810 Uncommon trap: reason=unstable_if action=reinterpret pc=0x0000017be49522a4 method=org.lombokweb.asm.ByteVector.putByteArray([BII)Lorg/lombokweb/asm/ByteVector; @ 20 c2
Event: 7.849 Thread 0x0000017bf1aa0810 DEOPT PACKING pc=0x0000017be49522a4 sp=0x0000005939cf23b0
Event: 7.849 Thread 0x0000017bf1aa0810 DEOPT UNPACKING pc=0x0000017be4236da2 sp=0x0000005939cf2380 mode 2
Event: 7.849 Thread 0x0000017bf1aa0810 Uncommon trap: trap_request=0xffffff45 fr.pc=0x0000017be4952924 relative=0x0000000000000364
Event: 7.849 Thread 0x0000017bf1aa0810 Uncommon trap: reason=unstable_if action=reinterpret pc=0x0000017be4952924 method=org.lombokweb.asm.Label.resolve([BLorg/lombokweb/asm/ByteVector;I)Z @ 81 c2
Event: 7.849 Thread 0x0000017bf1aa0810 DEOPT PACKING pc=0x0000017be4952924 sp=0x0000005939cf2440
Event: 7.849 Thread 0x0000017bf1aa0810 DEOPT UNPACKING pc=0x0000017be4236da2 sp=0x0000005939cf2348 mode 2
Event: 7.849 Thread 0x0000017bf1aa0810 Uncommon trap: trap_request=0xffffff45 fr.pc=0x0000017be49530bc relative=0x000000000000021c
Event: 7.849 Thread 0x0000017bf1aa0810 Uncommon trap: reason=unstable_if action=reinterpret pc=0x0000017be49530bc method=org.lombokweb.asm.Label.resolve([BLorg/lombokweb/asm/ByteVector;I)Z @ 81 c2
Event: 7.849 Thread 0x0000017bf1aa0810 DEOPT PACKING pc=0x0000017be49530bc sp=0x0000005939cf23b0
Event: 7.849 Thread 0x0000017bf1aa0810 DEOPT UNPACKING pc=0x0000017be4236da2 sp=0x0000005939cf2340 mode 2
Event: 8.107 Thread 0x0000017bf1aa0810 Uncommon trap: trap_request=0xffffff45 fr.pc=0x0000017be4904b04 relative=0x0000000000000fa4
Event: 8.107 Thread 0x0000017bf1aa0810 Uncommon trap: reason=unstable_if action=reinterpret pc=0x0000017be4904b04 method=jdk.internal.jimage.ImageStringsReader.stringFromByteBufferMatches(Ljava/nio/ByteBuffer;ILjava/lang/String;I)I @ 48 c2
Event: 8.107 Thread 0x0000017bf1aa0810 DEOPT PACKING pc=0x0000017be4904b04 sp=0x0000005939cf42e0
Event: 8.107 Thread 0x0000017bf1aa0810 DEOPT UNPACKING pc=0x0000017be4236da2 sp=0x0000005939cf4018 mode 2

Classes loaded (20 events):
Event: 7.263 Loading class java/util/zip/GZIPInputStream
Event: 7.263 Loading class java/util/zip/GZIPInputStream done
Event: 7.352 Loading class java/io/StringReader
Event: 7.352 Loading class java/io/StringReader done
Event: 7.355 Loading class java/net/SocketTimeoutException
Event: 7.355 Loading class java/io/InterruptedIOException
Event: 7.355 Loading class java/io/InterruptedIOException done
Event: 7.355 Loading class java/net/SocketTimeoutException done
Event: 7.355 Loading class java/net/SocketException
Event: 7.355 Loading class java/net/SocketException done
Event: 7.355 Loading class java/net/UnknownHostException
Event: 7.355 Loading class java/net/UnknownHostException done
Event: 7.355 Loading class java/net/ProtocolException
Event: 7.355 Loading class java/net/ProtocolException done
Event: 7.379 Loading class java/lang/ThreadLocal$SuppliedThreadLocal
Event: 7.380 Loading class java/lang/ThreadLocal$SuppliedThreadLocal done
Event: 7.407 Loading class java/io/FileWriter
Event: 7.407 Loading class java/io/FileWriter done
Event: 7.408 Loading class java/lang/NegativeArraySizeException
Event: 7.408 Loading class java/lang/NegativeArraySizeException done

Classes unloaded (7 events):
Event: 7.016 Thread 0x0000017bf047f800 Unloading class 0x0000017b8119c800 'java/lang/invoke/LambdaForm$MH+0x0000017b8119c800'
Event: 7.016 Thread 0x0000017bf047f800 Unloading class 0x0000017b8119c400 'java/lang/invoke/LambdaForm$MH+0x0000017b8119c400'
Event: 7.016 Thread 0x0000017bf047f800 Unloading class 0x0000017b8119c000 'java/lang/invoke/LambdaForm$MH+0x0000017b8119c000'
Event: 7.016 Thread 0x0000017bf047f800 Unloading class 0x0000017b8119bc00 'java/lang/invoke/LambdaForm$MH+0x0000017b8119bc00'
Event: 7.016 Thread 0x0000017bf047f800 Unloading class 0x0000017b8119b800 'java/lang/invoke/LambdaForm$BMH+0x0000017b8119b800'
Event: 7.016 Thread 0x0000017bf047f800 Unloading class 0x0000017b8119b400 'java/lang/invoke/LambdaForm$DMH+0x0000017b8119b400'
Event: 7.016 Thread 0x0000017bf047f800 Unloading class 0x0000017b8119a000 'java/lang/invoke/LambdaForm$DMH+0x0000017b8119a000'

Classes redefined (0 events):
No events

Internal exceptions (20 events):
Event: 6.916 Thread 0x0000017bf1aa0810 Exception <a 'java/lang/NoSuchMethodError'{0x00000000d65ca838}: 'int java.lang.invoke.DirectMethodHandle$Holder.invokeStaticInit(java.lang.Object, float, float)'> (0x00000000d65ca838) 
thrown [s\src\hotspot\share\interpreter\linkResolver.cpp, line 773]
Event: 6.916 Thread 0x0000017bf1aa0810 Exception <a 'java/lang/NoSuchMethodError'{0x00000000d65d21e8}: 'int java.lang.invoke.DirectMethodHandle$Holder.invokeStaticInit(java.lang.Object, double, double)'> (0x00000000d65d21e8) 
thrown [s\src\hotspot\share\interpreter\linkResolver.cpp, line 773]
Event: 6.917 Thread 0x0000017bf1aa0810 Exception <a 'java/lang/NoSuchMethodError'{0x00000000d65d7638}: 'int java.lang.invoke.DirectMethodHandle$Holder.invokeStatic(java.lang.Object, long)'> (0x00000000d65d7638) 
thrown [s\src\hotspot\share\interpreter\linkResolver.cpp, line 773]
Event: 6.923 Thread 0x0000017bf1aa0810 Exception <a 'java/lang/NoSuchMethodError'{0x00000000d65fc490}: 'int java.lang.invoke.Invokers$Holder.linkToTargetMethod(java.lang.Object, java.lang.Object)'> (0x00000000d65fc490) 
thrown [s\src\hotspot\share\interpreter\linkResolver.cpp, line 773]
Event: 6.973 Thread 0x0000017bf1aa0810 Exception <a 'java/lang/NoSuchMethodError'{0x00000000d66e27b8}: 'java.lang.Object java.lang.invoke.Invokers$Holder.invoke_MT(java.lang.Object, java.lang.Object, java.lang.Object, java.lang.Object, java.lang.Object, java.lang.Object, java.lang.Object, java.lang.Object, java.lang.Object, java.lang.Object, java.lang.Object)'> (0x00000000d66e27b8) 
thrown [s\src\hotspot\share\interpreter\linkResolver.cpp, line 773]
Event: 6.990 Thread 0x0000017bf1aa0810 Exception <a 'java/lang/NoSuchMethodError'{0x00000000d676f668}: 'java.lang.Object java.lang.invoke.Invokers$Holder.invoke_MT(java.lang.Object, java.lang.Object, java.lang.Object, java.lang.Object, java.lang.Object, java.lang.Object, java.lang.Object, java.lang.Object, java.lang.Object, java.lang.Object)'> (0x00000000d676f668) 
thrown [s\src\hotspot\share\interpreter\linkResolver.cpp, line 773]
Event: 7.095 Thread 0x0000017bf1aa0810 Exception <a 'java/lang/NoSuchMethodError'{0x00000000d561a6f8}: 'java.lang.Object java.lang.invoke.DirectMethodHandle$Holder.newInvokeSpecial(java.lang.Object, java.lang.Object, java.lang.Object, java.lang.Object, java.lang.Object, java.lang.Object, java.lang.Object)'> (0x00000000d561a6f8) 
thrown [s\src\hotspot\share\interpreter\linkResolver.cpp, line 773]
Event: 7.103 Thread 0x0000017bf1aa0810 Exception <a 'java/lang/NoSuchMethodError'{0x00000000d5692a90}: 'java.lang.Object java.lang.invoke.Invokers$Holder.invoker(java.lang.Object, java.lang.Object, java.lang.Object, java.lang.Object, java.lang.Object, java.lang.Object, java.lang.Object, java.lang.Object, java.lang.Object, java.lang.Object, java.lang.Object, java.lang.Object, java.lang.Object)'> (0x00000000d5692a90) 
thrown [s\src\hotspot\share\interpreter\linkResolver.cpp, line 773]
Event: 7.103 Thread 0x0000017bf1aa0810 Exception <a 'java/lang/NoSuchMethodError'{0x00000000d569cf28}: 'java.lang.Object java.lang.invoke.DelegatingMethodHandle$Holder.delegate(java.lang.Object, java.lang.Object, java.lang.Object, java.lang.Object, java.lang.Object, java.lang.Object, java.lang.Object, java.lang.Object, java.lang.Object, java.lang.Object, java.lang.Object, java.lang.Object, java.lang.Object)'> (0x00000000d569cf28) 
thrown [s\src\hotspot\share\interpreter\linkResolver.cpp, line 773]
Event: 7.123 Thread 0x0000017bf1aa0810 Exception <a 'java/lang/NoSuchMethodError'{0x00000000d570db18}: static Lorg/eclipse/m2e/core/internal/lifecyclemapping/model/PluginExecutionMetadata;.<clinit>()V> (0x00000000d570db18) 
thrown [s\src\hotspot\share\prims\jni.cpp, line 1111]
Event: 7.136 Thread 0x0000017bf1aa0810 Exception <a 'java/lang/NoSuchMethodError'{0x00000000d5769bb8}: static Lorg/eclipse/m2e/core/internal/lifecyclemapping/model/PluginExecutionFilter;.<clinit>()V> (0x00000000d5769bb8) 
thrown [s\src\hotspot\share\prims\jni.cpp, line 1111]
Event: 7.143 Thread 0x0000017bf1aa0810 Exception <a 'java/lang/NoSuchMethodError'{0x00000000d5799510}: static Lorg/eclipse/m2e/core/internal/project/registry/MavenProjectFacade$MavenProjectConfiguration;.<clinit>()V> (0x00000000d5799510) 
thrown [s\src\hotspot\share\prims\jni.cpp, line 1111]
Event: 7.253 Thread 0x0000017bf1aa0810 Exception <a 'java/lang/NoSuchMethodError'{0x00000000d5ce4368}: 'double java.lang.invoke.DirectMethodHandle$Holder.invokeStatic(java.lang.Object, java.lang.Object)'> (0x00000000d5ce4368) 
thrown [s\src\hotspot\share\interpreter\linkResolver.cpp, line 773]
Event: 7.253 Thread 0x0000017bf1aa0810 Exception <a 'java/lang/NoSuchMethodError'{0x00000000d5ce7a28}: 'double java.lang.invoke.DirectMethodHandle$Holder.invokeStaticInit(java.lang.Object, java.lang.Object)'> (0x00000000d5ce7a28) 
thrown [s\src\hotspot\share\interpreter\linkResolver.cpp, line 773]
Event: 7.661 Thread 0x0000017bf1aa0810 Exception <a 'java/io/FileNotFoundException'{0x00000000d55ad528}> (0x00000000d55ad528) 
thrown [s\src\hotspot\share\prims\jni.cpp, line 520]
Event: 7.661 Thread 0x0000017bf1aa0810 Exception <a 'java/io/FileNotFoundException'{0x00000000d55ae370}> (0x00000000d55ae370) 
thrown [s\src\hotspot\share\prims\jni.cpp, line 520]
Event: 7.662 Thread 0x0000017bf1aa0810 Exception <a 'java/io/FileNotFoundException'{0x00000000d55af2c0}> (0x00000000d55af2c0) 
thrown [s\src\hotspot\share\prims\jni.cpp, line 520]
Event: 7.849 Thread 0x0000017bf1aa0810 Implicit null exception at 0x0000017be4952175 to 0x0000017be4952288
Event: 7.979 Thread 0x0000017bf1aa0810 Exception <a 'java/lang/NoSuchMethodError'{0x00000000d6238030}: 'java.lang.Object java.lang.invoke.DirectMethodHandle$Holder.newInvokeSpecial(java.lang.Object, int, java.lang.Object, java.lang.Object)'> (0x00000000d6238030) 
thrown [s\src\hotspot\share\interpreter\linkResolver.cpp, line 773]
Event: 7.983 Thread 0x0000017bf1aa0810 Exception <a 'java/io/FileNotFoundException'{0x00000000d625aa90}> (0x00000000d625aa90) 
thrown [s\src\hotspot\share\prims\jni.cpp, line 520]

ZGC Phase Switch (0 events):
No events

VM Operations (20 events):
Event: 5.850 Executing VM operation: HandshakeAllThreads (Deoptimize)
Event: 5.850 Executing VM operation: HandshakeAllThreads (Deoptimize) done
Event: 6.234 Executing VM operation: HandshakeAllThreads (Deoptimize)
Event: 6.234 Executing VM operation: HandshakeAllThreads (Deoptimize) done
Event: 6.380 Executing VM operation: HandshakeAllThreads (Deoptimize)
Event: 6.380 Executing VM operation: HandshakeAllThreads (Deoptimize) done
Event: 6.391 Executing VM operation: HandshakeAllThreads (Deoptimize)
Event: 6.391 Executing VM operation: HandshakeAllThreads (Deoptimize) done
Event: 6.602 Executing VM operation: ICBufferFull
Event: 6.602 Executing VM operation: ICBufferFull done
Event: 6.603 Executing VM operation: ParallelGCFailedAllocation (Allocation Failure)
Event: 6.611 Executing VM operation: ParallelGCFailedAllocation (Allocation Failure) done
Event: 6.885 Executing VM operation: HandshakeAllThreads (Deoptimize)
Event: 6.885 Executing VM operation: HandshakeAllThreads (Deoptimize) done
Event: 6.992 Executing VM operation: CollectForMetadataAllocation (Metadata GC Threshold)
Event: 7.062 Executing VM operation: CollectForMetadataAllocation (Metadata GC Threshold) done
Event: 7.647 Executing VM operation: ParallelGCFailedAllocation (Allocation Failure)
Event: 7.652 Executing VM operation: ParallelGCFailedAllocation (Allocation Failure) done
Event: 7.904 Executing VM operation: ParallelGCFailedAllocation (Allocation Failure)
Event: 7.906 Executing VM operation: ParallelGCFailedAllocation (Allocation Failure) done

Memory protections (0 events):
No events

Nmethod flushes (0 events):
No events

Events (20 events):
Event: 0.160 Thread 0x0000017bd9ac3db0 Thread added: 0x0000017bf049d2e0
Event: 0.161 Thread 0x0000017bd9ac3db0 Thread added: 0x0000017bf049fd20
Event: 0.161 Thread 0x0000017bd9ac3db0 Thread added: 0x0000017bf04a1980
Event: 0.161 Thread 0x0000017bd9ac3db0 Thread added: 0x0000017bf04a25d0
Event: 0.161 Thread 0x0000017bd9ac3db0 Thread added: 0x0000017bf04a3220
Event: 0.161 Thread 0x0000017bd9ac3db0 Thread added: 0x0000017bf04a8070
Event: 0.198 Thread 0x0000017bd9ac3db0 Thread added: 0x0000017bf0518b50
Event: 0.296 Thread 0x0000017bd9ac3db0 Thread added: 0x0000017bf115c1a0
Event: 0.938 Thread 0x0000017bd9ac3db0 Thread added: 0x0000017bf138df20
Event: 2.053 Thread 0x0000017bd9ac3db0 Thread added: 0x0000017bf18cc5f0
Event: 2.348 Thread 0x0000017bd9ac3db0 Thread added: 0x0000017bf15b7280
Event: 2.400 Thread 0x0000017bf15b7280 Thread added: 0x0000017bf1a9fde0
Event: 2.403 Thread 0x0000017bd9ac3db0 Thread added: 0x0000017bf1aa0810
Event: 2.927 Thread 0x0000017bf1aa0810 Thread added: 0x0000017bf1a92880
Event: 3.302 Thread 0x0000017bf1aa0810 Thread added: 0x0000017bf1846920
Event: 3.407 Thread 0x0000017bf1aa0810 Thread added: 0x0000017bf1aa94d0
Event: 4.008 Thread 0x0000017bf1aa0810 Thread added: 0x0000017bf1aaaf10
Event: 5.878 Thread 0x0000017bf1aa0810 Thread added: 0x0000017bf1aabc30
Event: 5.983 Thread 0x0000017bf1aa0810 Thread added: 0x0000017bf1aa87b0
Event: 6.025 Thread 0x0000017bf1aa87b0 Thread added: 0x0000017bf1aa8e40


Dynamic libraries:
0x00007ff7976d0000 - 0x00007ff7976de000 	c:\Users\navindu\.vscode\extensions\redhat.java-1.43.1-win32-x64\jre\21.0.7-win32-x86_64\bin\java.exe
0x00007ffbcfbf0000 - 0x00007ffbcfe07000 	C:\WINDOWS\SYSTEM32\ntdll.dll
0x00007ffbcf030000 - 0x00007ffbcf0f4000 	C:\WINDOWS\System32\KERNEL32.DLL
0x00007ffbcd2a0000 - 0x00007ffbcd672000 	C:\WINDOWS\System32\KERNELBASE.dll
0x00007ffbccfe0000 - 0x00007ffbcd0f1000 	C:\WINDOWS\System32\ucrtbase.dll
0x00007ffbb8dc0000 - 0x00007ffbb8dd8000 	c:\Users\navindu\.vscode\extensions\redhat.java-1.43.1-win32-x64\jre\21.0.7-win32-x86_64\bin\jli.dll
0x00007ffbcf7e0000 - 0x00007ffbcf991000 	C:\WINDOWS\System32\USER32.dll
0x00007ffbcd100000 - 0x00007ffbcd126000 	C:\WINDOWS\System32\win32u.dll
0x00007ffbcded0000 - 0x00007ffbcdef9000 	C:\WINDOWS\System32\GDI32.dll
0x00007ffbcce00000 - 0x00007ffbccf23000 	C:\WINDOWS\System32\gdi32full.dll
0x00007ffbccce0000 - 0x00007ffbccd7a000 	C:\WINDOWS\System32\msvcp_win.dll
0x00007ffbb8310000 - 0x00007ffbb832e000 	c:\Users\navindu\.vscode\extensions\redhat.java-1.43.1-win32-x64\jre\21.0.7-win32-x86_64\bin\VCRUNTIME140.dll
0x00007ffbb3ca0000 - 0x00007ffbb3f3b000 	C:\WINDOWS\WinSxS\amd64_microsoft.windows.common-controls_6595b64144ccf1df_6.0.22621.5415_none_270d77d17387d7da\COMCTL32.dll
0x00007ffbcd920000 - 0x00007ffbcd9c7000 	C:\WINDOWS\System32\msvcrt.dll
0x00007ffbcee20000 - 0x00007ffbcee51000 	C:\WINDOWS\System32\IMM32.DLL
0x00007ffbb8d80000 - 0x00007ffbb8d8c000 	c:\Users\navindu\.vscode\extensions\redhat.java-1.43.1-win32-x64\jre\21.0.7-win32-x86_64\bin\vcruntime140_1.dll
0x00007ffba05f0000 - 0x00007ffba067d000 	c:\Users\navindu\.vscode\extensions\redhat.java-1.43.1-win32-x64\jre\21.0.7-win32-x86_64\bin\msvcp140.dll
0x00007ffb62ce0000 - 0x00007ffb63a70000 	c:\Users\navindu\.vscode\extensions\redhat.java-1.43.1-win32-x64\jre\21.0.7-win32-x86_64\bin\server\jvm.dll
0x00007ffbcf100000 - 0x00007ffbcf1b1000 	C:\WINDOWS\System32\ADVAPI32.dll
0x00007ffbcd9d0000 - 0x00007ffbcda78000 	C:\WINDOWS\System32\sechost.dll
0x00007ffbccfb0000 - 0x00007ffbccfd8000 	C:\WINDOWS\System32\bcrypt.dll
0x00007ffbcf6c0000 - 0x00007ffbcf7d4000 	C:\WINDOWS\System32\RPCRT4.dll
0x00007ffbcf640000 - 0x00007ffbcf6b1000 	C:\WINDOWS\System32\WS2_32.dll
0x00007ffbcca00000 - 0x00007ffbcca4d000 	C:\WINDOWS\SYSTEM32\POWRPROF.dll
0x00007ffbbdb10000 - 0x00007ffbbdb44000 	C:\WINDOWS\SYSTEM32\WINMM.dll
0x00007ffbc6e00000 - 0x00007ffbc6e0a000 	C:\WINDOWS\SYSTEM32\VERSION.dll
0x00007ffbcc9e0000 - 0x00007ffbcc9f3000 	C:\WINDOWS\SYSTEM32\UMPDC.dll
0x00007ffbcbcd0000 - 0x00007ffbcbce8000 	C:\WINDOWS\SYSTEM32\kernel.appcore.dll
0x00007ffbb8cc0000 - 0x00007ffbb8cca000 	c:\Users\navindu\.vscode\extensions\redhat.java-1.43.1-win32-x64\jre\21.0.7-win32-x86_64\bin\jimage.dll
0x00007ffbca6e0000 - 0x00007ffbca913000 	C:\WINDOWS\SYSTEM32\DBGHELP.DLL
0x00007ffbcda90000 - 0x00007ffbcde23000 	C:\WINDOWS\System32\combase.dll
0x00007ffbcf1d0000 - 0x00007ffbcf2a7000 	C:\WINDOWS\System32\OLEAUT32.dll
0x00007ffbc94f0000 - 0x00007ffbc9522000 	C:\WINDOWS\SYSTEM32\dbgcore.DLL
0x00007ffbccd80000 - 0x00007ffbccdfb000 	C:\WINDOWS\System32\bcryptPrimitives.dll
0x00007ffbb80f0000 - 0x00007ffbb80ff000 	c:\Users\navindu\.vscode\extensions\redhat.java-1.43.1-win32-x64\jre\21.0.7-win32-x86_64\bin\instrument.dll
0x00007ffbb7530000 - 0x00007ffbb754f000 	c:\Users\navindu\.vscode\extensions\redhat.java-1.43.1-win32-x64\jre\21.0.7-win32-x86_64\bin\java.dll
0x00007ffbce3d0000 - 0x00007ffbcec72000 	C:\WINDOWS\System32\SHELL32.dll
0x00007ffbcd680000 - 0x00007ffbcd7bf000 	C:\WINDOWS\System32\wintypes.dll
0x00007ffbcabc0000 - 0x00007ffbcb4de000 	C:\WINDOWS\SYSTEM32\windows.storage.dll
0x00007ffbcf2b0000 - 0x00007ffbcf3bb000 	C:\WINDOWS\System32\SHCORE.dll
0x00007ffbcf470000 - 0x00007ffbcf4d9000 	C:\WINDOWS\System32\shlwapi.dll
0x00007ffbccc10000 - 0x00007ffbccc3b000 	C:\WINDOWS\SYSTEM32\profapi.dll
0x00007ffba6df0000 - 0x00007ffba6e08000 	c:\Users\navindu\.vscode\extensions\redhat.java-1.43.1-win32-x64\jre\21.0.7-win32-x86_64\bin\zip.dll
0x00007ffbb5a90000 - 0x00007ffbb5aa0000 	C:\Users\navindu\.vscode\extensions\redhat.java-1.43.1-win32-x64\jre\21.0.7-win32-x86_64\bin\net.dll
0x00007ffbc3fd0000 - 0x00007ffbc40fc000 	C:\WINDOWS\SYSTEM32\WINHTTP.dll
0x00007ffbcc140000 - 0x00007ffbcc1a9000 	C:\WINDOWS\system32\mswsock.dll
0x00007ffbb5810000 - 0x00007ffbb5826000 	C:\Users\navindu\.vscode\extensions\redhat.java-1.43.1-win32-x64\jre\21.0.7-win32-x86_64\bin\nio.dll
0x00007ffbb5a80000 - 0x00007ffbb5a90000 	c:\Users\navindu\.vscode\extensions\redhat.java-1.43.1-win32-x64\jre\21.0.7-win32-x86_64\bin\verify.dll
0x00007ffba04c0000 - 0x00007ffba0505000 	C:\Users\navindu\AppData\Roaming\Code\User\globalStorage\redhat.java\1.43.1\config_win\org.eclipse.equinox.launcher\org.eclipse.equinox.launcher.win32.win32.x86_64_1.2.1300.v20250331-1702\eclipse_11911.dll
0x00007ffbcec80000 - 0x00007ffbcee20000 	C:\WINDOWS\System32\ole32.dll
0x00007ffbcc380000 - 0x00007ffbcc39b000 	C:\WINDOWS\SYSTEM32\CRYPTSP.dll
0x00007ffbcbc30000 - 0x00007ffbcbc67000 	C:\WINDOWS\system32\rsaenh.dll
0x00007ffbcc1f0000 - 0x00007ffbcc218000 	C:\WINDOWS\SYSTEM32\USERENV.dll
0x00007ffbcc370000 - 0x00007ffbcc37c000 	C:\WINDOWS\SYSTEM32\CRYPTBASE.dll
0x00007ffbcb740000 - 0x00007ffbcb76d000 	C:\WINDOWS\SYSTEM32\IPHLPAPI.DLL
0x00007ffbcda80000 - 0x00007ffbcda89000 	C:\WINDOWS\System32\NSI.dll
0x00007ffba0470000 - 0x00007ffba04b9000 	C:\Users\navindu\AppData\Local\Temp\jna-1730397209\jna8601489318965124673.dll
0x00007ffbcf1c0000 - 0x00007ffbcf1c8000 	C:\WINDOWS\System32\PSAPI.DLL

dbghelp: loaded successfully - version: 4.0.5 - missing functions: none
symbol engine: initialized successfully - sym options: 0x614 - pdb path: .;c:\Users\navindu\.vscode\extensions\redhat.java-1.43.1-win32-x64\jre\21.0.7-win32-x86_64\bin;C:\WINDOWS\SYSTEM32;C:\WINDOWS\WinSxS\amd64_microsoft.windows.common-controls_6595b64144ccf1df_6.0.22621.5415_none_270d77d17387d7da;c:\Users\navindu\.vscode\extensions\redhat.java-1.43.1-win32-x64\jre\21.0.7-win32-x86_64\bin\server;C:\Users\navindu\AppData\Roaming\Code\User\globalStorage\redhat.java\1.43.1\config_win\org.eclipse.equinox.launcher\org.eclipse.equinox.launcher.win32.win32.x86_64_1.2.1300.v20250331-1702;C:\Users\navindu\AppData\Local\Temp\jna-1730397209

VM Arguments:
jvm_args: --add-modules=ALL-SYSTEM --add-opens=java.base/java.util=ALL-UNNAMED --add-opens=java.base/java.lang=ALL-UNNAMED --add-opens=java.base/sun.nio.fs=ALL-UNNAMED -Declipse.application=org.eclipse.jdt.ls.core.id1 -Dosgi.bundles.defaultStartLevel=4 -Declipse.product=org.eclipse.jdt.ls.core.product -Djava.import.generatesMetadataFilesAtProjectRoot=false -DDetectVMInstallationsJob.disabled=true -Dfile.encoding=utf8 -XX:+UseParallelGC -XX:GCTimeRatio=4 -XX:AdaptiveSizePolicyWeight=90 -Dsun.zip.disableMemoryMapping=true -Xmx2G -Xms100m -Xlog:disable -javaagent:c:\Users\navindu\.vscode\extensions\redhat.java-1.43.1-win32-x64\lombok\lombok-1.18.39-4050.jar -XX:+HeapDumpOnOutOfMemoryError -XX:HeapDumpPath=c:\Users\navindu\AppData\Roaming\Code\User\workspaceStorage\935ea08e3a07c008de49f0b09361651e\redhat.java -Daether.dependencyCollector.impl=bf 
java_command: c:\Users\navindu\.vscode\extensions\redhat.java-1.43.1-win32-x64\server\plugins\org.eclipse.equinox.launcher_1.7.0.v20250519-0528.jar -configuration c:\Users\navindu\AppData\Roaming\Code\User\globalStorage\redhat.java\1.43.1\config_win -data c:\Users\navindu\AppData\Roaming\Code\User\workspaceStorage\935ea08e3a07c008de49f0b09361651e\redhat.java\jdt_ws --pipe=\\.\pipe\lsp-9d7bd9bec1fe47dc72134894f393f58f-sock
java_class_path (initial): c:\Users\navindu\.vscode\extensions\redhat.java-1.43.1-win32-x64\server\plugins\org.eclipse.equinox.launcher_1.7.0.v20250519-0528.jar
Launcher Type: SUN_STANDARD

[Global flags]
    uintx AdaptiveSizePolicyWeight                 = 90                                        {product} {command line}
     intx CICompilerCount                          = 3                                         {product} {ergonomic}
    uintx GCTimeRatio                              = 4                                         {product} {command line}
     bool HeapDumpOnOutOfMemoryError               = true                                   {manageable} {command line}
    ccstr HeapDumpPath                             = c:\Users\navindu\AppData\Roaming\Code\User\workspaceStorage\935ea08e3a07c008de49f0b09361651e\redhat.java         {manageable} {command line}
   size_t InitialHeapSize                          = 104857600                                 {product} {command line}
   size_t MaxHeapSize                              = 2147483648                                {product} {command line}
   size_t MaxNewSize                               = 715653120                                 {product} {ergonomic}
   size_t MinHeapDeltaBytes                        = 524288                                    {product} {ergonomic}
   size_t MinHeapSize                              = 104857600                                 {product} {command line}
   size_t NewSize                                  = 34603008                                  {product} {ergonomic}
    uintx NonNMethodCodeHeapSize                   = 5832780                                {pd product} {ergonomic}
    uintx NonProfiledCodeHeapSize                  = 122912730                              {pd product} {ergonomic}
   size_t OldSize                                  = 70254592                                  {product} {ergonomic}
    uintx ProfiledCodeHeapSize                     = 122912730                              {pd product} {ergonomic}
    uintx ReservedCodeCacheSize                    = 251658240                              {pd product} {ergonomic}
     bool SegmentedCodeCache                       = true                                      {product} {ergonomic}
   size_t SoftMaxHeapSize                          = 2147483648                             {manageable} {ergonomic}
     bool UseCompressedOops                        = true                           {product lp64_product} {ergonomic}
     bool UseLargePagesIndividualAllocation        = false                                  {pd product} {ergonomic}
     bool UseParallelGC                            = true                                      {product} {command line}

Logging:
Log output configuration:
 #0: stdout all=off uptime,level,tags foldmultilines=false
 #1: stderr all=off uptime,level,tags foldmultilines=false

Environment Variables:
PATH=C:\python\Scripts\;C:\python\;C:\Program Files\Common Files\Oracle\Java\javapath;C:\PHP\;C:\TDM-GCC-64\bin;C:\Program Files (x86)\Common Files\Oracle\Java\javapath;C:\WINDOWS;C:\WINDOWS\System32\Wbem;C:\WINDOWS\System32\WindowsPowerShell\v1.0\;C:\WINDOWS\System32\OpenSSH\;C:\Program Files\Git\cmd;C:\MinGW\bin;C:\Program Files (x86)\Apache Software Foundation\Apache2.2\bin;C:\Program Files\Microsoft VS Code\bin;C:\Windows\System32;C:\Program Files\nodejs\;C:\ProgramData\chocolatey\bin;C:\Users\navindu\AppData\Local\Programs\Python\Python313\Scripts\;C:\Users\navindu\AppData\Local\Programs\Python\Python313\;C:\Users\navindu\AppData\Local\Programs\Python\Launcher\;C:\Users\navindu\AppData\Local\Microsoft\WindowsApps;C:\msys64\mingw64\bin;C:\Program Files\JetBrains\IntelliJ IDEA Community Edition 2024.2.1\bin;;C:\python\Python.exe;C:\Users\navindu\AppData\Local\ComposerSetup\bin;C:\Users\navindu\AppData\Roaming\Composer\vendor\bin;C:\Users\navindu\AppData\Roaming\npm
USERNAME=navindu
OS=Windows_NT
PROCESSOR_IDENTIFIER=Intel64 Family 6 Model 140 Stepping 1, GenuineIntel
TMP=C:\Users\navindu\AppData\Local\Temp
TEMP=C:\Users\navindu\AppData\Local\Temp




Periodic native trim disabled

---------------  S Y S T E M  ---------------

OS:
 Windows 11 , 64 bit Build 22621 (10.0.22621.5415)
OS uptime: 0 days 7:03 hours
Hyper-V role detected

CPU: total 4 (initial active 4) (2 cores per cpu, 2 threads per core) family 6 model 140 stepping 1 microcode 0xa6, cx8, cmov, fxsr, ht, mmx, 3dnowpref, sse, sse2, sse3, ssse3, sse4.1, sse4.2, popcnt, lzcnt, tsc, tscinvbit, avx, avx2, aes, erms, clmul, bmi1, bmi2, adx, avx512f, avx512dq, avx512cd, avx512bw, avx512vl, sha, fma, vzeroupper, avx512_vpopcntdq, avx512_vpclmulqdq, avx512_vaes, avx512_vnni, clflush, clflushopt, clwb, avx512_vbmi2, avx512_vbmi, hv, rdtscp, rdpid, fsrm, gfni, avx512_bitalg, f16c, cet_ibt, cet_ss, avx512_ifma
Processor Information for the first 4 processors :
  Max Mhz: 2995, Current Mhz: 2995, Mhz Limit: 2995

Memory: 4k page, system-wide physical 3790M (99M free)
TotalPageFile size 15566M (AvailPageFile size 3M)
current process WorkingSet (physical memory assigned to process): 153M, peak: 153M
current process commit charge ("private bytes"): 272M, peak: 273M

vm_info: OpenJDK 64-Bit Server VM (21.0.7+6-LTS) for windows-amd64 JRE (21.0.7+6-LTS), built on 2025-04-15T00:00:00Z by "admin" with MS VC++ 17.7 (VS2022)

END.
