#
# There is insufficient memory for the Java Runtime Environment to continue.
# Native memory allocation (malloc) failed to allocate 1087056 bytes. Error detail: Chunk::new
# Possible reasons:
#   The system is out of physical RAM or swap space
#   This process is running with CompressedOops enabled, and the Java Heap may be blocking the growth of the native heap
# Possible solutions:
#   Reduce memory load on the system
#   Increase physical memory or swap space
#   Check if swap backing store is full
#   Decrease Java heap size (-Xmx/-Xms)
#   Decrease number of Java threads
#   Decrease Java thread stack sizes (-Xss)
#   Set larger code cache with -XX:ReservedCodeCacheSize=
#   JVM is running with Unscaled Compressed Oops mode in which the Java heap is
#     placed in the first 4GB address space. The Java Heap base address is the
#     maximum limit for the native heap growth. Please use -XX:HeapBaseMinAddress
#     to set the Java Heap base and to place the Java Heap above 4GB virtual address.
# This output file may be truncated or incomplete.
#
#  Out of Memory Error (arena.cpp:168), pid=3068, tid=8920
#
# JRE version: OpenJDK Runtime Environment Temurin-21.0.7+6 (21.0.7+6) (build 21.0.7+6-LTS)
# Java VM: OpenJDK 64-Bit Server VM Temurin-21.0.7+6 (21.0.7+6-LTS, mixed mode, sharing, tiered, compressed oops, compressed class ptrs, parallel gc, windows-amd64)
# No core dump will be written. Minidumps are not enabled by default on client versions of Windows
#

---------------  S U M M A R Y ------------

Command Line: --add-modules=ALL-SYSTEM --add-opens=java.base/java.util=ALL-UNNAMED --add-opens=java.base/java.lang=ALL-UNNAMED --add-opens=java.base/sun.nio.fs=ALL-UNNAMED -Declipse.application=org.eclipse.jdt.ls.core.id1 -Dosgi.bundles.defaultStartLevel=4 -Declipse.product=org.eclipse.jdt.ls.core.product -Djava.import.generatesMetadataFilesAtProjectRoot=false -DDetectVMInstallationsJob.disabled=true -Dfile.encoding=utf8 -XX:+UseParallelGC -XX:GCTimeRatio=4 -XX:AdaptiveSizePolicyWeight=90 -Dsun.zip.disableMemoryMapping=true -Xmx2G -Xms100m -Xlog:disable -javaagent:c:\Users\navindu\.vscode\extensions\redhat.java-1.43.1-win32-x64\lombok\lombok-1.18.39-4050.jar c:\Users\navindu\.vscode\extensions\redhat.java-1.43.1-win32-x64\server\plugins\org.eclipse.equinox.launcher_1.7.0.v20250519-0528.jar -configuration c:\Users\navindu\AppData\Roaming\Code\User\globalStorage\redhat.java\1.43.1\config_ss_win -data c:\Users\navindu\AppData\Roaming\Code\User\workspaceStorage\935ea08e3a07c008de49f0b09361651e\redhat.java\ss_ws --pipe=\\.\pipe\lsp-7c2bf3552125429baa1936db9406994b-sock

Host: 11th Gen Intel(R) Core(TM) i3-1115G4 @ 3.00GHz, 4 cores, 3G,  Windows 11 , 64 bit Build 22621 (10.0.22621.5415)
Time: Fri Jul 18 22:43:07 2025 Sri Lanka Standard Time elapsed time: 413.370619 seconds (0d 0h 6m 53s)

---------------  T H R E A D  ---------------

Current thread (0x000001ed91350900):  JavaThread "C2 CompilerThread0" daemon [_thread_in_native, id=8920, stack(0x0000002beaf00000,0x0000002beb000000) (1024K)]


Current CompileTask:
C2:413370 7920       4       org.eclipse.jdt.internal.compiler.parser.Scanner::internalScanIdentifierOrKeyword (5041 bytes)

Stack: [0x0000002beaf00000,0x0000002beb000000]
Native frames: (J=compiled Java code, j=interpreted, Vv=VM code, C=native code)
V  [jvm.dll+0x6ce119]
V  [jvm.dll+0x8a84a1]
V  [jvm.dll+0x8aa9ce]
V  [jvm.dll+0x8ab0b3]
V  [jvm.dll+0x27f8a6]
V  [jvm.dll+0xc507d]
V  [jvm.dll+0xc55b3]
V  [jvm.dll+0x3b68f2]
V  [jvm.dll+0x382aa5]
V  [jvm.dll+0x381f0a]
V  [jvm.dll+0x247af0]
V  [jvm.dll+0x2470cf]
V  [jvm.dll+0x1c760e]
V  [jvm.dll+0x25695a]
V  [jvm.dll+0x254efa]
V  [jvm.dll+0x3f03f6]
V  [jvm.dll+0x851f6b]
V  [jvm.dll+0x6cc7dd]
C  [ucrtbase.dll+0x29333]
C  [KERNEL32.DLL+0x1259d]
C  [ntdll.dll+0x5af78]


---------------  P R O C E S S  ---------------

Threads class SMR info:
_java_thread_list=0x000001edeef57240, length=30, elements={
0x000001ed91453d20, 0x000001ed9150adf0, 0x000001ed9150c850, 0x000001ed9150e890,
0x000001ed91344840, 0x000001ed913466b0, 0x000001ed9134cc90, 0x000001ed91350900,
0x000001ed9137c7c0, 0x000001ede9b034f0, 0x000001ede9d6aec0, 0x000001edee34bae0,
0x000001edee3fb780, 0x000001edee402da0, 0x000001edee42a680, 0x000001edee029880,
0x000001edee2fe6d0, 0x000001edee1cbd40, 0x000001edee2ed8b0, 0x000001edee232950,
0x000001edee233d00, 0x000001edee231c30, 0x000001edee232fe0, 0x000001edee233670,
0x000001edee234a20, 0x000001edee2322c0, 0x000001edef2250d0, 0x000001edef220f30,
0x000001edef223000, 0x000001edef224a40
}

Java Threads: ( => current thread )
  0x000001ed91453d20 JavaThread "main"                              [_thread_blocked, id=2868, stack(0x0000002bea500000,0x0000002bea600000) (1024K)]
  0x000001ed9150adf0 JavaThread "Reference Handler"          daemon [_thread_blocked, id=14712, stack(0x0000002bea900000,0x0000002beaa00000) (1024K)]
  0x000001ed9150c850 JavaThread "Finalizer"                  daemon [_thread_blocked, id=1972, stack(0x0000002beaa00000,0x0000002beab00000) (1024K)]
  0x000001ed9150e890 JavaThread "Signal Dispatcher"          daemon [_thread_blocked, id=5684, stack(0x0000002beab00000,0x0000002beac00000) (1024K)]
  0x000001ed91344840 JavaThread "Attach Listener"            daemon [_thread_blocked, id=6832, stack(0x0000002beac00000,0x0000002bead00000) (1024K)]
  0x000001ed913466b0 JavaThread "Service Thread"             daemon [_thread_blocked, id=8392, stack(0x0000002bead00000,0x0000002beae00000) (1024K)]
  0x000001ed9134cc90 JavaThread "Monitor Deflation Thread"   daemon [_thread_blocked, id=14244, stack(0x0000002beae00000,0x0000002beaf00000) (1024K)]
=>0x000001ed91350900 JavaThread "C2 CompilerThread0"         daemon [_thread_in_native, id=8920, stack(0x0000002beaf00000,0x0000002beb000000) (1024K)]
  0x000001ed9137c7c0 JavaThread "C1 CompilerThread0"         daemon [_thread_blocked, id=13144, stack(0x0000002beb000000,0x0000002beb100000) (1024K)]
  0x000001ede9b034f0 JavaThread "Common-Cleaner"             daemon [_thread_blocked, id=328, stack(0x0000002beb100000,0x0000002beb200000) (1024K)]
  0x000001ede9d6aec0 JavaThread "Notification Thread"        daemon [_thread_blocked, id=13644, stack(0x0000002beb200000,0x0000002beb300000) (1024K)]
  0x000001edee34bae0 JavaThread "Active Thread: Equinox Container: 7a627ae5-5f5e-4114-ba91-8beb0d2c1080"        [_thread_blocked, id=15308, stack(0x0000002beb600000,0x0000002beb700000) (1024K)]
  0x000001edee3fb780 JavaThread "Framework Event Dispatcher: Equinox Container: 7a627ae5-5f5e-4114-ba91-8beb0d2c1080" daemon [_thread_blocked, id=8824, stack(0x0000002beb700000,0x0000002beb800000) (1024K)]
  0x000001edee402da0 JavaThread "Start Level: Equinox Container: 7a627ae5-5f5e-4114-ba91-8beb0d2c1080" daemon [_thread_blocked, id=2144, stack(0x0000002beb800000,0x0000002beb900000) (1024K)]
  0x000001edee42a680 JavaThread "SCR Component Actor"        daemon [_thread_blocked, id=10848, stack(0x0000002beb900000,0x0000002beba00000) (1024K)]
  0x000001edee029880 JavaThread "Worker-JM"                         [_thread_blocked, id=13776, stack(0x0000002bebb00000,0x0000002bebc00000) (1024K)]
  0x000001edee2fe6d0 JavaThread "JNA Cleaner"                daemon [_thread_blocked, id=8504, stack(0x0000002beba00000,0x0000002bebb00000) (1024K)]
  0x000001edee1cbd40 JavaThread "Worker-0"                          [_thread_blocked, id=2220, stack(0x0000002bebc00000,0x0000002bebd00000) (1024K)]
  0x000001edee2ed8b0 JavaThread "Worker-1"                          [_thread_blocked, id=9792, stack(0x0000002bebd00000,0x0000002bebe00000) (1024K)]
  0x000001edee232950 JavaThread "Thread-3"                   daemon [_thread_in_native, id=11600, stack(0x0000002bebf00000,0x0000002bec000000) (1024K)]
  0x000001edee233d00 JavaThread "Thread-4"                   daemon [_thread_in_native, id=6772, stack(0x0000002bec000000,0x0000002bec100000) (1024K)]
  0x000001edee231c30 JavaThread "Thread-5"                   daemon [_thread_in_native, id=14720, stack(0x0000002bec100000,0x0000002bec200000) (1024K)]
  0x000001edee232fe0 JavaThread "Thread-6"                   daemon [_thread_in_native, id=3992, stack(0x0000002bec200000,0x0000002bec300000) (1024K)]
  0x000001edee233670 JavaThread "Thread-7"                   daemon [_thread_in_native, id=264, stack(0x0000002bec300000,0x0000002bec400000) (1024K)]
  0x000001edee234a20 JavaThread "pool-2-thread-1"                   [_thread_blocked, id=12816, stack(0x0000002bec400000,0x0000002bec500000) (1024K)]
  0x000001edee2322c0 JavaThread "WorkspaceEventsHandler"            [_thread_blocked, id=11340, stack(0x0000002bec600000,0x0000002bec700000) (1024K)]
  0x000001edef2250d0 JavaThread "pool-1-thread-1"                   [_thread_in_native, id=10716, stack(0x0000002bec700000,0x0000002bec800000) (1024K)]
  0x000001edef220f30 JavaThread "ForkJoinPool.commonPool-worker-3" daemon [_thread_in_vm, id=9324, stack(0x0000002bea300000,0x0000002bea400000) (1024K)]
  0x000001edef223000 JavaThread "ForkJoinPool.commonPool-worker-4" daemon [_thread_blocked, id=13636, stack(0x0000002bea400000,0x0000002bea500000) (1024K)]
  0x000001edef224a40 JavaThread "ForkJoinPool.commonPool-worker-5" daemon [_thread_in_Java, id=10864, stack(0x0000002bebe00000,0x0000002bebf00000) (1024K)]
Total: 30

Other Threads:
  0x000001ed9133f670 VMThread "VM Thread"                           [id=5064, stack(0x0000002bea800000,0x0000002bea900000) (1024K)]
  0x000001ed914be640 WatcherThread "VM Periodic Task Thread"        [id=14248, stack(0x0000002bea700000,0x0000002bea800000) (1024K)]
  0x000001ed91471280 WorkerThread "GC Thread#0"                     [id=3952, stack(0x0000002bea600000,0x0000002bea700000) (1024K)]
  0x000001edee2a64f0 WorkerThread "GC Thread#1"                     [id=9004, stack(0x0000002beb300000,0x0000002beb400000) (1024K)]
  0x000001edee284cf0 WorkerThread "GC Thread#2"                     [id=13356, stack(0x0000002beb400000,0x0000002beb500000) (1024K)]
  0x000001edee285090 WorkerThread "GC Thread#3"                     [id=11804, stack(0x0000002beb500000,0x0000002beb600000) (1024K)]
Total: 6

Threads with active compile tasks:
C2 CompilerThread0  413422 7920       4       org.eclipse.jdt.internal.compiler.parser.Scanner::internalScanIdentifierOrKeyword (5041 bytes)
Total: 1

VM state: not at safepoint (normal execution)

VM Mutex/Monitor currently owned by a thread: None

Heap address: 0x0000000080000000, size: 2048 MB, Compressed Oops mode: 32-bit

CDS archive(s) mapped at: [0x000001eda8000000-0x000001eda8ba0000-0x000001eda8ba0000), size 12189696, SharedBaseAddress: 0x000001eda8000000, ArchiveRelocationMode: 1.
Compressed class space mapped at: 0x000001eda9000000-0x000001ede9000000, reserved size: 1073741824
Narrow klass base: 0x000001eda8000000, Narrow klass shift: 0, Narrow klass range: 0x100000000

GC Precious Log:
 CardTable entry size: 512
 CPUs: 4 total, 4 available
 Memory: 3790M
 Large Page Support: Disabled
 NUMA Support: Disabled
 Compressed Oops: Enabled (32-bit)
 Alignments: Space 512K, Generation 512K, Heap 2M
 Heap Min Capacity: 100M
 Heap Initial Capacity: 100M
 Heap Max Capacity: 2G
 Pre-touch: Disabled
 Parallel Workers: 4

Heap:
 PSYoungGen      total 23040K, used 3213K [0x00000000d5580000, 0x00000000d7300000, 0x0000000100000000)
  eden space 22528K, 13% used [0x00000000d5580000,0x00000000d5884d50,0x00000000d6b80000)
  from space 512K, 23% used [0x00000000d7200000,0x00000000d721e938,0x00000000d7280000)
  to   space 512K, 0% used [0x00000000d7280000,0x00000000d7280000,0x00000000d7300000)
 ParOldGen       total 355328K, used 331744K [0x0000000080000000, 0x0000000095b00000, 0x00000000d5580000)
  object space 355328K, 93% used [0x0000000080000000,0x00000000943f8230,0x0000000095b00000)
 Metaspace       used 42113K, committed 43136K, reserved 1114112K
  class space    used 4062K, committed 4480K, reserved 1048576K

Card table byte_map: [0x000001ed90df0000,0x000001ed91200000] _byte_map_base: 0x000001ed909f0000

Marking Bits: (ParMarkBitMap*) 0x00007ffb639931f0
 Begin Bits: [0x000001eda38f0000, 0x000001eda58f0000)
 End Bits:   [0x000001eda58f0000, 0x000001eda78f0000)

Polling page: 0x000001ed8f2e0000

Metaspace:

Usage:
  Non-class:     37.16 MB used.
      Class:      3.97 MB used.
       Both:     41.13 MB used.

Virtual space:
  Non-class space:       64.00 MB reserved,      37.75 MB ( 59%) committed,  1 nodes.
      Class space:        1.00 GB reserved,       4.38 MB ( <1%) committed,  1 nodes.
             Both:        1.06 GB reserved,      42.12 MB (  4%) committed. 

Chunk freelists:
   Non-Class:  10.17 MB
       Class:  11.64 MB
        Both:  21.80 MB

MaxMetaspaceSize: unlimited
CompressedClassSpaceSize: 1.00 GB
Initial GC threshold: 21.00 MB
Current GC threshold: 70.25 MB
CDS: on
 - commit_granule_bytes: 65536.
 - commit_granule_words: 8192.
 - virtual_space_node_default_size: 8388608.
 - enlarge_chunks_in_place: 1.
 - use_allocation_guard: 0.


Internal statistics:

num_allocs_failed_limit: 6.
num_arena_births: 838.
num_arena_deaths: 30.
num_vsnodes_births: 2.
num_vsnodes_deaths: 0.
num_space_committed: 674.
num_space_uncommitted: 0.
num_chunks_returned_to_freelist: 43.
num_chunks_taken_from_freelist: 2589.
num_chunk_merges: 12.
num_chunk_splits: 1642.
num_chunks_enlarged: 1031.
num_inconsistent_stats: 0.

CodeHeap 'non-profiled nmethods': size=120000Kb used=6885Kb max_used=6909Kb free=113114Kb
 bounds [0x000001ed9c110000, 0x000001ed9c7f0000, 0x000001eda3640000]
CodeHeap 'profiled nmethods': size=120000Kb used=16376Kb max_used=17025Kb free=103623Kb
 bounds [0x000001ed94640000, 0x000001ed95740000, 0x000001ed9bb70000]
CodeHeap 'non-nmethods': size=5760Kb used=1408Kb max_used=1465Kb free=4351Kb
 bounds [0x000001ed9bb70000, 0x000001ed9bde0000, 0x000001ed9c110000]
 total_blobs=7856 nmethods=7152 adapters=610
 compilation: enabled
              stopped_count=0, restarted_count=0
 full_count=0

Compilation events (20 events):
Event: 412.605 Thread 0x000001ed9137c7c0 nmethod 7910 0x000001ed956ee610 code [0x000001ed956ef580, 0x000001ed956fa698]
Event: 412.619 Thread 0x000001ed91350900 7911       4       org.eclipse.jdt.internal.compiler.parser.Scanner::internalScanIdentifierOrKeyword (5041 bytes)
Event: 412.735 Thread 0x000001ed91350900 nmethod 7911 0x000001ed9c7cf790 code [0x000001ed9c7d0120, 0x000001ed9c7d5248]
Event: 412.769 Thread 0x000001ed9137c7c0 7912       3       org.eclipse.jdt.internal.compiler.parser.Scanner::internalScanIdentifierOrKeyword (5041 bytes)
Event: 412.785 Thread 0x000001ed9137c7c0 nmethod 7912 0x000001ed956fc810 code [0x000001ed956fd780, 0x000001ed95708898]
Event: 412.804 Thread 0x000001ed91350900 7913       4       org.eclipse.jdt.internal.compiler.parser.Scanner::internalScanIdentifierOrKeyword (5041 bytes)
Event: 412.917 Thread 0x000001ed91350900 nmethod 7913 0x000001ed9c7d7490 code [0x000001ed9c7d7e20, 0x000001ed9c7dcf20]
Event: 412.970 Thread 0x000001ed9137c7c0 7914       3       org.eclipse.jdt.internal.compiler.parser.Scanner::internalScanIdentifierOrKeyword (5041 bytes)
Event: 412.987 Thread 0x000001ed9137c7c0 nmethod 7914 0x000001ed9570aa10 code [0x000001ed9570b980, 0x000001ed95716a98]
Event: 412.995 Thread 0x000001ed91350900 7915       4       org.eclipse.jdt.internal.compiler.parser.Scanner::internalScanIdentifierOrKeyword (5041 bytes)
Event: 413.125 Thread 0x000001ed91350900 nmethod 7915 0x000001ed9c7df190 code [0x000001ed9c7dfb00, 0x000001ed9c7e4b10]
Event: 413.134 Thread 0x000001ed9137c7c0 7916       3       org.eclipse.jdt.ls.core.internal.handlers.FoldingRangeHandler::computeMethodRanges (787 bytes)
Event: 413.160 Thread 0x000001ed9137c7c0 nmethod 7916 0x000001ed95718c10 code [0x000001ed957196a0, 0x000001ed95721990]
Event: 413.162 Thread 0x000001ed91350900 7917  s    4       java.util.Vector::elementAt (48 bytes)
Event: 413.165 Thread 0x000001ed91350900 nmethod 7917 0x000001ed9c259c90 code [0x000001ed9c259e20, 0x000001ed9c25a060]
Event: 413.173 Thread 0x000001ed91350900 7918       4       org.eclipse.jdt.core.compiler.InvalidInputException::<init> (6 bytes)
Event: 413.176 Thread 0x000001ed91350900 nmethod 7918 0x000001ed9c163690 code [0x000001ed9c163840, 0x000001ed9c163b90]
Event: 413.270 Thread 0x000001ed9137c7c0 7919       3       org.eclipse.jdt.internal.compiler.parser.Scanner::internalScanIdentifierOrKeyword (5041 bytes)
Event: 413.289 Thread 0x000001ed9137c7c0 nmethod 7919 0x000001ed95724b90 code [0x000001ed95725b00, 0x000001ed95730c18]
Event: 413.303 Thread 0x000001ed91350900 7920       4       org.eclipse.jdt.internal.compiler.parser.Scanner::internalScanIdentifierOrKeyword (5041 bytes)

GC Heap History (20 events):
Event: 412.921 GC heap before
{Heap before GC invocations=494 (full 3):
 PSYoungGen      total 23040K, used 22650K [0x00000000d5580000, 0x00000000d7300000, 0x0000000100000000)
  eden space 22528K, 100% used [0x00000000d5580000,0x00000000d6b80000,0x00000000d6b80000)
  from space 512K, 23% used [0x00000000d7200000,0x00000000d721e938,0x00000000d7280000)
  to   space 512K, 0% used [0x00000000d7280000,0x00000000d7280000,0x00000000d7300000)
 ParOldGen       total 355328K, used 330920K [0x0000000080000000, 0x0000000095b00000, 0x00000000d5580000)
  object space 355328K, 93% used [0x0000000080000000,0x000000009432a230,0x0000000095b00000)
 Metaspace       used 42113K, committed 43136K, reserved 1114112K
  class space    used 4062K, committed 4480K, reserved 1048576K
}
Event: 412.923 GC heap after
{Heap after GC invocations=494 (full 3):
 PSYoungGen      total 23040K, used 160K [0x00000000d5580000, 0x00000000d7300000, 0x0000000100000000)
  eden space 22528K, 0% used [0x00000000d5580000,0x00000000d5580000,0x00000000d6b80000)
  from space 512K, 31% used [0x00000000d7280000,0x00000000d72a8000,0x00000000d7300000)
  to   space 512K, 0% used [0x00000000d7200000,0x00000000d7200000,0x00000000d7280000)
 ParOldGen       total 355328K, used 330928K [0x0000000080000000, 0x0000000095b00000, 0x00000000d5580000)
  object space 355328K, 93% used [0x0000000080000000,0x000000009432c230,0x0000000095b00000)
 Metaspace       used 42113K, committed 43136K, reserved 1114112K
  class space    used 4062K, committed 4480K, reserved 1048576K
}
Event: 412.966 GC heap before
{Heap before GC invocations=495 (full 3):
 PSYoungGen      total 23040K, used 22680K [0x00000000d5580000, 0x00000000d7300000, 0x0000000100000000)
  eden space 22528K, 99% used [0x00000000d5580000,0x00000000d6b7e220,0x00000000d6b80000)
  from space 512K, 31% used [0x00000000d7280000,0x00000000d72a8000,0x00000000d7300000)
  to   space 512K, 0% used [0x00000000d7200000,0x00000000d7200000,0x00000000d7280000)
 ParOldGen       total 355328K, used 330928K [0x0000000080000000, 0x0000000095b00000, 0x00000000d5580000)
  object space 355328K, 93% used [0x0000000080000000,0x000000009432c230,0x0000000095b00000)
 Metaspace       used 42113K, committed 43136K, reserved 1114112K
  class space    used 4062K, committed 4480K, reserved 1048576K
}
Event: 412.966 GC heap after
{Heap after GC invocations=495 (full 3):
 PSYoungGen      total 23040K, used 234K [0x00000000d5580000, 0x00000000d7300000, 0x0000000100000000)
  eden space 22528K, 0% used [0x00000000d5580000,0x00000000d5580000,0x00000000d6b80000)
  from space 512K, 45% used [0x00000000d7200000,0x00000000d723a948,0x00000000d7280000)
  to   space 512K, 0% used [0x00000000d7280000,0x00000000d7280000,0x00000000d7300000)
 ParOldGen       total 355328K, used 330952K [0x0000000080000000, 0x0000000095b00000, 0x00000000d5580000)
  object space 355328K, 93% used [0x0000000080000000,0x0000000094332230,0x0000000095b00000)
 Metaspace       used 42113K, committed 43136K, reserved 1114112K
  class space    used 4062K, committed 4480K, reserved 1048576K
}
Event: 413.007 GC heap before
{Heap before GC invocations=496 (full 3):
 PSYoungGen      total 23040K, used 22762K [0x00000000d5580000, 0x00000000d7300000, 0x0000000100000000)
  eden space 22528K, 100% used [0x00000000d5580000,0x00000000d6b80000,0x00000000d6b80000)
  from space 512K, 45% used [0x00000000d7200000,0x00000000d723a948,0x00000000d7280000)
  to   space 512K, 0% used [0x00000000d7280000,0x00000000d7280000,0x00000000d7300000)
 ParOldGen       total 355328K, used 330952K [0x0000000080000000, 0x0000000095b00000, 0x00000000d5580000)
  object space 355328K, 93% used [0x0000000080000000,0x0000000094332230,0x0000000095b00000)
 Metaspace       used 42113K, committed 43136K, reserved 1114112K
  class space    used 4062K, committed 4480K, reserved 1048576K
}
Event: 413.009 GC heap after
{Heap after GC invocations=496 (full 3):
 PSYoungGen      total 23040K, used 122K [0x00000000d5580000, 0x00000000d7300000, 0x0000000100000000)
  eden space 22528K, 0% used [0x00000000d5580000,0x00000000d5580000,0x00000000d6b80000)
  from space 512K, 23% used [0x00000000d7280000,0x00000000d729e938,0x00000000d7300000)
  to   space 512K, 0% used [0x00000000d7200000,0x00000000d7200000,0x00000000d7280000)
 ParOldGen       total 355328K, used 331000K [0x0000000080000000, 0x0000000095b00000, 0x00000000d5580000)
  object space 355328K, 93% used [0x0000000080000000,0x000000009433e230,0x0000000095b00000)
 Metaspace       used 42113K, committed 43136K, reserved 1114112K
  class space    used 4062K, committed 4480K, reserved 1048576K
}
Event: 413.048 GC heap before
{Heap before GC invocations=497 (full 3):
 PSYoungGen      total 23040K, used 22650K [0x00000000d5580000, 0x00000000d7300000, 0x0000000100000000)
  eden space 22528K, 100% used [0x00000000d5580000,0x00000000d6b80000,0x00000000d6b80000)
  from space 512K, 23% used [0x00000000d7280000,0x00000000d729e938,0x00000000d7300000)
  to   space 512K, 0% used [0x00000000d7200000,0x00000000d7200000,0x00000000d7280000)
 ParOldGen       total 355328K, used 331000K [0x0000000080000000, 0x0000000095b00000, 0x00000000d5580000)
  object space 355328K, 93% used [0x0000000080000000,0x000000009433e230,0x0000000095b00000)
 Metaspace       used 42113K, committed 43136K, reserved 1114112K
  class space    used 4062K, committed 4480K, reserved 1048576K
}
Event: 413.050 GC heap after
{Heap after GC invocations=497 (full 3):
 PSYoungGen      total 23040K, used 442K [0x00000000d5580000, 0x00000000d7300000, 0x0000000100000000)
  eden space 22528K, 0% used [0x00000000d5580000,0x00000000d5580000,0x00000000d6b80000)
  from space 512K, 86% used [0x00000000d7200000,0x00000000d726e938,0x00000000d7280000)
  to   space 512K, 0% used [0x00000000d7280000,0x00000000d7280000,0x00000000d7300000)
 ParOldGen       total 355328K, used 331048K [0x0000000080000000, 0x0000000095b00000, 0x00000000d5580000)
  object space 355328K, 93% used [0x0000000080000000,0x000000009434a230,0x0000000095b00000)
 Metaspace       used 42113K, committed 43136K, reserved 1114112K
  class space    used 4062K, committed 4480K, reserved 1048576K
}
Event: 413.085 GC heap before
{Heap before GC invocations=498 (full 3):
 PSYoungGen      total 23040K, used 22970K [0x00000000d5580000, 0x00000000d7300000, 0x0000000100000000)
  eden space 22528K, 100% used [0x00000000d5580000,0x00000000d6b80000,0x00000000d6b80000)
  from space 512K, 86% used [0x00000000d7200000,0x00000000d726e938,0x00000000d7280000)
  to   space 512K, 0% used [0x00000000d7280000,0x00000000d7280000,0x00000000d7300000)
 ParOldGen       total 355328K, used 331048K [0x0000000080000000, 0x0000000095b00000, 0x00000000d5580000)
  object space 355328K, 93% used [0x0000000080000000,0x000000009434a230,0x0000000095b00000)
 Metaspace       used 42113K, committed 43136K, reserved 1114112K
  class space    used 4062K, committed 4480K, reserved 1048576K
}
Event: 413.086 GC heap after
{Heap after GC invocations=498 (full 3):
 PSYoungGen      total 23040K, used 282K [0x00000000d5580000, 0x00000000d7300000, 0x0000000100000000)
  eden space 22528K, 0% used [0x00000000d5580000,0x00000000d5580000,0x00000000d6b80000)
  from space 512K, 55% used [0x00000000d7280000,0x00000000d72c6938,0x00000000d7300000)
  to   space 512K, 0% used [0x00000000d7200000,0x00000000d7200000,0x00000000d7280000)
 ParOldGen       total 355328K, used 331336K [0x0000000080000000, 0x0000000095b00000, 0x00000000d5580000)
  object space 355328K, 93% used [0x0000000080000000,0x0000000094392230,0x0000000095b00000)
 Metaspace       used 42113K, committed 43136K, reserved 1114112K
  class space    used 4062K, committed 4480K, reserved 1048576K
}
Event: 413.151 GC heap before
{Heap before GC invocations=499 (full 3):
 PSYoungGen      total 23040K, used 22810K [0x00000000d5580000, 0x00000000d7300000, 0x0000000100000000)
  eden space 22528K, 100% used [0x00000000d5580000,0x00000000d6b80000,0x00000000d6b80000)
  from space 512K, 55% used [0x00000000d7280000,0x00000000d72c6938,0x00000000d7300000)
  to   space 512K, 0% used [0x00000000d7200000,0x00000000d7200000,0x00000000d7280000)
 ParOldGen       total 355328K, used 331336K [0x0000000080000000, 0x0000000095b00000, 0x00000000d5580000)
  object space 355328K, 93% used [0x0000000080000000,0x0000000094392230,0x0000000095b00000)
 Metaspace       used 42113K, committed 43136K, reserved 1114112K
  class space    used 4062K, committed 4480K, reserved 1048576K
}
Event: 413.153 GC heap after
{Heap after GC invocations=499 (full 3):
 PSYoungGen      total 23040K, used 282K [0x00000000d5580000, 0x00000000d7300000, 0x0000000100000000)
  eden space 22528K, 0% used [0x00000000d5580000,0x00000000d5580000,0x00000000d6b80000)
  from space 512K, 55% used [0x00000000d7200000,0x00000000d7246938,0x00000000d7280000)
  to   space 512K, 0% used [0x00000000d7280000,0x00000000d7280000,0x00000000d7300000)
 ParOldGen       total 355328K, used 331480K [0x0000000080000000, 0x0000000095b00000, 0x00000000d5580000)
  object space 355328K, 93% used [0x0000000080000000,0x00000000943b6230,0x0000000095b00000)
 Metaspace       used 42113K, committed 43136K, reserved 1114112K
  class space    used 4062K, committed 4480K, reserved 1048576K
}
Event: 413.186 GC heap before
{Heap before GC invocations=500 (full 3):
 PSYoungGen      total 23040K, used 22810K [0x00000000d5580000, 0x00000000d7300000, 0x0000000100000000)
  eden space 22528K, 100% used [0x00000000d5580000,0x00000000d6b80000,0x00000000d6b80000)
  from space 512K, 55% used [0x00000000d7200000,0x00000000d7246938,0x00000000d7280000)
  to   space 512K, 0% used [0x00000000d7280000,0x00000000d7280000,0x00000000d7300000)
 ParOldGen       total 355328K, used 331480K [0x0000000080000000, 0x0000000095b00000, 0x00000000d5580000)
  object space 355328K, 93% used [0x0000000080000000,0x00000000943b6230,0x0000000095b00000)
 Metaspace       used 42113K, committed 43136K, reserved 1114112K
  class space    used 4062K, committed 4480K, reserved 1048576K
}
Event: 413.187 GC heap after
{Heap after GC invocations=500 (full 3):
 PSYoungGen      total 23040K, used 218K [0x00000000d5580000, 0x00000000d7300000, 0x0000000100000000)
  eden space 22528K, 0% used [0x00000000d5580000,0x00000000d5580000,0x00000000d6b80000)
  from space 512K, 42% used [0x00000000d7280000,0x00000000d72b6938,0x00000000d7300000)
  to   space 512K, 0% used [0x00000000d7200000,0x00000000d7200000,0x00000000d7280000)
 ParOldGen       total 355328K, used 331624K [0x0000000080000000, 0x0000000095b00000, 0x00000000d5580000)
  object space 355328K, 93% used [0x0000000080000000,0x00000000943da230,0x0000000095b00000)
 Metaspace       used 42113K, committed 43136K, reserved 1114112K
  class space    used 4062K, committed 4480K, reserved 1048576K
}
Event: 413.227 GC heap before
{Heap before GC invocations=501 (full 3):
 PSYoungGen      total 23040K, used 22746K [0x00000000d5580000, 0x00000000d7300000, 0x0000000100000000)
  eden space 22528K, 100% used [0x00000000d5580000,0x00000000d6b80000,0x00000000d6b80000)
  from space 512K, 42% used [0x00000000d7280000,0x00000000d72b6938,0x00000000d7300000)
  to   space 512K, 0% used [0x00000000d7200000,0x00000000d7200000,0x00000000d7280000)
 ParOldGen       total 355328K, used 331624K [0x0000000080000000, 0x0000000095b00000, 0x00000000d5580000)
  object space 355328K, 93% used [0x0000000080000000,0x00000000943da230,0x0000000095b00000)
 Metaspace       used 42113K, committed 43136K, reserved 1114112K
  class space    used 4062K, committed 4480K, reserved 1048576K
}
Event: 413.230 GC heap after
{Heap after GC invocations=501 (full 3):
 PSYoungGen      total 23040K, used 154K [0x00000000d5580000, 0x00000000d7300000, 0x0000000100000000)
  eden space 22528K, 0% used [0x00000000d5580000,0x00000000d5580000,0x00000000d6b80000)
  from space 512K, 30% used [0x00000000d7200000,0x00000000d7226938,0x00000000d7280000)
  to   space 512K, 0% used [0x00000000d7280000,0x00000000d7280000,0x00000000d7300000)
 ParOldGen       total 355328K, used 331696K [0x0000000080000000, 0x0000000095b00000, 0x00000000d5580000)
  object space 355328K, 93% used [0x0000000080000000,0x00000000943ec230,0x0000000095b00000)
 Metaspace       used 42113K, committed 43136K, reserved 1114112K
  class space    used 4062K, committed 4480K, reserved 1048576K
}
Event: 413.268 GC heap before
{Heap before GC invocations=502 (full 3):
 PSYoungGen      total 23040K, used 22682K [0x00000000d5580000, 0x00000000d7300000, 0x0000000100000000)
  eden space 22528K, 100% used [0x00000000d5580000,0x00000000d6b80000,0x00000000d6b80000)
  from space 512K, 30% used [0x00000000d7200000,0x00000000d7226938,0x00000000d7280000)
  to   space 512K, 0% used [0x00000000d7280000,0x00000000d7280000,0x00000000d7300000)
 ParOldGen       total 355328K, used 331696K [0x0000000080000000, 0x0000000095b00000, 0x00000000d5580000)
  object space 355328K, 93% used [0x0000000080000000,0x00000000943ec230,0x0000000095b00000)
 Metaspace       used 42113K, committed 43136K, reserved 1114112K
  class space    used 4062K, committed 4480K, reserved 1048576K
}
Event: 413.269 GC heap after
{Heap after GC invocations=502 (full 3):
 PSYoungGen      total 23040K, used 160K [0x00000000d5580000, 0x00000000d7300000, 0x0000000100000000)
  eden space 22528K, 0% used [0x00000000d5580000,0x00000000d5580000,0x00000000d6b80000)
  from space 512K, 31% used [0x00000000d7280000,0x00000000d72a8000,0x00000000d7300000)
  to   space 512K, 0% used [0x00000000d7200000,0x00000000d7200000,0x00000000d7280000)
 ParOldGen       total 355328K, used 331736K [0x0000000080000000, 0x0000000095b00000, 0x00000000d5580000)
  object space 355328K, 93% used [0x0000000080000000,0x00000000943f6230,0x0000000095b00000)
 Metaspace       used 42113K, committed 43136K, reserved 1114112K
  class space    used 4062K, committed 4480K, reserved 1048576K
}
Event: 413.323 GC heap before
{Heap before GC invocations=503 (full 3):
 PSYoungGen      total 23040K, used 22688K [0x00000000d5580000, 0x00000000d7300000, 0x0000000100000000)
  eden space 22528K, 100% used [0x00000000d5580000,0x00000000d6b80000,0x00000000d6b80000)
  from space 512K, 31% used [0x00000000d7280000,0x00000000d72a8000,0x00000000d7300000)
  to   space 512K, 0% used [0x00000000d7200000,0x00000000d7200000,0x00000000d7280000)
 ParOldGen       total 355328K, used 331736K [0x0000000080000000, 0x0000000095b00000, 0x00000000d5580000)
  object space 355328K, 93% used [0x0000000080000000,0x00000000943f6230,0x0000000095b00000)
 Metaspace       used 42113K, committed 43136K, reserved 1114112K
  class space    used 4062K, committed 4480K, reserved 1048576K
}
Event: 413.324 GC heap after
{Heap after GC invocations=503 (full 3):
 PSYoungGen      total 23040K, used 96K [0x00000000d5580000, 0x00000000d7300000, 0x0000000100000000)
  eden space 22528K, 0% used [0x00000000d5580000,0x00000000d5580000,0x00000000d6b80000)
  from space 512K, 18% used [0x00000000d7200000,0x00000000d7218000,0x00000000d7280000)
  to   space 512K, 0% used [0x00000000d7280000,0x00000000d7280000,0x00000000d7300000)
 ParOldGen       total 355328K, used 331736K [0x0000000080000000, 0x0000000095b00000, 0x00000000d5580000)
  object space 355328K, 93% used [0x0000000080000000,0x00000000943f6230,0x0000000095b00000)
 Metaspace       used 42113K, committed 43136K, reserved 1114112K
  class space    used 4062K, committed 4480K, reserved 1048576K
}

Dll operation events (10 events):
Event: 0.102 Loaded shared library c:\Users\navindu\.vscode\extensions\redhat.java-1.43.1-win32-x64\jre\21.0.7-win32-x86_64\bin\java.dll
Event: 0.383 Loaded shared library c:\Users\navindu\.vscode\extensions\redhat.java-1.43.1-win32-x64\jre\21.0.7-win32-x86_64\bin\zip.dll
Event: 0.413 Loaded shared library C:\Users\navindu\.vscode\extensions\redhat.java-1.43.1-win32-x64\jre\21.0.7-win32-x86_64\bin\instrument.dll
Event: 0.429 Loaded shared library C:\Users\navindu\.vscode\extensions\redhat.java-1.43.1-win32-x64\jre\21.0.7-win32-x86_64\bin\net.dll
Event: 0.436 Loaded shared library C:\Users\navindu\.vscode\extensions\redhat.java-1.43.1-win32-x64\jre\21.0.7-win32-x86_64\bin\nio.dll
Event: 0.442 Loaded shared library C:\Users\navindu\.vscode\extensions\redhat.java-1.43.1-win32-x64\jre\21.0.7-win32-x86_64\bin\zip.dll
Event: 0.469 Loaded shared library C:\Users\navindu\.vscode\extensions\redhat.java-1.43.1-win32-x64\jre\21.0.7-win32-x86_64\bin\jimage.dll
Event: 0.561 Loaded shared library c:\Users\navindu\.vscode\extensions\redhat.java-1.43.1-win32-x64\jre\21.0.7-win32-x86_64\bin\verify.dll
Event: 2.912 Loaded shared library C:\Users\navindu\AppData\Roaming\Code\User\globalStorage\redhat.java\1.43.1\config_ss_win\org.eclipse.equinox.launcher\org.eclipse.equinox.launcher.win32.win32.x86_64_1.2.1300.v20250331-1702\eclipse_11911.dll
Event: 12.598 Loaded shared library C:\Users\navindu\AppData\Local\Temp\jna-1730397209\jna18207913967448526622.dll

Deoptimization events (20 events):
Event: 413.269 Thread 0x000001edef220f30 DEOPT UNPACKING pc=0x000001ed9bbc78e2 sp=0x0000002bea3fe710 mode 1
Event: 413.269 Thread 0x000001edef223000 DEOPT UNPACKING pc=0x000001ed9bbc78e2 sp=0x0000002bea4fe4b0 mode 1
Event: 413.270 Thread 0x000001edef224a40 Uncommon trap: trap_request=0xffffff45 fr.pc=0x000001ed9c7e3468 relative=0x0000000000003968
Event: 413.270 Thread 0x000001edef224a40 Uncommon trap: reason=unstable_if action=reinterpret pc=0x000001ed9c7e3468 method=org.eclipse.jdt.internal.compiler.parser.Scanner.internalScanIdentifierOrKeyword(II[C)Lorg/eclipse/jdt/internal/compiler/parser/TerminalToken; @ 4175 c2
Event: 413.270 Thread 0x000001edef224a40 DEOPT PACKING pc=0x000001ed9c7e3468 sp=0x0000002bebeff2a0
Event: 413.270 Thread 0x000001edef224a40 DEOPT UNPACKING pc=0x000001ed9bbc6da2 sp=0x0000002bebeff240 mode 2
Event: 413.271 Thread 0x000001edef223000 DEOPT PACKING pc=0x000001ed9c4f72b4 sp=0x0000002bea4ff0e0
Event: 413.271 Thread 0x000001edef223000 DEOPT UNPACKING pc=0x000001ed9bbc78e2 sp=0x0000002bea4fe4b0 mode 1
Event: 413.272 Thread 0x000001edef223000 DEOPT PACKING pc=0x000001ed9c4f72b4 sp=0x0000002bea4ff0e0
Event: 413.272 Thread 0x000001edef223000 DEOPT UNPACKING pc=0x000001ed9bbc78e2 sp=0x0000002bea4fe4b0 mode 1
Event: 413.277 Thread 0x000001edef220f30 DEOPT PACKING pc=0x000001ed95720593 sp=0x0000002bea3ff0d0
Event: 413.277 Thread 0x000001edef220f30 DEOPT UNPACKING pc=0x000001ed9bbc78e2 sp=0x0000002bea3fe680 mode 0
Event: 413.306 Thread 0x000001edef223000 DEOPT PACKING pc=0x000001ed9c4f72b4 sp=0x0000002bea4ff0e0
Event: 413.306 Thread 0x000001edef223000 DEOPT UNPACKING pc=0x000001ed9bbc78e2 sp=0x0000002bea4fe4b0 mode 1
Event: 413.359 Thread 0x000001edef223000 DEOPT PACKING pc=0x000001ed95720593 sp=0x0000002bea4fee70
Event: 413.359 Thread 0x000001edef223000 DEOPT UNPACKING pc=0x000001ed9bbc78e2 sp=0x0000002bea4fe420 mode 0
Event: 413.362 Thread 0x000001edef223000 Uncommon trap: trap_request=0xffffff45 fr.pc=0x000001ed9c774b8c relative=0x00000000000003ac
Event: 413.362 Thread 0x000001edef223000 Uncommon trap: reason=unstable_if action=reinterpret pc=0x000001ed9c774b8c method=java.util.concurrent.ForkJoinPool.awaitWork(Ljava/util/concurrent/ForkJoinPool$WorkQueue;)I @ 266 c2
Event: 413.362 Thread 0x000001edef223000 DEOPT PACKING pc=0x000001ed9c774b8c sp=0x0000002bea4ff2c0
Event: 413.362 Thread 0x000001edef223000 DEOPT UNPACKING pc=0x000001ed9bbc6da2 sp=0x0000002bea4ff240 mode 2

Classes loaded (20 events):
Event: 34.835 Loading class sun/util/logging/resources/logging_en_US
Event: 34.835 Loading class sun/util/logging/resources/logging_en_US done
Event: 34.836 Loading class java/util/Formatter$DateTime
Event: 34.836 Loading class java/util/Formatter$DateTime done
Event: 34.838 Loading class java/time/ZonedDateTime$1
Event: 34.839 Loading class java/time/ZonedDateTime$1 done
Event: 35.802 Loading class java/util/stream/ReduceOps$4
Event: 35.803 Loading class java/util/stream/ReduceOps$4 done
Event: 35.803 Loading class java/util/stream/ReduceOps$4ReducingSink
Event: 35.803 Loading class java/util/stream/ReduceOps$4ReducingSink done
Event: 359.140 Loading class java/lang/Throwable$WrappedPrintWriter
Event: 359.165 Loading class java/lang/Throwable$PrintStreamOrWriter
Event: 359.173 Loading class java/lang/Throwable$PrintStreamOrWriter done
Event: 359.173 Loading class java/lang/Throwable$WrappedPrintWriter done
Event: 359.821 Loading class java/util/concurrent/locks/ReentrantReadWriteLock$Sync$HoldCounter
Event: 359.824 Loading class java/util/concurrent/CompletionException
Event: 359.835 Loading class java/util/concurrent/locks/ReentrantReadWriteLock$Sync$HoldCounter done
Event: 359.836 Loading class java/util/concurrent/CompletionException done
Event: 377.704 Loading class java/nio/channels/CompletionHandler
Event: 377.728 Loading class java/nio/channels/CompletionHandler done

Classes unloaded (15 events):
Event: 15.013 Thread 0x000001ed9133f670 Unloading class 0x000001eda918b400 'java/lang/invoke/LambdaForm$MH+0x000001eda918b400'
Event: 15.013 Thread 0x000001ed9133f670 Unloading class 0x000001eda918b000 'java/lang/invoke/LambdaForm$MH+0x000001eda918b000'
Event: 15.013 Thread 0x000001ed9133f670 Unloading class 0x000001eda918ac00 'java/lang/invoke/LambdaForm$MH+0x000001eda918ac00'
Event: 15.013 Thread 0x000001ed9133f670 Unloading class 0x000001eda918a800 'java/lang/invoke/LambdaForm$MH+0x000001eda918a800'
Event: 15.013 Thread 0x000001ed9133f670 Unloading class 0x000001eda918a400 'java/lang/invoke/LambdaForm$BMH+0x000001eda918a400'
Event: 15.013 Thread 0x000001ed9133f670 Unloading class 0x000001eda918a000 'java/lang/invoke/LambdaForm$DMH+0x000001eda918a000'
Event: 15.013 Thread 0x000001ed9133f670 Unloading class 0x000001eda9188c00 'java/lang/invoke/LambdaForm$DMH+0x000001eda9188c00'
Event: 31.214 Thread 0x000001ed9133f670 Unloading class 0x000001eda9372800 'java/lang/invoke/LambdaForm$MH+0x000001eda9372800'
Event: 31.214 Thread 0x000001ed9133f670 Unloading class 0x000001eda9371800 'java/lang/invoke/LambdaForm$MH+0x000001eda9371800'
Event: 31.214 Thread 0x000001ed9133f670 Unloading class 0x000001eda936a400 'java/lang/invoke/LambdaForm$MH+0x000001eda936a400'
Event: 31.214 Thread 0x000001ed9133f670 Unloading class 0x000001eda9369c00 'java/lang/invoke/LambdaForm$MH+0x000001eda9369c00'
Event: 397.120 Thread 0x000001ed9133f670 Unloading class 0x000001eda9412400 'java/lang/invoke/LambdaForm$DMH+0x000001eda9412400'
Event: 397.120 Thread 0x000001ed9133f670 Unloading class 0x000001eda9404800 'java/lang/invoke/LambdaForm$MH+0x000001eda9404800'
Event: 397.121 Thread 0x000001ed9133f670 Unloading class 0x000001eda93e4c00 'java/lang/invoke/LambdaForm$MH+0x000001eda93e4c00'
Event: 397.122 Thread 0x000001ed9133f670 Unloading class 0x000001eda93e4400 'java/lang/invoke/LambdaForm$MH+0x000001eda93e4400'

Classes redefined (0 events):
No events

Internal exceptions (20 events):
Event: 413.356 Thread 0x000001edef220f30 Exception <a 'java/io/IOException'{0x00000000d5fff958}> (0x00000000d5fff958) 
thrown [s\src\hotspot\share\prims\jni.cpp, line 520]
Event: 413.356 Thread 0x000001edef220f30 Exception <a 'java/io/IOException'{0x00000000d6027a30}> (0x00000000d6027a30) 
thrown [s\src\hotspot\share\prims\jni.cpp, line 520]
Event: 413.357 Thread 0x000001edef224a40 Exception <a 'java/io/IOException'{0x00000000d6065e78}> (0x00000000d6065e78) 
thrown [s\src\hotspot\share\prims\jni.cpp, line 520]
Event: 413.357 Thread 0x000001edef224a40 Exception <a 'java/io/IOException'{0x00000000d6083f50}> (0x00000000d6083f50) 
thrown [s\src\hotspot\share\prims\jni.cpp, line 520]
Event: 413.358 Thread 0x000001edef2250d0 Exception <a 'java/io/IOException'{0x00000000d60bcab8}> (0x00000000d60bcab8) 
thrown [s\src\hotspot\share\prims\jni.cpp, line 520]
Event: 413.359 Thread 0x000001edef224a40 Exception <a 'java/io/IOException'{0x00000000d6104a40}> (0x00000000d6104a40) 
thrown [s\src\hotspot\share\prims\jni.cpp, line 520]
Event: 413.359 Thread 0x000001edef224a40 Exception <a 'java/io/IOException'{0x00000000d61435e8}> (0x00000000d61435e8) 
thrown [s\src\hotspot\share\prims\jni.cpp, line 520]
Event: 413.359 Thread 0x000001edef2250d0 Exception <a 'java/io/IOException'{0x00000000d61580e0}> (0x00000000d61580e0) 
thrown [s\src\hotspot\share\prims\jni.cpp, line 520]
Event: 413.359 Thread 0x000001edef220f30 Exception <a 'java/io/IOException'{0x00000000d6174908}> (0x00000000d6174908) 
thrown [s\src\hotspot\share\prims\jni.cpp, line 520]
Event: 413.359 Thread 0x000001edef223000 Exception <a 'java/io/IOException'{0x00000000d60b3be8}> (0x00000000d60b3be8) 
thrown [s\src\hotspot\share\prims\jni.cpp, line 520]
Event: 413.359 Thread 0x000001edef220f30 Exception <a 'java/io/IOException'{0x00000000d6198a10}> (0x00000000d6198a10) 
thrown [s\src\hotspot\share\prims\jni.cpp, line 520]
Event: 413.360 Thread 0x000001edef2250d0 Exception <a 'java/io/IOException'{0x00000000d61b6bb0}> (0x00000000d61b6bb0) 
thrown [s\src\hotspot\share\prims\jni.cpp, line 520]
Event: 413.360 Thread 0x000001edef224a40 Exception <a 'java/io/IOException'{0x00000000d61faaf8}> (0x00000000d61faaf8) 
thrown [s\src\hotspot\share\prims\jni.cpp, line 520]
Event: 413.362 Thread 0x000001edef223000 Exception <a 'java/io/IOException'{0x00000000d6225878}> (0x00000000d6225878) 
thrown [s\src\hotspot\share\prims\jni.cpp, line 520]
Event: 413.363 Thread 0x000001edef220f30 Exception <a 'java/io/IOException'{0x00000000d626c888}> (0x00000000d626c888) 
thrown [s\src\hotspot\share\prims\jni.cpp, line 520]
Event: 413.364 Thread 0x000001edef224a40 Exception <a 'java/io/IOException'{0x00000000d62932b8}> (0x00000000d62932b8) 
thrown [s\src\hotspot\share\prims\jni.cpp, line 520]
Event: 413.364 Thread 0x000001edef2250d0 Exception <a 'java/io/IOException'{0x00000000d62a8918}> (0x00000000d62a8918) 
thrown [s\src\hotspot\share\prims\jni.cpp, line 520]
Event: 413.365 Thread 0x000001edef220f30 Exception <a 'java/io/IOException'{0x00000000d62c3ed0}> (0x00000000d62c3ed0) 
thrown [s\src\hotspot\share\prims\jni.cpp, line 520]
Event: 413.365 Thread 0x000001edef2250d0 Exception <a 'java/io/IOException'{0x00000000d62e73f8}> (0x00000000d62e73f8) 
thrown [s\src\hotspot\share\prims\jni.cpp, line 520]
Event: 413.365 Thread 0x000001edef2250d0 Exception <a 'java/io/IOException'{0x00000000d6306948}> (0x00000000d6306948) 
thrown [s\src\hotspot\share\prims\jni.cpp, line 520]

ZGC Phase Switch (0 events):
No events

VM Operations (20 events):
Event: 412.921 Executing VM operation: ParallelGCFailedAllocation (Allocation Failure)
Event: 412.923 Executing VM operation: ParallelGCFailedAllocation (Allocation Failure) done
Event: 412.966 Executing VM operation: ParallelGCFailedAllocation (Allocation Failure)
Event: 412.966 Executing VM operation: ParallelGCFailedAllocation (Allocation Failure) done
Event: 413.007 Executing VM operation: ParallelGCFailedAllocation (Allocation Failure)
Event: 413.009 Executing VM operation: ParallelGCFailedAllocation (Allocation Failure) done
Event: 413.048 Executing VM operation: ParallelGCFailedAllocation (Allocation Failure)
Event: 413.050 Executing VM operation: ParallelGCFailedAllocation (Allocation Failure) done
Event: 413.085 Executing VM operation: ParallelGCFailedAllocation (Allocation Failure)
Event: 413.086 Executing VM operation: ParallelGCFailedAllocation (Allocation Failure) done
Event: 413.151 Executing VM operation: ParallelGCFailedAllocation (Allocation Failure)
Event: 413.153 Executing VM operation: ParallelGCFailedAllocation (Allocation Failure) done
Event: 413.186 Executing VM operation: ParallelGCFailedAllocation (Allocation Failure)
Event: 413.187 Executing VM operation: ParallelGCFailedAllocation (Allocation Failure) done
Event: 413.227 Executing VM operation: ParallelGCFailedAllocation (Allocation Failure)
Event: 413.230 Executing VM operation: ParallelGCFailedAllocation (Allocation Failure) done
Event: 413.268 Executing VM operation: ParallelGCFailedAllocation (Allocation Failure)
Event: 413.269 Executing VM operation: ParallelGCFailedAllocation (Allocation Failure) done
Event: 413.323 Executing VM operation: ParallelGCFailedAllocation (Allocation Failure)
Event: 413.324 Executing VM operation: ParallelGCFailedAllocation (Allocation Failure) done

Memory protections (0 events):
No events

Nmethod flushes (20 events):
Event: 398.487 Thread 0x000001ed9133f670 flushing  nmethod 0x000001ed94e84b90
Event: 398.487 Thread 0x000001ed9133f670 flushing  nmethod 0x000001ed94e85890
Event: 398.488 Thread 0x000001ed9133f670 flushing  nmethod 0x000001ed94e8aa90
Event: 398.488 Thread 0x000001ed9133f670 flushing  nmethod 0x000001ed94e8ea90
Event: 398.488 Thread 0x000001ed9133f670 flushing  nmethod 0x000001ed94e8f090
Event: 398.488 Thread 0x000001ed9133f670 flushing  nmethod 0x000001ed94e9a290
Event: 398.488 Thread 0x000001ed9133f670 flushing  nmethod 0x000001ed94e9a690
Event: 398.488 Thread 0x000001ed9133f670 flushing  nmethod 0x000001ed94e9aa90
Event: 398.488 Thread 0x000001ed9133f670 flushing  nmethod 0x000001ed94e9b410
Event: 398.488 Thread 0x000001ed9133f670 flushing  nmethod 0x000001ed94e9b910
Event: 398.488 Thread 0x000001ed9133f670 flushing  nmethod 0x000001ed94e9f810
Event: 398.488 Thread 0x000001ed9133f670 flushing  nmethod 0x000001ed94eb4190
Event: 398.488 Thread 0x000001ed9133f670 flushing  nmethod 0x000001ed94ec3390
Event: 398.488 Thread 0x000001ed9133f670 flushing osr nmethod 0x000001ed94ed6990
Event: 398.488 Thread 0x000001ed9133f670 flushing  nmethod 0x000001ed94ed7c10
Event: 398.488 Thread 0x000001ed9133f670 flushing  nmethod 0x000001ed94f45390
Event: 398.488 Thread 0x000001ed9133f670 flushing  nmethod 0x000001ed94f5e790
Event: 398.488 Thread 0x000001ed9133f670 flushing  nmethod 0x000001ed94f67490
Event: 398.488 Thread 0x000001ed9133f670 flushing  nmethod 0x000001ed94f68890
Event: 398.488 Thread 0x000001ed9133f670 flushing  nmethod 0x000001ed94f68b90

Events (20 events):
Event: 16.872 Thread 0x000001ed91453d20 Thread added: 0x000001edee232950
Event: 16.872 Thread 0x000001ed91453d20 Thread added: 0x000001edee233d00
Event: 16.872 Thread 0x000001ed91453d20 Thread added: 0x000001edee231c30
Event: 16.873 Thread 0x000001ed91453d20 Thread added: 0x000001edee232fe0
Event: 16.873 Thread 0x000001ed91453d20 Thread added: 0x000001edee233670
Event: 17.085 Thread 0x000001ed91453d20 Thread added: 0x000001edee234a20
Event: 17.257 Thread 0x000001edee2ed8b0 Thread added: 0x000001edee234390
Event: 17.606 Thread 0x000001ed91453d20 Thread added: 0x000001edee2322c0
Event: 17.606 Thread 0x000001ed91453d20 Thread added: 0x000001edef2250d0
Event: 18.021 Thread 0x000001edee2350b0 Thread exited: 0x000001edee2350b0
Event: 24.078 Thread 0x000001edef2250d0 Thread added: 0x000001edef2222e0
Event: 24.083 Thread 0x000001edef2222e0 Thread added: 0x000001edef220210
Event: 94.911 Thread 0x000001edef2222e0 Thread exited: 0x000001edef2222e0
Event: 97.015 Thread 0x000001edee234390 Thread exited: 0x000001edee234390
Event: 154.952 Thread 0x000001edef220210 Thread exited: 0x000001edef220210
Event: 313.127 Thread 0x000001ed9137c7c0 Thread added: 0x000001edee168950
Event: 317.579 Thread 0x000001edee168950 Thread exited: 0x000001edee168950
Event: 359.586 Thread 0x000001edef2250d0 Thread added: 0x000001edef220f30
Event: 359.624 Thread 0x000001edef2250d0 Thread added: 0x000001edef223000
Event: 359.633 Thread 0x000001edef2250d0 Thread added: 0x000001edef224a40


Dynamic libraries:
0x00007ff67cb80000 - 0x00007ff67cb8e000 	c:\Users\navindu\.vscode\extensions\redhat.java-1.43.1-win32-x64\jre\21.0.7-win32-x86_64\bin\java.exe
0x00007ffbcfbf0000 - 0x00007ffbcfe07000 	C:\WINDOWS\SYSTEM32\ntdll.dll
0x00007ffbcf030000 - 0x00007ffbcf0f4000 	C:\WINDOWS\System32\KERNEL32.DLL
0x00007ffbcd2a0000 - 0x00007ffbcd672000 	C:\WINDOWS\System32\KERNELBASE.dll
0x00007ffbccfe0000 - 0x00007ffbcd0f1000 	C:\WINDOWS\System32\ucrtbase.dll
0x00007ffbb8310000 - 0x00007ffbb832e000 	c:\Users\navindu\.vscode\extensions\redhat.java-1.43.1-win32-x64\jre\21.0.7-win32-x86_64\bin\VCRUNTIME140.dll
0x00007ffbb7530000 - 0x00007ffbb7548000 	c:\Users\navindu\.vscode\extensions\redhat.java-1.43.1-win32-x64\jre\21.0.7-win32-x86_64\bin\jli.dll
0x00007ffbcf7e0000 - 0x00007ffbcf991000 	C:\WINDOWS\System32\USER32.dll
0x00007ffbcd100000 - 0x00007ffbcd126000 	C:\WINDOWS\System32\win32u.dll
0x00007ffbcded0000 - 0x00007ffbcdef9000 	C:\WINDOWS\System32\GDI32.dll
0x00007ffbcce00000 - 0x00007ffbccf23000 	C:\WINDOWS\System32\gdi32full.dll
0x00007ffbccce0000 - 0x00007ffbccd7a000 	C:\WINDOWS\System32\msvcp_win.dll
0x00007ffbb3ca0000 - 0x00007ffbb3f3b000 	C:\WINDOWS\WinSxS\amd64_microsoft.windows.common-controls_6595b64144ccf1df_6.0.22621.5415_none_270d77d17387d7da\COMCTL32.dll
0x00007ffbcd920000 - 0x00007ffbcd9c7000 	C:\WINDOWS\System32\msvcrt.dll
0x00007ffbcee20000 - 0x00007ffbcee51000 	C:\WINDOWS\System32\IMM32.DLL
0x00007ffbc6930000 - 0x00007ffbc693c000 	c:\Users\navindu\.vscode\extensions\redhat.java-1.43.1-win32-x64\jre\21.0.7-win32-x86_64\bin\vcruntime140_1.dll
0x00007ffb88210000 - 0x00007ffb8829d000 	c:\Users\navindu\.vscode\extensions\redhat.java-1.43.1-win32-x64\jre\21.0.7-win32-x86_64\bin\msvcp140.dll
0x00007ffb62ce0000 - 0x00007ffb63a70000 	c:\Users\navindu\.vscode\extensions\redhat.java-1.43.1-win32-x64\jre\21.0.7-win32-x86_64\bin\server\jvm.dll
0x00007ffbcf100000 - 0x00007ffbcf1b1000 	C:\WINDOWS\System32\ADVAPI32.dll
0x00007ffbcd9d0000 - 0x00007ffbcda78000 	C:\WINDOWS\System32\sechost.dll
0x00007ffbccfb0000 - 0x00007ffbccfd8000 	C:\WINDOWS\System32\bcrypt.dll
0x00007ffbcf6c0000 - 0x00007ffbcf7d4000 	C:\WINDOWS\System32\RPCRT4.dll
0x00007ffbcf640000 - 0x00007ffbcf6b1000 	C:\WINDOWS\System32\WS2_32.dll
0x00007ffbcca00000 - 0x00007ffbcca4d000 	C:\WINDOWS\SYSTEM32\POWRPROF.dll
0x00007ffbbdb10000 - 0x00007ffbbdb44000 	C:\WINDOWS\SYSTEM32\WINMM.dll
0x00007ffbc6e00000 - 0x00007ffbc6e0a000 	C:\WINDOWS\SYSTEM32\VERSION.dll
0x00007ffbcc9e0000 - 0x00007ffbcc9f3000 	C:\WINDOWS\SYSTEM32\UMPDC.dll
0x00007ffbcbcd0000 - 0x00007ffbcbce8000 	C:\WINDOWS\SYSTEM32\kernel.appcore.dll
0x00007ffbb8f10000 - 0x00007ffbb8f1a000 	c:\Users\navindu\.vscode\extensions\redhat.java-1.43.1-win32-x64\jre\21.0.7-win32-x86_64\bin\jimage.dll
0x00007ffbca6e0000 - 0x00007ffbca913000 	C:\WINDOWS\SYSTEM32\DBGHELP.DLL
0x00007ffbcda90000 - 0x00007ffbcde23000 	C:\WINDOWS\System32\combase.dll
0x00007ffbcf1d0000 - 0x00007ffbcf2a7000 	C:\WINDOWS\System32\OLEAUT32.dll
0x00007ffbc94f0000 - 0x00007ffbc9522000 	C:\WINDOWS\SYSTEM32\dbgcore.DLL
0x00007ffbccd80000 - 0x00007ffbccdfb000 	C:\WINDOWS\System32\bcryptPrimitives.dll
0x00007ffbb8d80000 - 0x00007ffbb8d8f000 	c:\Users\navindu\.vscode\extensions\redhat.java-1.43.1-win32-x64\jre\21.0.7-win32-x86_64\bin\instrument.dll
0x00007ffbb5a80000 - 0x00007ffbb5a9f000 	c:\Users\navindu\.vscode\extensions\redhat.java-1.43.1-win32-x64\jre\21.0.7-win32-x86_64\bin\java.dll
0x00007ffbce3d0000 - 0x00007ffbcec72000 	C:\WINDOWS\System32\SHELL32.dll
0x00007ffbcd680000 - 0x00007ffbcd7bf000 	C:\WINDOWS\System32\wintypes.dll
0x00007ffbcabc0000 - 0x00007ffbcb4de000 	C:\WINDOWS\SYSTEM32\windows.storage.dll
0x00007ffbcf2b0000 - 0x00007ffbcf3bb000 	C:\WINDOWS\System32\SHCORE.dll
0x00007ffbcf470000 - 0x00007ffbcf4d9000 	C:\WINDOWS\System32\shlwapi.dll
0x00007ffbccc10000 - 0x00007ffbccc3b000 	C:\WINDOWS\SYSTEM32\profapi.dll
0x00007ffbb5810000 - 0x00007ffbb5828000 	c:\Users\navindu\.vscode\extensions\redhat.java-1.43.1-win32-x64\jre\21.0.7-win32-x86_64\bin\zip.dll
0x00007ffbb8cc0000 - 0x00007ffbb8cd0000 	C:\Users\navindu\.vscode\extensions\redhat.java-1.43.1-win32-x64\jre\21.0.7-win32-x86_64\bin\net.dll
0x00007ffbc3fd0000 - 0x00007ffbc40fc000 	C:\WINDOWS\SYSTEM32\WINHTTP.dll
0x00007ffbcc140000 - 0x00007ffbcc1a9000 	C:\WINDOWS\system32\mswsock.dll
0x00007ffbb57f0000 - 0x00007ffbb5806000 	C:\Users\navindu\.vscode\extensions\redhat.java-1.43.1-win32-x64\jre\21.0.7-win32-x86_64\bin\nio.dll
0x00007ffbb80f0000 - 0x00007ffbb8100000 	c:\Users\navindu\.vscode\extensions\redhat.java-1.43.1-win32-x64\jre\21.0.7-win32-x86_64\bin\verify.dll
0x00007ffbafa20000 - 0x00007ffbafa65000 	C:\Users\navindu\AppData\Roaming\Code\User\globalStorage\redhat.java\1.43.1\config_ss_win\org.eclipse.equinox.launcher\org.eclipse.equinox.launcher.win32.win32.x86_64_1.2.1300.v20250331-1702\eclipse_11911.dll
0x00007ffbcec80000 - 0x00007ffbcee20000 	C:\WINDOWS\System32\ole32.dll
0x00007ffbcc380000 - 0x00007ffbcc39b000 	C:\WINDOWS\SYSTEM32\CRYPTSP.dll
0x00007ffbcbc30000 - 0x00007ffbcbc67000 	C:\WINDOWS\system32\rsaenh.dll
0x00007ffbcc1f0000 - 0x00007ffbcc218000 	C:\WINDOWS\SYSTEM32\USERENV.dll
0x00007ffbcc370000 - 0x00007ffbcc37c000 	C:\WINDOWS\SYSTEM32\CRYPTBASE.dll
0x00007ffbcb740000 - 0x00007ffbcb76d000 	C:\WINDOWS\SYSTEM32\IPHLPAPI.DLL
0x00007ffbcda80000 - 0x00007ffbcda89000 	C:\WINDOWS\System32\NSI.dll
0x00007ffba6dc0000 - 0x00007ffba6e09000 	C:\Users\navindu\AppData\Local\Temp\jna-1730397209\jna18207913967448526622.dll
0x00007ffbcf1c0000 - 0x00007ffbcf1c8000 	C:\WINDOWS\System32\PSAPI.DLL
0x00007ffbc4560000 - 0x00007ffbc4579000 	C:\WINDOWS\SYSTEM32\dhcpcsvc6.DLL
0x00007ffbc3af0000 - 0x00007ffbc3b0f000 	C:\WINDOWS\SYSTEM32\dhcpcsvc.DLL

dbghelp: loaded successfully - version: 4.0.5 - missing functions: none
symbol engine: initialized successfully - sym options: 0x614 - pdb path: .;c:\Users\navindu\.vscode\extensions\redhat.java-1.43.1-win32-x64\jre\21.0.7-win32-x86_64\bin;C:\WINDOWS\SYSTEM32;C:\WINDOWS\WinSxS\amd64_microsoft.windows.common-controls_6595b64144ccf1df_6.0.22621.5415_none_270d77d17387d7da;c:\Users\navindu\.vscode\extensions\redhat.java-1.43.1-win32-x64\jre\21.0.7-win32-x86_64\bin\server;C:\Users\navindu\AppData\Roaming\Code\User\globalStorage\redhat.java\1.43.1\config_ss_win\org.eclipse.equinox.launcher\org.eclipse.equinox.launcher.win32.win32.x86_64_1.2.1300.v20250331-1702;C:\Users\navindu\AppData\Local\Temp\jna-1730397209

VM Arguments:
jvm_args: --add-modules=ALL-SYSTEM --add-opens=java.base/java.util=ALL-UNNAMED --add-opens=java.base/java.lang=ALL-UNNAMED --add-opens=java.base/sun.nio.fs=ALL-UNNAMED -Declipse.application=org.eclipse.jdt.ls.core.id1 -Dosgi.bundles.defaultStartLevel=4 -Declipse.product=org.eclipse.jdt.ls.core.product -Djava.import.generatesMetadataFilesAtProjectRoot=false -DDetectVMInstallationsJob.disabled=true -Dfile.encoding=utf8 -XX:+UseParallelGC -XX:GCTimeRatio=4 -XX:AdaptiveSizePolicyWeight=90 -Dsun.zip.disableMemoryMapping=true -Xmx2G -Xms100m -Xlog:disable -javaagent:c:\Users\navindu\.vscode\extensions\redhat.java-1.43.1-win32-x64\lombok\lombok-1.18.39-4050.jar 
java_command: c:\Users\navindu\.vscode\extensions\redhat.java-1.43.1-win32-x64\server\plugins\org.eclipse.equinox.launcher_1.7.0.v20250519-0528.jar -configuration c:\Users\navindu\AppData\Roaming\Code\User\globalStorage\redhat.java\1.43.1\config_ss_win -data c:\Users\navindu\AppData\Roaming\Code\User\workspaceStorage\935ea08e3a07c008de49f0b09361651e\redhat.java\ss_ws --pipe=\\.\pipe\lsp-7c2bf3552125429baa1936db9406994b-sock
java_class_path (initial): c:\Users\navindu\.vscode\extensions\redhat.java-1.43.1-win32-x64\server\plugins\org.eclipse.equinox.launcher_1.7.0.v20250519-0528.jar
Launcher Type: SUN_STANDARD

[Global flags]
    uintx AdaptiveSizePolicyWeight                 = 90                                        {product} {command line}
     intx CICompilerCount                          = 3                                         {product} {ergonomic}
    uintx GCTimeRatio                              = 4                                         {product} {command line}
   size_t InitialHeapSize                          = 104857600                                 {product} {command line}
   size_t MaxHeapSize                              = 2147483648                                {product} {command line}
   size_t MaxNewSize                               = 715653120                                 {product} {ergonomic}
   size_t MinHeapDeltaBytes                        = 524288                                    {product} {ergonomic}
   size_t MinHeapSize                              = 104857600                                 {product} {command line}
   size_t NewSize                                  = 34603008                                  {product} {ergonomic}
    uintx NonNMethodCodeHeapSize                   = 5832780                                {pd product} {ergonomic}
    uintx NonProfiledCodeHeapSize                  = 122912730                              {pd product} {ergonomic}
   size_t OldSize                                  = 70254592                                  {product} {ergonomic}
    uintx ProfiledCodeHeapSize                     = 122912730                              {pd product} {ergonomic}
    uintx ReservedCodeCacheSize                    = 251658240                              {pd product} {ergonomic}
     bool SegmentedCodeCache                       = true                                      {product} {ergonomic}
   size_t SoftMaxHeapSize                          = 2147483648                             {manageable} {ergonomic}
     bool UseCompressedOops                        = true                           {product lp64_product} {ergonomic}
     bool UseLargePagesIndividualAllocation        = false                                  {pd product} {ergonomic}
     bool UseParallelGC                            = true                                      {product} {command line}

Logging:
Log output configuration:
 #0: stdout all=off uptime,level,tags foldmultilines=false
 #1: stderr all=off uptime,level,tags foldmultilines=false

Environment Variables:
PATH=C:\python\Scripts\;C:\python\;C:\Program Files\Common Files\Oracle\Java\javapath;C:\PHP\;C:\TDM-GCC-64\bin;C:\Program Files (x86)\Common Files\Oracle\Java\javapath;C:\WINDOWS;C:\WINDOWS\System32\Wbem;C:\WINDOWS\System32\WindowsPowerShell\v1.0\;C:\WINDOWS\System32\OpenSSH\;C:\Program Files\Git\cmd;C:\MinGW\bin;C:\Program Files (x86)\Apache Software Foundation\Apache2.2\bin;C:\Program Files\Microsoft VS Code\bin;C:\Windows\System32;C:\Program Files\nodejs\;C:\ProgramData\chocolatey\bin;C:\Users\navindu\AppData\Local\Programs\Python\Python313\Scripts\;C:\Users\navindu\AppData\Local\Programs\Python\Python313\;C:\Users\navindu\AppData\Local\Programs\Python\Launcher\;C:\Users\navindu\AppData\Local\Microsoft\WindowsApps;C:\msys64\mingw64\bin;C:\Program Files\JetBrains\IntelliJ IDEA Community Edition 2024.2.1\bin;;C:\python\Python.exe;C:\Users\navindu\AppData\Local\ComposerSetup\bin;C:\Users\navindu\AppData\Roaming\Composer\vendor\bin;C:\Users\navindu\AppData\Roaming\npm
USERNAME=navindu
OS=Windows_NT
PROCESSOR_IDENTIFIER=Intel64 Family 6 Model 140 Stepping 1, GenuineIntel
TMP=C:\Users\navindu\AppData\Local\Temp
TEMP=C:\Users\navindu\AppData\Local\Temp




Periodic native trim disabled

---------------  S Y S T E M  ---------------

OS:
 Windows 11 , 64 bit Build 22621 (10.0.22621.5415)
OS uptime: 0 days 7:02 hours
Hyper-V role detected

CPU: total 4 (initial active 4) (2 cores per cpu, 2 threads per core) family 6 model 140 stepping 1 microcode 0xa6, cx8, cmov, fxsr, ht, mmx, 3dnowpref, sse, sse2, sse3, ssse3, sse4.1, sse4.2, popcnt, lzcnt, tsc, tscinvbit, avx, avx2, aes, erms, clmul, bmi1, bmi2, adx, avx512f, avx512dq, avx512cd, avx512bw, avx512vl, sha, fma, vzeroupper, avx512_vpopcntdq, avx512_vpclmulqdq, avx512_vaes, avx512_vnni, clflush, clflushopt, clwb, avx512_vbmi2, avx512_vbmi, hv, rdtscp, rdpid, fsrm, gfni, avx512_bitalg, f16c, cet_ibt, cet_ss, avx512_ifma
Processor Information for the first 4 processors :
  Max Mhz: 2995, Current Mhz: 2995, Mhz Limit: 2995

Memory: 4k page, system-wide physical 3790M (286M free)
TotalPageFile size 15566M (AvailPageFile size 3M)
current process WorkingSet (physical memory assigned to process): 124M, peak: 241M
current process commit charge ("private bytes"): 608M, peak: 1608M

vm_info: OpenJDK 64-Bit Server VM (21.0.7+6-LTS) for windows-amd64 JRE (21.0.7+6-LTS), built on 2025-04-15T00:00:00Z by "admin" with MS VC++ 17.7 (VS2022)

END.
