#
# There is insufficient memory for the Java Runtime Environment to continue.
# Native memory allocation (malloc) failed to allocate 1734144 bytes. Error detail: Chunk::new
# Possible reasons:
#   The system is out of physical RAM or swap space
#   This process is running with CompressedOops enabled, and the Java Heap may be blocking the growth of the native heap
# Possible solutions:
#   Reduce memory load on the system
#   Increase physical memory or swap space
#   Check if swap backing store is full
#   Decrease Java heap size (-Xmx/-Xms)
#   Decrease number of Java threads
#   Decrease Java thread stack sizes (-Xss)
#   Set larger code cache with -XX:ReservedCodeCacheSize=
#   JVM is running with Unscaled Compressed Oops mode in which the Java heap is
#     placed in the first 4GB address space. The Java Heap base address is the
#     maximum limit for the native heap growth. Please use -XX:HeapBaseMinAddress
#     to set the Java Heap base and to place the Java Heap above 4GB virtual address.
# This output file may be truncated or incomplete.
#
#  Out of Memory Error (arena.cpp:168), pid=2716, tid=11344
#
# JRE version: OpenJDK Runtime Environment Temurin-21.0.7+6 (21.0.7+6) (build 21.0.7+6-LTS)
# Java VM: OpenJDK 64-Bit Server VM Temurin-21.0.7+6 (21.0.7+6-LTS, mixed mode, sharing, tiered, compressed oops, compressed class ptrs, parallel gc, windows-amd64)
# No core dump will be written. Minidumps are not enabled by default on client versions of Windows
#

---------------  S U M M A R Y ------------

Command Line: --add-modules=ALL-SYSTEM --add-opens=java.base/java.util=ALL-UNNAMED --add-opens=java.base/java.lang=ALL-UNNAMED --add-opens=java.base/sun.nio.fs=ALL-UNNAMED -Declipse.application=org.eclipse.jdt.ls.core.id1 -Dosgi.bundles.defaultStartLevel=4 -Declipse.product=org.eclipse.jdt.ls.core.product -Djava.import.generatesMetadataFilesAtProjectRoot=false -DDetectVMInstallationsJob.disabled=true -Dfile.encoding=utf8 -XX:+UseParallelGC -XX:GCTimeRatio=4 -XX:AdaptiveSizePolicyWeight=90 -Dsun.zip.disableMemoryMapping=true -Xmx2G -Xms100m -Xlog:disable -javaagent:c:\Users\navindu\.vscode\extensions\redhat.java-1.43.1-win32-x64\lombok\lombok-1.18.39-4050.jar -XX:+HeapDumpOnOutOfMemoryError -XX:HeapDumpPath=c:\Users\navindu\AppData\Roaming\Code\User\workspaceStorage\935ea08e3a07c008de49f0b09361651e\redhat.java -Daether.dependencyCollector.impl=bf c:\Users\navindu\.vscode\extensions\redhat.java-1.43.1-win32-x64\server\plugins\org.eclipse.equinox.launcher_1.7.0.v20250519-0528.jar -configuration c:\Users\navindu\AppData\Roaming\Code\User\globalStorage\redhat.java\1.43.1\config_win -data c:\Users\navindu\AppData\Roaming\Code\User\workspaceStorage\935ea08e3a07c008de49f0b09361651e\redhat.java\jdt_ws --pipe=\\.\pipe\lsp-c5d6ce0f7311f4d17afe5511ca896566-sock

Host: 11th Gen Intel(R) Core(TM) i3-1115G4 @ 3.00GHz, 4 cores, 3G,  Windows 11 , 64 bit Build 22621 (10.0.22621.5415)
Time: Sat Jul 19 01:44:53 2025 Sri Lanka Standard Time elapsed time: 33.653820 seconds (0d 0h 0m 33s)

---------------  T H R E A D  ---------------

Current thread (0x000002ed7c599c00):  JavaThread "C2 CompilerThread0" daemon [_thread_in_native, id=11344, stack(0x000000fe58e00000,0x000000fe58f00000) (1024K)]


Current CompileTask:
C2:33654 4390   !   4       org.eclipse.osgi.internal.loader.classpath.ClasspathManager::findClassImpl (343 bytes)

Stack: [0x000000fe58e00000,0x000000fe58f00000]
Native frames: (J=compiled Java code, j=interpreted, Vv=VM code, C=native code)
V  [jvm.dll+0x6ce119]
V  [jvm.dll+0x8a84a1]
V  [jvm.dll+0x8aa9ce]
V  [jvm.dll+0x8ab0b3]
V  [jvm.dll+0x27f8a6]
V  [jvm.dll+0xc507d]
V  [jvm.dll+0xc55b3]
V  [jvm.dll+0x3b692c]
V  [jvm.dll+0x382aa5]
V  [jvm.dll+0x381f0a]
V  [jvm.dll+0x247af0]
V  [jvm.dll+0x2470cf]
V  [jvm.dll+0x1c760e]
V  [jvm.dll+0x25695a]
V  [jvm.dll+0x254efa]
V  [jvm.dll+0x3f03f6]
V  [jvm.dll+0x851f6b]
V  [jvm.dll+0x6cc7dd]
C  [ucrtbase.dll+0x29333]
C  [KERNEL32.DLL+0x1259d]
C  [ntdll.dll+0x5af78]


---------------  P R O C E S S  ---------------

Threads class SMR info:
_java_thread_list=0x000002ed7e37d190, length=23, elements={
0x000002ed69bb5210, 0x000002ed7c58de50, 0x000002ed7c58eeb0, 0x000002ed7c592540,
0x000002ed7c5913c0, 0x000002ed7c593350, 0x000002ed7c596dc0, 0x000002ed7c599c00,
0x000002ed7c609ae0, 0x000002ed7d24cd10, 0x000002ed7d47b700, 0x000002ed7dcbc970,
0x000002ed7d9a2970, 0x000002ed7d63fa30, 0x000002ed7d4ea1e0, 0x000002ed7e040c20,
0x000002ed7e216430, 0x000002ed7dbadbc0, 0x000002ed7dbae8e0, 0x000002ed7dbad530,
0x000002ed7dbae250, 0x000002ed7dbaf600, 0x000002ed7dbafc90
}

Java Threads: ( => current thread )
  0x000002ed69bb5210 JavaThread "main"                              [_thread_blocked, id=11740, stack(0x000000fe58400000,0x000000fe58500000) (1024K)]
  0x000002ed7c58de50 JavaThread "Reference Handler"          daemon [_thread_blocked, id=11212, stack(0x000000fe58800000,0x000000fe58900000) (1024K)]
  0x000002ed7c58eeb0 JavaThread "Finalizer"                  daemon [_thread_blocked, id=2536, stack(0x000000fe58900000,0x000000fe58a00000) (1024K)]
  0x000002ed7c592540 JavaThread "Signal Dispatcher"          daemon [_thread_blocked, id=14812, stack(0x000000fe58a00000,0x000000fe58b00000) (1024K)]
  0x000002ed7c5913c0 JavaThread "Attach Listener"            daemon [_thread_blocked, id=14924, stack(0x000000fe58b00000,0x000000fe58c00000) (1024K)]
  0x000002ed7c593350 JavaThread "Service Thread"             daemon [_thread_blocked, id=4516, stack(0x000000fe58c00000,0x000000fe58d00000) (1024K)]
  0x000002ed7c596dc0 JavaThread "Monitor Deflation Thread"   daemon [_thread_blocked, id=13596, stack(0x000000fe58d00000,0x000000fe58e00000) (1024K)]
=>0x000002ed7c599c00 JavaThread "C2 CompilerThread0"         daemon [_thread_in_native, id=11344, stack(0x000000fe58e00000,0x000000fe58f00000) (1024K)]
  0x000002ed7c609ae0 JavaThread "C1 CompilerThread0"         daemon [_thread_blocked, id=3968, stack(0x000000fe58f00000,0x000000fe59000000) (1024K)]
  0x000002ed7d24cd10 JavaThread "Common-Cleaner"             daemon [_thread_blocked, id=13472, stack(0x000000fe59000000,0x000000fe59100000) (1024K)]
  0x000002ed7d47b700 JavaThread "Notification Thread"        daemon [_thread_blocked, id=10664, stack(0x000000fe59100000,0x000000fe59200000) (1024K)]
  0x000002ed7dcbc970 JavaThread "Active Thread: Equinox Container: be90e2fa-055a-4fb4-ae59-716474912a2d"        [_thread_blocked, id=14604, stack(0x000000fe59500000,0x000000fe59600000) (1024K)]
  0x000002ed7d9a2970 JavaThread "Refresh Thread: Equinox Container: be90e2fa-055a-4fb4-ae59-716474912a2d" daemon [_thread_blocked, id=3252, stack(0x000000fe59600000,0x000000fe59700000) (1024K)]
  0x000002ed7d63fa30 JavaThread "Framework Event Dispatcher: Equinox Container: be90e2fa-055a-4fb4-ae59-716474912a2d" daemon [_thread_blocked, id=11540, stack(0x000000fe59700000,0x000000fe59800000) (1024K)]
  0x000002ed7d4ea1e0 JavaThread "Start Level: Equinox Container: be90e2fa-055a-4fb4-ae59-716474912a2d" daemon [_thread_in_vm, id=8632, stack(0x000000fe59800000,0x000000fe59900000) (1024K)]
  0x000002ed7e040c20 JavaThread "Bundle File Closer"         daemon [_thread_blocked, id=9036, stack(0x000000fe59900000,0x000000fe59a00000) (1024K)]
  0x000002ed7e216430 JavaThread "SCR Component Actor"        daemon [_thread_blocked, id=13348, stack(0x000000fe59a00000,0x000000fe59b00000) (1024K)]
  0x000002ed7dbadbc0 JavaThread "SCR Component Registry"     daemon [_thread_blocked, id=12732, stack(0x000000fe59b00000,0x000000fe59c00000) (1024K)]
  0x000002ed7dbae8e0 JavaThread "Worker-JM"                         [_thread_blocked, id=11228, stack(0x000000fe59c00000,0x000000fe59d00000) (1024K)]
  0x000002ed7dbad530 JavaThread "JNA Cleaner"                daemon [_thread_blocked, id=2912, stack(0x000000fe59d00000,0x000000fe59e00000) (1024K)]
  0x000002ed7dbae250 JavaThread "Worker-0: Repository registry initialization"        [_thread_in_vm, id=11204, stack(0x000000fe59e00000,0x000000fe59f00000) (1024K)]
  0x000002ed7dbaf600 JavaThread "Worker-1"                          [_thread_blocked, id=8316, stack(0x000000fe59f00000,0x000000fe5a000000) (1024K)]
  0x000002ed7dbafc90 JavaThread "Worker-2"                          [_thread_blocked, id=12508, stack(0x000000fe5a000000,0x000000fe5a100000) (1024K)]
Total: 23

Other Threads:
  0x000002ed7c56e880 VMThread "VM Thread"                           [id=1572, stack(0x000000fe58700000,0x000000fe58800000) (1024K)]
  0x000002ed69c1fb00 WatcherThread "VM Periodic Task Thread"        [id=11856, stack(0x000000fe58600000,0x000000fe58700000) (1024K)]
  0x000002ed69bd2510 WorkerThread "GC Thread#0"                     [id=8400, stack(0x000000fe58500000,0x000000fe58600000) (1024K)]
  0x000002ed7d4925c0 WorkerThread "GC Thread#1"                     [id=5240, stack(0x000000fe59200000,0x000000fe59300000) (1024K)]
  0x000002ed7d492960 WorkerThread "GC Thread#2"                     [id=88, stack(0x000000fe59300000,0x000000fe59400000) (1024K)]
  0x000002ed7d60e9f0 WorkerThread "GC Thread#3"                     [id=1232, stack(0x000000fe59400000,0x000000fe59500000) (1024K)]
Total: 6

Threads with active compile tasks:
C2 CompilerThread0  33704 4390   !   4       org.eclipse.osgi.internal.loader.classpath.ClasspathManager::findClassImpl (343 bytes)
Total: 1

VM state: not at safepoint (normal execution)

VM Mutex/Monitor currently owned by a thread: None

Heap address: 0x0000000080000000, size: 2048 MB, Compressed Oops mode: 32-bit

CDS archive(s) mapped at: [0x000002ed04000000-0x000002ed04ba0000-0x000002ed04ba0000), size 12189696, SharedBaseAddress: 0x000002ed04000000, ArchiveRelocationMode: 1.
Compressed class space mapped at: 0x000002ed05000000-0x000002ed45000000, reserved size: 1073741824
Narrow klass base: 0x000002ed04000000, Narrow klass shift: 0, Narrow klass range: 0x100000000

GC Precious Log:
 CardTable entry size: 512
 CPUs: 4 total, 4 available
 Memory: 3790M
 Large Page Support: Disabled
 NUMA Support: Disabled
 Compressed Oops: Enabled (32-bit)
 Alignments: Space 512K, Generation 512K, Heap 2M
 Heap Min Capacity: 100M
 Heap Initial Capacity: 100M
 Heap Max Capacity: 2G
 Pre-touch: Disabled
 Parallel Workers: 4

Heap:
 PSYoungGen      total 26112K, used 7589K [0x00000000d5580000, 0x00000000d7380000, 0x0000000100000000)
  eden space 23552K, 25% used [0x00000000d5580000,0x00000000d5b4f508,0x00000000d6c80000)
  from space 2560K, 64% used [0x00000000d6f00000,0x00000000d709a170,0x00000000d7180000)
  to   space 2048K, 0% used [0x00000000d7180000,0x00000000d7180000,0x00000000d7380000)
 ParOldGen       total 68608K, used 12685K [0x0000000080000000, 0x0000000084300000, 0x00000000d5580000)
  object space 68608K, 18% used [0x0000000080000000,0x0000000080c637a0,0x0000000084300000)
 Metaspace       used 26422K, committed 27456K, reserved 1114112K
  class space    used 2608K, committed 3008K, reserved 1048576K

Card table byte_map: [0x000002ed69550000,0x000002ed69960000] _byte_map_base: 0x000002ed69150000

Marking Bits: (ParMarkBitMap*) 0x00007ffb5bc631f0
 Begin Bits: [0x000002ed00000000, 0x000002ed02000000)
 End Bits:   [0x000002ed02000000, 0x000002ed04000000)

Polling page: 0x000002ed67bf0000

Metaspace:

Usage:
  Non-class:     23.26 MB used.
      Class:      2.55 MB used.
       Both:     25.80 MB used.

Virtual space:
  Non-class space:       64.00 MB reserved,      23.88 MB ( 37%) committed,  1 nodes.
      Class space:        1.00 GB reserved,       2.94 MB ( <1%) committed,  1 nodes.
             Both:        1.06 GB reserved,      26.81 MB (  2%) committed. 

Chunk freelists:
   Non-Class:  7.77 MB
       Class:  13.10 MB
        Both:  20.87 MB

MaxMetaspaceSize: unlimited
CompressedClassSpaceSize: 1.00 GB
Initial GC threshold: 21.00 MB
Current GC threshold: 35.00 MB
CDS: on
 - commit_granule_bytes: 65536.
 - commit_granule_words: 8192.
 - virtual_space_node_default_size: 8388608.
 - enlarge_chunks_in_place: 1.
 - use_allocation_guard: 0.


Internal statistics:

num_allocs_failed_limit: 3.
num_arena_births: 808.
num_arena_deaths: 14.
num_vsnodes_births: 2.
num_vsnodes_deaths: 0.
num_space_committed: 429.
num_space_uncommitted: 0.
num_chunks_returned_to_freelist: 17.
num_chunks_taken_from_freelist: 1917.
num_chunk_merges: 7.
num_chunk_splits: 1201.
num_chunks_enlarged: 707.
num_inconsistent_stats: 0.

CodeHeap 'non-profiled nmethods': size=120000Kb used=1954Kb max_used=1954Kb free=118045Kb
 bounds [0x000002ed74870000, 0x000002ed74ae0000, 0x000002ed7bda0000]
CodeHeap 'profiled nmethods': size=120000Kb used=9448Kb max_used=9448Kb free=110551Kb
 bounds [0x000002ed6cda0000, 0x000002ed6d6e0000, 0x000002ed742d0000]
CodeHeap 'non-nmethods': size=5760Kb used=1336Kb max_used=1345Kb free=4423Kb
 bounds [0x000002ed742d0000, 0x000002ed74540000, 0x000002ed74870000]
 total_blobs=5019 nmethods=4403 adapters=522
 compilation: enabled
              stopped_count=0, restarted_count=0
 full_count=0

Compilation events (20 events):
Event: 33.536 Thread 0x000002ed7c609ae0 nmethod 4388 0x000002ed6d6ca510 code [0x000002ed6d6ca720, 0x000002ed6d6cadd0]
Event: 33.537 Thread 0x000002ed7c609ae0 4389       3       java.util.stream.ReduceOps$3ReducingSink::accept (15 bytes)
Event: 33.537 Thread 0x000002ed7c609ae0 nmethod 4389 0x000002ed6d6caf90 code [0x000002ed6d6cb140, 0x000002ed6d6cb328]
Event: 33.538 Thread 0x000002ed7c599c00 4390   !   4       org.eclipse.osgi.internal.loader.classpath.ClasspathManager::findClassImpl (343 bytes)
Event: 33.539 Thread 0x000002ed7c609ae0 4392       3       java.util.concurrent.locks.ReentrantReadWriteLock$Sync::tryReleaseShared (146 bytes)
Event: 33.539 Thread 0x000002ed7c609ae0 nmethod 4392 0x000002ed6d6cb410 code [0x000002ed6d6cb660, 0x000002ed6d6cc128]
Event: 33.558 Thread 0x000002ed7c609ae0 4394       3       org.eclipse.osgi.internal.loader.sources.PackageSource::<init> (13 bytes)
Event: 33.558 Thread 0x000002ed7c609ae0 nmethod 4394 0x000002ed6d6cc510 code [0x000002ed6d6cc6c0, 0x000002ed6d6cc888]
Event: 33.560 Thread 0x000002ed7c609ae0 4395       3       java.util.concurrent.locks.AbstractQueuedSynchronizer::acquireShared (20 bytes)
Event: 33.560 Thread 0x000002ed7c609ae0 nmethod 4395 0x000002ed6d6cc990 code [0x000002ed6d6ccb60, 0x000002ed6d6ccdd0]
Event: 33.569 Thread 0x000002ed7c609ae0 4396       3       org.lombokweb.asm.ClassReader::<init> (359 bytes)
Event: 33.570 Thread 0x000002ed7c609ae0 nmethod 4396 0x000002ed6d6cce90 code [0x000002ed6d6cd180, 0x000002ed6d6ce340]
Event: 33.570 Thread 0x000002ed7c609ae0 4397 %     3       org.lombokweb.asm.SymbolTable::<init> @ 98 (554 bytes)
Event: 33.573 Thread 0x000002ed7c609ae0 nmethod 4397% 0x000002ed6d6ce910 code [0x000002ed6d6cef20, 0x000002ed6d6d1bb0]
Event: 33.573 Thread 0x000002ed7c609ae0 4398       3       org.lombokweb.asm.ByteVector::put11 (52 bytes)
Event: 33.573 Thread 0x000002ed7c609ae0 nmethod 4398 0x000002ed6d6d2e10 code [0x000002ed6d6d2fc0, 0x000002ed6d6d31c8]
Event: 33.573 Thread 0x000002ed7c609ae0 4399       1       lombok.patcher.MethodLogistics::getReturnOpcode (5 bytes)
Event: 33.573 Thread 0x000002ed7c609ae0 nmethod 4399 0x000002ed74a58310 code [0x000002ed74a584a0, 0x000002ed74a58568]
Event: 33.574 Thread 0x000002ed7c609ae0 4400       1       org.eclipse.core.internal.jobs.InternalJob::previous (5 bytes)
Event: 33.574 Thread 0x000002ed7c609ae0 nmethod 4400 0x000002ed74a58610 code [0x000002ed74a587a0, 0x000002ed74a58868]

GC Heap History (20 events):
Event: 2.124 GC heap before
{Heap before GC invocations=1 (full 0):
 PSYoungGen      total 29696K, used 25600K [0x00000000d5580000, 0x00000000d7680000, 0x0000000100000000)
  eden space 25600K, 100% used [0x00000000d5580000,0x00000000d6e80000,0x00000000d6e80000)
  from space 4096K, 0% used [0x00000000d7280000,0x00000000d7280000,0x00000000d7680000)
  to   space 4096K, 0% used [0x00000000d6e80000,0x00000000d6e80000,0x00000000d7280000)
 ParOldGen       total 68608K, used 0K [0x0000000080000000, 0x0000000084300000, 0x00000000d5580000)
  object space 68608K, 0% used [0x0000000080000000,0x0000000080000000,0x0000000084300000)
 Metaspace       used 4320K, committed 4608K, reserved 1114112K
  class space    used 458K, committed 576K, reserved 1048576K
}
Event: 2.146 GC heap after
{Heap after GC invocations=1 (full 0):
 PSYoungGen      total 29696K, used 3303K [0x00000000d5580000, 0x00000000d7680000, 0x0000000100000000)
  eden space 25600K, 0% used [0x00000000d5580000,0x00000000d5580000,0x00000000d6e80000)
  from space 4096K, 80% used [0x00000000d6e80000,0x00000000d71b9c68,0x00000000d7280000)
  to   space 4096K, 0% used [0x00000000d7280000,0x00000000d7280000,0x00000000d7680000)
 ParOldGen       total 68608K, used 0K [0x0000000080000000, 0x0000000084300000, 0x00000000d5580000)
  object space 68608K, 0% used [0x0000000080000000,0x0000000080000000,0x0000000084300000)
 Metaspace       used 4320K, committed 4608K, reserved 1114112K
  class space    used 458K, committed 576K, reserved 1048576K
}
Event: 8.399 GC heap before
{Heap before GC invocations=2 (full 0):
 PSYoungGen      total 29696K, used 28903K [0x00000000d5580000, 0x00000000d7680000, 0x0000000100000000)
  eden space 25600K, 100% used [0x00000000d5580000,0x00000000d6e80000,0x00000000d6e80000)
  from space 4096K, 80% used [0x00000000d6e80000,0x00000000d71b9c68,0x00000000d7280000)
  to   space 4096K, 0% used [0x00000000d7280000,0x00000000d7280000,0x00000000d7680000)
 ParOldGen       total 68608K, used 0K [0x0000000080000000, 0x0000000084300000, 0x00000000d5580000)
  object space 68608K, 0% used [0x0000000080000000,0x0000000080000000,0x0000000084300000)
 Metaspace       used 7996K, committed 8320K, reserved 1114112K
  class space    used 810K, committed 960K, reserved 1048576K
}
Event: 8.407 GC heap after
{Heap after GC invocations=2 (full 0):
 PSYoungGen      total 29696K, used 4085K [0x00000000d5580000, 0x00000000d7680000, 0x0000000100000000)
  eden space 25600K, 0% used [0x00000000d5580000,0x00000000d5580000,0x00000000d6e80000)
  from space 4096K, 99% used [0x00000000d7280000,0x00000000d767d5e0,0x00000000d7680000)
  to   space 4096K, 0% used [0x00000000d6e80000,0x00000000d6e80000,0x00000000d7280000)
 ParOldGen       total 68608K, used 1703K [0x0000000080000000, 0x0000000084300000, 0x00000000d5580000)
  object space 68608K, 2% used [0x0000000080000000,0x00000000801a9ec8,0x0000000084300000)
 Metaspace       used 7996K, committed 8320K, reserved 1114112K
  class space    used 810K, committed 960K, reserved 1048576K
}
Event: 13.772 GC heap before
{Heap before GC invocations=3 (full 0):
 PSYoungGen      total 29696K, used 29685K [0x00000000d5580000, 0x00000000d7680000, 0x0000000100000000)
  eden space 25600K, 100% used [0x00000000d5580000,0x00000000d6e80000,0x00000000d6e80000)
  from space 4096K, 99% used [0x00000000d7280000,0x00000000d767d5e0,0x00000000d7680000)
  to   space 4096K, 0% used [0x00000000d6e80000,0x00000000d6e80000,0x00000000d7280000)
 ParOldGen       total 68608K, used 1703K [0x0000000080000000, 0x0000000084300000, 0x00000000d5580000)
  object space 68608K, 2% used [0x0000000080000000,0x00000000801a9ec8,0x0000000084300000)
 Metaspace       used 9294K, committed 9664K, reserved 1114112K
  class space    used 963K, committed 1152K, reserved 1048576K
}
Event: 13.784 GC heap after
{Heap after GC invocations=3 (full 0):
 PSYoungGen      total 29696K, used 4079K [0x00000000d5580000, 0x00000000d7680000, 0x0000000100000000)
  eden space 25600K, 0% used [0x00000000d5580000,0x00000000d5580000,0x00000000d6e80000)
  from space 4096K, 99% used [0x00000000d6e80000,0x00000000d727bf08,0x00000000d7280000)
  to   space 4096K, 0% used [0x00000000d7280000,0x00000000d7280000,0x00000000d7680000)
 ParOldGen       total 68608K, used 5068K [0x0000000080000000, 0x0000000084300000, 0x00000000d5580000)
  object space 68608K, 7% used [0x0000000080000000,0x00000000804f31b0,0x0000000084300000)
 Metaspace       used 9294K, committed 9664K, reserved 1114112K
  class space    used 963K, committed 1152K, reserved 1048576K
}
Event: 27.721 GC heap before
{Heap before GC invocations=4 (full 0):
 PSYoungGen      total 29696K, used 29679K [0x00000000d5580000, 0x00000000d7680000, 0x0000000100000000)
  eden space 25600K, 100% used [0x00000000d5580000,0x00000000d6e80000,0x00000000d6e80000)
  from space 4096K, 99% used [0x00000000d6e80000,0x00000000d727bf08,0x00000000d7280000)
  to   space 4096K, 0% used [0x00000000d7280000,0x00000000d7280000,0x00000000d7680000)
 ParOldGen       total 68608K, used 5068K [0x0000000080000000, 0x0000000084300000, 0x00000000d5580000)
  object space 68608K, 7% used [0x0000000080000000,0x00000000804f31b0,0x0000000084300000)
 Metaspace       used 12095K, committed 12544K, reserved 1114112K
  class space    used 1248K, committed 1472K, reserved 1048576K
}
Event: 27.739 GC heap after
{Heap after GC invocations=4 (full 0):
 PSYoungGen      total 29696K, used 4085K [0x00000000d5580000, 0x00000000d7680000, 0x0000000100000000)
  eden space 25600K, 0% used [0x00000000d5580000,0x00000000d5580000,0x00000000d6e80000)
  from space 4096K, 99% used [0x00000000d7280000,0x00000000d767d478,0x00000000d7680000)
  to   space 4096K, 0% used [0x00000000d6e80000,0x00000000d6e80000,0x00000000d7280000)
 ParOldGen       total 68608K, used 6715K [0x0000000080000000, 0x0000000084300000, 0x00000000d5580000)
  object space 68608K, 9% used [0x0000000080000000,0x000000008068ef20,0x0000000084300000)
 Metaspace       used 12095K, committed 12544K, reserved 1114112K
  class space    used 1248K, committed 1472K, reserved 1048576K
}
Event: 28.253 GC heap before
{Heap before GC invocations=5 (full 0):
 PSYoungGen      total 29696K, used 29685K [0x00000000d5580000, 0x00000000d7680000, 0x0000000100000000)
  eden space 25600K, 100% used [0x00000000d5580000,0x00000000d6e80000,0x00000000d6e80000)
  from space 4096K, 99% used [0x00000000d7280000,0x00000000d767d478,0x00000000d7680000)
  to   space 4096K, 0% used [0x00000000d6e80000,0x00000000d6e80000,0x00000000d7280000)
 ParOldGen       total 68608K, used 6715K [0x0000000080000000, 0x0000000084300000, 0x00000000d5580000)
  object space 68608K, 9% used [0x0000000080000000,0x000000008068ef20,0x0000000084300000)
 Metaspace       used 15470K, committed 16128K, reserved 1114112K
  class space    used 1542K, committed 1792K, reserved 1048576K
}
Event: 28.263 GC heap after
{Heap after GC invocations=5 (full 0):
 PSYoungGen      total 29184K, used 4079K [0x00000000d5580000, 0x00000000d7a00000, 0x0000000100000000)
  eden space 25088K, 0% used [0x00000000d5580000,0x00000000d5580000,0x00000000d6e00000)
  from space 4096K, 99% used [0x00000000d6e80000,0x00000000d727bf60,0x00000000d7280000)
  to   space 6144K, 0% used [0x00000000d7400000,0x00000000d7400000,0x00000000d7a00000)
 ParOldGen       total 68608K, used 8231K [0x0000000080000000, 0x0000000084300000, 0x00000000d5580000)
  object space 68608K, 11% used [0x0000000080000000,0x0000000080809ea0,0x0000000084300000)
 Metaspace       used 15470K, committed 16128K, reserved 1114112K
  class space    used 1542K, committed 1792K, reserved 1048576K
}
Event: 31.410 GC heap before
{Heap before GC invocations=6 (full 0):
 PSYoungGen      total 29184K, used 29167K [0x00000000d5580000, 0x00000000d7a00000, 0x0000000100000000)
  eden space 25088K, 100% used [0x00000000d5580000,0x00000000d6e00000,0x00000000d6e00000)
  from space 4096K, 99% used [0x00000000d6e80000,0x00000000d727bf60,0x00000000d7280000)
  to   space 6144K, 0% used [0x00000000d7400000,0x00000000d7400000,0x00000000d7a00000)
 ParOldGen       total 68608K, used 8231K [0x0000000080000000, 0x0000000084300000, 0x00000000d5580000)
  object space 68608K, 11% used [0x0000000080000000,0x0000000080809ea0,0x0000000084300000)
 Metaspace       used 18603K, committed 19520K, reserved 1114112K
  class space    used 1888K, committed 2240K, reserved 1048576K
}
Event: 31.440 GC heap after
{Heap after GC invocations=6 (full 0):
 PSYoungGen      total 29696K, used 4634K [0x00000000d5580000, 0x00000000d7900000, 0x0000000100000000)
  eden space 24576K, 0% used [0x00000000d5580000,0x00000000d5580000,0x00000000d6d80000)
  from space 5120K, 90% used [0x00000000d7400000,0x00000000d7886b88,0x00000000d7900000)
  to   space 5120K, 0% used [0x00000000d6f00000,0x00000000d6f00000,0x00000000d7400000)
 ParOldGen       total 68608K, used 8239K [0x0000000080000000, 0x0000000084300000, 0x00000000d5580000)
  object space 68608K, 12% used [0x0000000080000000,0x000000008080bea0,0x0000000084300000)
 Metaspace       used 18603K, committed 19520K, reserved 1114112K
  class space    used 1888K, committed 2240K, reserved 1048576K
}
Event: 32.134 GC heap before
{Heap before GC invocations=7 (full 0):
 PSYoungGen      total 29696K, used 23212K [0x00000000d5580000, 0x00000000d7900000, 0x0000000100000000)
  eden space 24576K, 75% used [0x00000000d5580000,0x00000000d67a4608,0x00000000d6d80000)
  from space 5120K, 90% used [0x00000000d7400000,0x00000000d7886b88,0x00000000d7900000)
  to   space 5120K, 0% used [0x00000000d6f00000,0x00000000d6f00000,0x00000000d7400000)
 ParOldGen       total 68608K, used 8239K [0x0000000080000000, 0x0000000084300000, 0x00000000d5580000)
  object space 68608K, 12% used [0x0000000080000000,0x000000008080bea0,0x0000000084300000)
 Metaspace       used 20535K, committed 21504K, reserved 1114112K
  class space    used 2118K, committed 2560K, reserved 1048576K
}
Event: 32.142 GC heap after
{Heap after GC invocations=7 (full 0):
 PSYoungGen      total 28672K, used 3956K [0x00000000d5580000, 0x00000000d7680000, 0x0000000100000000)
  eden space 24576K, 0% used [0x00000000d5580000,0x00000000d5580000,0x00000000d6d80000)
  from space 4096K, 96% used [0x00000000d6f00000,0x00000000d72dd088,0x00000000d7300000)
  to   space 3584K, 0% used [0x00000000d7300000,0x00000000d7300000,0x00000000d7680000)
 ParOldGen       total 68608K, used 9793K [0x0000000080000000, 0x0000000084300000, 0x00000000d5580000)
  object space 68608K, 14% used [0x0000000080000000,0x00000000809904d0,0x0000000084300000)
 Metaspace       used 20535K, committed 21504K, reserved 1114112K
  class space    used 2118K, committed 2560K, reserved 1048576K
}
Event: 32.142 GC heap before
{Heap before GC invocations=8 (full 1):
 PSYoungGen      total 28672K, used 3956K [0x00000000d5580000, 0x00000000d7680000, 0x0000000100000000)
  eden space 24576K, 0% used [0x00000000d5580000,0x00000000d5580000,0x00000000d6d80000)
  from space 4096K, 96% used [0x00000000d6f00000,0x00000000d72dd088,0x00000000d7300000)
  to   space 3584K, 0% used [0x00000000d7300000,0x00000000d7300000,0x00000000d7680000)
 ParOldGen       total 68608K, used 9793K [0x0000000080000000, 0x0000000084300000, 0x00000000d5580000)
  object space 68608K, 14% used [0x0000000080000000,0x00000000809904d0,0x0000000084300000)
 Metaspace       used 20535K, committed 21504K, reserved 1114112K
  class space    used 2118K, committed 2560K, reserved 1048576K
}
Event: 32.313 GC heap after
{Heap after GC invocations=8 (full 1):
 PSYoungGen      total 28672K, used 0K [0x00000000d5580000, 0x00000000d7680000, 0x0000000100000000)
  eden space 24576K, 0% used [0x00000000d5580000,0x00000000d5580000,0x00000000d6d80000)
  from space 4096K, 0% used [0x00000000d6f00000,0x00000000d6f00000,0x00000000d7300000)
  to   space 3584K, 0% used [0x00000000d7300000,0x00000000d7300000,0x00000000d7680000)
 ParOldGen       total 68608K, used 12669K [0x0000000080000000, 0x0000000084300000, 0x00000000d5580000)
  object space 68608K, 18% used [0x0000000080000000,0x0000000080c5f7a0,0x0000000084300000)
 Metaspace       used 20523K, committed 21504K, reserved 1114112K
  class space    used 2114K, committed 2560K, reserved 1048576K
}
Event: 32.912 GC heap before
{Heap before GC invocations=9 (full 1):
 PSYoungGen      total 28672K, used 24576K [0x00000000d5580000, 0x00000000d7680000, 0x0000000100000000)
  eden space 24576K, 100% used [0x00000000d5580000,0x00000000d6d80000,0x00000000d6d80000)
  from space 4096K, 0% used [0x00000000d6f00000,0x00000000d6f00000,0x00000000d7300000)
  to   space 3584K, 0% used [0x00000000d7300000,0x00000000d7300000,0x00000000d7680000)
 ParOldGen       total 68608K, used 12669K [0x0000000080000000, 0x0000000084300000, 0x00000000d5580000)
  object space 68608K, 18% used [0x0000000080000000,0x0000000080c5f7a0,0x0000000084300000)
 Metaspace       used 22649K, committed 23616K, reserved 1114112K
  class space    used 2295K, committed 2688K, reserved 1048576K
}
Event: 32.913 GC heap after
{Heap after GC invocations=9 (full 1):
 PSYoungGen      total 25088K, used 950K [0x00000000d5580000, 0x00000000d7400000, 0x0000000100000000)
  eden space 24064K, 0% used [0x00000000d5580000,0x00000000d5580000,0x00000000d6d00000)
  from space 1024K, 92% used [0x00000000d7300000,0x00000000d73edae0,0x00000000d7400000)
  to   space 2560K, 0% used [0x00000000d6f00000,0x00000000d6f00000,0x00000000d7180000)
 ParOldGen       total 68608K, used 12677K [0x0000000080000000, 0x0000000084300000, 0x00000000d5580000)
  object space 68608K, 18% used [0x0000000080000000,0x0000000080c617a0,0x0000000084300000)
 Metaspace       used 22649K, committed 23616K, reserved 1114112K
  class space    used 2295K, committed 2688K, reserved 1048576K
}
Event: 33.622 GC heap before
{Heap before GC invocations=10 (full 1):
 PSYoungGen      total 25088K, used 25014K [0x00000000d5580000, 0x00000000d7400000, 0x0000000100000000)
  eden space 24064K, 100% used [0x00000000d5580000,0x00000000d6d00000,0x00000000d6d00000)
  from space 1024K, 92% used [0x00000000d7300000,0x00000000d73edae0,0x00000000d7400000)
  to   space 2560K, 0% used [0x00000000d6f00000,0x00000000d6f00000,0x00000000d7180000)
 ParOldGen       total 68608K, used 12677K [0x0000000080000000, 0x0000000084300000, 0x00000000d5580000)
  object space 68608K, 18% used [0x0000000080000000,0x0000000080c617a0,0x0000000084300000)
 Metaspace       used 26251K, committed 27264K, reserved 1114112K
  class space    used 2582K, committed 2944K, reserved 1048576K
}
Event: 33.625 GC heap after
{Heap after GC invocations=10 (full 1):
 PSYoungGen      total 26112K, used 1640K [0x00000000d5580000, 0x00000000d7380000, 0x0000000100000000)
  eden space 23552K, 0% used [0x00000000d5580000,0x00000000d5580000,0x00000000d6c80000)
  from space 2560K, 64% used [0x00000000d6f00000,0x00000000d709a170,0x00000000d7180000)
  to   space 2048K, 0% used [0x00000000d7180000,0x00000000d7180000,0x00000000d7380000)
 ParOldGen       total 68608K, used 12685K [0x0000000080000000, 0x0000000084300000, 0x00000000d5580000)
  object space 68608K, 18% used [0x0000000080000000,0x0000000080c637a0,0x0000000084300000)
 Metaspace       used 26251K, committed 27264K, reserved 1114112K
  class space    used 2582K, committed 2944K, reserved 1048576K
}

Dll operation events (10 events):
Event: 0.146 Loaded shared library c:\Users\navindu\.vscode\extensions\redhat.java-1.43.1-win32-x64\jre\21.0.7-win32-x86_64\bin\java.dll
Event: 0.499 Loaded shared library c:\Users\navindu\.vscode\extensions\redhat.java-1.43.1-win32-x64\jre\21.0.7-win32-x86_64\bin\zip.dll
Event: 0.526 Loaded shared library C:\Users\navindu\.vscode\extensions\redhat.java-1.43.1-win32-x64\jre\21.0.7-win32-x86_64\bin\instrument.dll
Event: 0.534 Loaded shared library C:\Users\navindu\.vscode\extensions\redhat.java-1.43.1-win32-x64\jre\21.0.7-win32-x86_64\bin\net.dll
Event: 0.543 Loaded shared library C:\Users\navindu\.vscode\extensions\redhat.java-1.43.1-win32-x64\jre\21.0.7-win32-x86_64\bin\nio.dll
Event: 0.548 Loaded shared library C:\Users\navindu\.vscode\extensions\redhat.java-1.43.1-win32-x64\jre\21.0.7-win32-x86_64\bin\zip.dll
Event: 0.608 Loaded shared library C:\Users\navindu\.vscode\extensions\redhat.java-1.43.1-win32-x64\jre\21.0.7-win32-x86_64\bin\jimage.dll
Event: 0.966 Loaded shared library c:\Users\navindu\.vscode\extensions\redhat.java-1.43.1-win32-x64\jre\21.0.7-win32-x86_64\bin\verify.dll
Event: 8.421 Loaded shared library C:\Users\navindu\AppData\Roaming\Code\User\globalStorage\redhat.java\1.43.1\config_win\org.eclipse.equinox.launcher\org.eclipse.equinox.launcher.win32.win32.x86_64_1.2.1300.v20250331-1702\eclipse_11911.dll
Event: 30.564 Loaded shared library C:\Users\navindu\AppData\Local\Temp\jna-1730397209\jna3426651118228419415.dll

Deoptimization events (20 events):
Event: 33.515 Thread 0x000002ed7dbae250 Uncommon trap: trap_request=0xffffffde fr.pc=0x000002ed74a3bcb8 relative=0x00000000000000f8
Event: 33.515 Thread 0x000002ed7dbae250 Uncommon trap: reason=class_check action=maybe_recompile pc=0x000002ed74a3bcb8 method=java.lang.Character.codePointAt(Ljava/lang/CharSequence;I)I @ 2 c2
Event: 33.515 Thread 0x000002ed7dbae250 DEOPT PACKING pc=0x000002ed74a3bcb8 sp=0x000000fe59efe560
Event: 33.515 Thread 0x000002ed7dbae250 DEOPT UNPACKING pc=0x000002ed74326da2 sp=0x000000fe59efe4e8 mode 2
Event: 33.515 Thread 0x000002ed7dbae250 Uncommon trap: trap_request=0xffffffde fr.pc=0x000002ed74a3bcb8 relative=0x00000000000000f8
Event: 33.515 Thread 0x000002ed7dbae250 Uncommon trap: reason=class_check action=maybe_recompile pc=0x000002ed74a3bcb8 method=java.lang.Character.codePointAt(Ljava/lang/CharSequence;I)I @ 2 c2
Event: 33.515 Thread 0x000002ed7dbae250 DEOPT PACKING pc=0x000002ed74a3bcb8 sp=0x000000fe59efe560
Event: 33.515 Thread 0x000002ed7dbae250 DEOPT UNPACKING pc=0x000002ed74326da2 sp=0x000000fe59efe4e8 mode 2
Event: 33.515 Thread 0x000002ed7dbae250 Uncommon trap: trap_request=0xffffff76 fr.pc=0x000002ed749b7a00 relative=0x0000000000000380
Event: 33.515 Thread 0x000002ed7dbae250 Uncommon trap: reason=predicate action=maybe_recompile pc=0x000002ed749b7a00 method=java.util.regex.Pattern$BmpCharPropertyGreedy.match(Ljava/util/regex/Matcher;ILjava/lang/CharSequence;)Z @ 12 c2
Event: 33.515 Thread 0x000002ed7dbae250 DEOPT PACKING pc=0x000002ed749b7a00 sp=0x000000fe59efe4a0
Event: 33.516 Thread 0x000002ed7dbae250 DEOPT UNPACKING pc=0x000002ed74326da2 sp=0x000000fe59efe448 mode 2
Event: 33.527 Thread 0x000002ed7dbae250 Uncommon trap: trap_request=0xffffff45 fr.pc=0x000002ed74a570e0 relative=0x00000000000000c0
Event: 33.527 Thread 0x000002ed7dbae250 Uncommon trap: reason=unstable_if action=reinterpret pc=0x000002ed74a570e0 method=org.codehaus.plexus.util.xml.pull.MXParser.more()C @ 8 c2
Event: 33.527 Thread 0x000002ed7dbae250 DEOPT PACKING pc=0x000002ed74a570e0 sp=0x000000fe59efe760
Event: 33.527 Thread 0x000002ed7dbae250 DEOPT UNPACKING pc=0x000002ed74326da2 sp=0x000000fe59efe6f0 mode 2
Event: 33.572 Thread 0x000002ed7d4ea1e0 Uncommon trap: trap_request=0xffffff45 fr.pc=0x000002ed74a57e24 relative=0x0000000000000184
Event: 33.572 Thread 0x000002ed7d4ea1e0 Uncommon trap: reason=unstable_if action=reinterpret pc=0x000002ed74a57e24 method=org.lombokweb.asm.ByteVector.putByteArray([BII)Lorg/lombokweb/asm/ByteVector; @ 20 c2
Event: 33.572 Thread 0x000002ed7d4ea1e0 DEOPT PACKING pc=0x000002ed74a57e24 sp=0x000000fe598ee6d0
Event: 33.572 Thread 0x000002ed7d4ea1e0 DEOPT UNPACKING pc=0x000002ed74326da2 sp=0x000000fe598ee6a0 mode 2

Classes loaded (20 events):
Event: 33.492 Loading class sun/util/resources/TimeZoneNamesBundle done
Event: 33.492 Loading class sun/util/resources/cldr/TimeZoneNames done
Event: 33.492 Loading class sun/util/resources/cldr/TimeZoneNames_en
Event: 33.493 Loading class sun/util/resources/cldr/TimeZoneNames_en done
Event: 33.493 Loading class sun/util/resources/cldr/TimeZoneNames_en_US
Event: 33.493 Loading class sun/util/resources/cldr/TimeZoneNames_en_US done
Event: 33.509 Loading class sun/util/cldr/CLDRBaseLocaleDataMetaInfo$TZCanonicalIDMapHolder
Event: 33.511 Loading class sun/util/cldr/CLDRBaseLocaleDataMetaInfo$TZCanonicalIDMapHolder done
Event: 33.512 Loading class sun/util/resources/TimeZoneNames
Event: 33.513 Loading class sun/util/resources/TimeZoneNames done
Event: 33.514 Loading class sun/util/resources/TimeZoneNames_en
Event: 33.514 Loading class sun/util/resources/TimeZoneNames_en done
Event: 33.515 Loading class java/io/FileReader
Event: 33.515 Loading class java/io/FileReader done
Event: 33.565 Loading class java/util/concurrent/atomic/AtomicReferenceFieldUpdater
Event: 33.566 Loading class java/util/concurrent/atomic/AtomicReferenceFieldUpdater done
Event: 33.567 Loading class java/util/concurrent/atomic/AtomicReferenceFieldUpdater$AtomicReferenceFieldUpdaterImpl
Event: 33.567 Loading class java/util/concurrent/atomic/AtomicReferenceFieldUpdater$AtomicReferenceFieldUpdaterImpl done
Event: 33.567 Loading class java/util/concurrent/atomic/AtomicReferenceFieldUpdater$AtomicReferenceFieldUpdaterImpl$1
Event: 33.567 Loading class java/util/concurrent/atomic/AtomicReferenceFieldUpdater$AtomicReferenceFieldUpdaterImpl$1 done

Classes unloaded (7 events):
Event: 32.199 Thread 0x000002ed7c56e880 Unloading class 0x000002ed0519d000 'java/lang/invoke/LambdaForm$MH+0x000002ed0519d000'
Event: 32.199 Thread 0x000002ed7c56e880 Unloading class 0x000002ed0519cc00 'java/lang/invoke/LambdaForm$MH+0x000002ed0519cc00'
Event: 32.199 Thread 0x000002ed7c56e880 Unloading class 0x000002ed0519c800 'java/lang/invoke/LambdaForm$MH+0x000002ed0519c800'
Event: 32.199 Thread 0x000002ed7c56e880 Unloading class 0x000002ed0519c400 'java/lang/invoke/LambdaForm$MH+0x000002ed0519c400'
Event: 32.199 Thread 0x000002ed7c56e880 Unloading class 0x000002ed0519c000 'java/lang/invoke/LambdaForm$BMH+0x000002ed0519c000'
Event: 32.199 Thread 0x000002ed7c56e880 Unloading class 0x000002ed0519bc00 'java/lang/invoke/LambdaForm$DMH+0x000002ed0519bc00'
Event: 32.199 Thread 0x000002ed7c56e880 Unloading class 0x000002ed0519a800 'java/lang/invoke/LambdaForm$DMH+0x000002ed0519a800'

Classes redefined (0 events):
No events

Internal exceptions (20 events):
Event: 32.060 Thread 0x000002ed7d4ea1e0 Exception <a 'java/lang/NoSuchMethodError'{0x00000000d65d7690}: 'int java.lang.invoke.DirectMethodHandle$Holder.invokeStaticInit(java.lang.Object, long, long)'> (0x00000000d65d7690) 
thrown [s\src\hotspot\share\interpreter\linkResolver.cpp, line 773]
Event: 32.060 Thread 0x000002ed7d4ea1e0 Exception <a 'java/lang/NoSuchMethodError'{0x00000000d65df048}: 'int java.lang.invoke.DirectMethodHandle$Holder.invokeStaticInit(java.lang.Object, float, float)'> (0x00000000d65df048) 
thrown [s\src\hotspot\share\interpreter\linkResolver.cpp, line 773]
Event: 32.061 Thread 0x000002ed7d4ea1e0 Exception <a 'java/lang/NoSuchMethodError'{0x00000000d65e69f8}: 'int java.lang.invoke.DirectMethodHandle$Holder.invokeStaticInit(java.lang.Object, double, double)'> (0x00000000d65e69f8) 
thrown [s\src\hotspot\share\interpreter\linkResolver.cpp, line 773]
Event: 32.061 Thread 0x000002ed7d4ea1e0 Exception <a 'java/lang/NoSuchMethodError'{0x00000000d65ebe48}: 'int java.lang.invoke.DirectMethodHandle$Holder.invokeStatic(java.lang.Object, long)'> (0x00000000d65ebe48) 
thrown [s\src\hotspot\share\interpreter\linkResolver.cpp, line 773]
Event: 32.063 Thread 0x000002ed7d4ea1e0 Exception <a 'java/lang/NoSuchMethodError'{0x00000000d660adf8}: 'int java.lang.invoke.Invokers$Holder.linkToTargetMethod(java.lang.Object, java.lang.Object)'> (0x00000000d660adf8) 
thrown [s\src\hotspot\share\interpreter\linkResolver.cpp, line 773]
Event: 32.091 Thread 0x000002ed7d4ea1e0 Exception <a 'java/lang/NoSuchMethodError'{0x00000000d66f18c0}: 'java.lang.Object java.lang.invoke.Invokers$Holder.invoke_MT(java.lang.Object, java.lang.Object, java.lang.Object, java.lang.Object, java.lang.Object, java.lang.Object, java.lang.Object, java.lang.Object, java.lang.Object, java.lang.Object, java.lang.Object)'> (0x00000000d66f18c0) 
thrown [s\src\hotspot\share\interpreter\linkResolver.cpp, line 773]
Event: 32.319 Thread 0x000002ed7d4ea1e0 Exception <a 'java/lang/NoSuchMethodError'{0x00000000d55cb9a8}: 'java.lang.Object java.lang.invoke.Invokers$Holder.invoke_MT(java.lang.Object, java.lang.Object, java.lang.Object, java.lang.Object, java.lang.Object, java.lang.Object, java.lang.Object, java.lang.Object, java.lang.Object, java.lang.Object)'> (0x00000000d55cb9a8) 
thrown [s\src\hotspot\share\interpreter\linkResolver.cpp, line 773]
Event: 32.326 Thread 0x000002ed7d4ea1e0 Exception <a 'java/lang/NoSuchMethodError'{0x00000000d5676838}: 'java.lang.Object java.lang.invoke.DirectMethodHandle$Holder.newInvokeSpecial(java.lang.Object, java.lang.Object, java.lang.Object, java.lang.Object, java.lang.Object, java.lang.Object, java.lang.Object)'> (0x00000000d5676838) 
thrown [s\src\hotspot\share\interpreter\linkResolver.cpp, line 773]
Event: 32.332 Thread 0x000002ed7d4ea1e0 Exception <a 'java/lang/NoSuchMethodError'{0x00000000d56eeb48}: 'java.lang.Object java.lang.invoke.Invokers$Holder.invoker(java.lang.Object, java.lang.Object, java.lang.Object, java.lang.Object, java.lang.Object, java.lang.Object, java.lang.Object, java.lang.Object, java.lang.Object, java.lang.Object, java.lang.Object, java.lang.Object, java.lang.Object)'> (0x00000000d56eeb48) 
thrown [s\src\hotspot\share\interpreter\linkResolver.cpp, line 773]
Event: 32.333 Thread 0x000002ed7d4ea1e0 Exception <a 'java/lang/NoSuchMethodError'{0x00000000d56f8fe0}: 'java.lang.Object java.lang.invoke.DelegatingMethodHandle$Holder.delegate(java.lang.Object, java.lang.Object, java.lang.Object, java.lang.Object, java.lang.Object, java.lang.Object, java.lang.Object, java.lang.Object, java.lang.Object, java.lang.Object, java.lang.Object, java.lang.Object, java.lang.Object)'> (0x00000000d56f8fe0) 
thrown [s\src\hotspot\share\interpreter\linkResolver.cpp, line 773]
Event: 32.359 Thread 0x000002ed7d4ea1e0 Exception <a 'java/lang/NoSuchMethodError'{0x00000000d5769be0}: static Lorg/eclipse/m2e/core/internal/lifecyclemapping/model/PluginExecutionMetadata;.<clinit>()V> (0x00000000d5769be0) 
thrown [s\src\hotspot\share\prims\jni.cpp, line 1111]
Event: 32.368 Thread 0x000002ed7d4ea1e0 Exception <a 'java/lang/NoSuchMethodError'{0x00000000d57c5c70}: static Lorg/eclipse/m2e/core/internal/lifecyclemapping/model/PluginExecutionFilter;.<clinit>()V> (0x00000000d57c5c70) 
thrown [s\src\hotspot\share\prims\jni.cpp, line 1111]
Event: 32.370 Thread 0x000002ed7d4ea1e0 Exception <a 'java/lang/NoSuchMethodError'{0x00000000d57f56b8}: static Lorg/eclipse/m2e/core/internal/project/registry/MavenProjectFacade$MavenProjectConfiguration;.<clinit>()V> (0x00000000d57f56b8) 
thrown [s\src\hotspot\share\prims\jni.cpp, line 1111]
Event: 32.490 Thread 0x000002ed7d4ea1e0 Exception <a 'java/lang/NoSuchMethodError'{0x00000000d5c7ab68}: 'double java.lang.invoke.DirectMethodHandle$Holder.invokeStatic(java.lang.Object, java.lang.Object)'> (0x00000000d5c7ab68) 
thrown [s\src\hotspot\share\interpreter\linkResolver.cpp, line 773]
Event: 32.490 Thread 0x000002ed7d4ea1e0 Exception <a 'java/lang/NoSuchMethodError'{0x00000000d5c7e228}: 'double java.lang.invoke.DirectMethodHandle$Holder.invokeStaticInit(java.lang.Object, java.lang.Object)'> (0x00000000d5c7e228) 
thrown [s\src\hotspot\share\interpreter\linkResolver.cpp, line 773]
Event: 32.907 Thread 0x000002ed7d4ea1e0 Exception <a 'java/io/FileNotFoundException'{0x00000000d6d2fe20}> (0x00000000d6d2fe20) 
thrown [s\src\hotspot\share\prims\jni.cpp, line 520]
Event: 32.907 Thread 0x000002ed7d4ea1e0 Exception <a 'java/io/FileNotFoundException'{0x00000000d6d30c68}> (0x00000000d6d30c68) 
thrown [s\src\hotspot\share\prims\jni.cpp, line 520]
Event: 32.907 Thread 0x000002ed7d4ea1e0 Exception <a 'java/io/FileNotFoundException'{0x00000000d6d31bb8}> (0x00000000d6d31bb8) 
thrown [s\src\hotspot\share\prims\jni.cpp, line 520]
Event: 33.536 Thread 0x000002ed7dbae250 Exception <a 'java/lang/NoSuchMethodError'{0x00000000d6776f70}: 'java.lang.Object java.lang.invoke.DirectMethodHandle$Holder.invokeSpecialIFC(java.lang.Object, java.lang.Object, java.lang.Object, java.lang.Object)'> (0x00000000d6776f70) 
thrown [s\src\hotspot\share\interpreter\linkResolver.cpp, line 773]
Event: 33.572 Thread 0x000002ed7d4ea1e0 Implicit null exception at 0x000002ed74a57cf5 to 0x000002ed74a57e08

ZGC Phase Switch (0 events):
No events

VM Operations (20 events):
Event: 30.988 Executing VM operation: HandshakeAllThreads (Deoptimize)
Event: 30.988 Executing VM operation: HandshakeAllThreads (Deoptimize) done
Event: 30.988 Executing VM operation: Cleanup
Event: 30.988 Executing VM operation: Cleanup done
Event: 31.089 Executing VM operation: HandshakeAllThreads (Deoptimize)
Event: 31.089 Executing VM operation: HandshakeAllThreads (Deoptimize) done
Event: 31.098 Executing VM operation: HandshakeAllThreads (Deoptimize)
Event: 31.098 Executing VM operation: HandshakeAllThreads (Deoptimize) done
Event: 31.409 Executing VM operation: ParallelGCFailedAllocation (Allocation Failure)
Event: 31.440 Executing VM operation: ParallelGCFailedAllocation (Allocation Failure) done
Event: 32.041 Executing VM operation: HandshakeAllThreads (Deoptimize)
Event: 32.041 Executing VM operation: HandshakeAllThreads (Deoptimize) done
Event: 32.134 Executing VM operation: CollectForMetadataAllocation (Metadata GC Threshold)
Event: 32.313 Executing VM operation: CollectForMetadataAllocation (Metadata GC Threshold) done
Event: 32.912 Executing VM operation: ParallelGCFailedAllocation (Allocation Failure)
Event: 32.913 Executing VM operation: ParallelGCFailedAllocation (Allocation Failure) done
Event: 33.490 Executing VM operation: HandshakeAllThreads (Deoptimize)
Event: 33.490 Executing VM operation: HandshakeAllThreads (Deoptimize) done
Event: 33.622 Executing VM operation: ParallelGCFailedAllocation (Allocation Failure)
Event: 33.625 Executing VM operation: ParallelGCFailedAllocation (Allocation Failure) done

Memory protections (0 events):
No events

Nmethod flushes (0 events):
No events

Events (20 events):
Event: 0.306 Thread 0x000002ed69bb5210 Thread added: 0x000002ed7c592540
Event: 0.306 Thread 0x000002ed69bb5210 Thread added: 0x000002ed7c5913c0
Event: 0.306 Thread 0x000002ed69bb5210 Thread added: 0x000002ed7c593350
Event: 0.306 Thread 0x000002ed69bb5210 Thread added: 0x000002ed7c596dc0
Event: 0.306 Thread 0x000002ed69bb5210 Thread added: 0x000002ed7c599c00
Event: 0.314 Thread 0x000002ed69bb5210 Thread added: 0x000002ed7c609ae0
Event: 0.422 Thread 0x000002ed69bb5210 Thread added: 0x000002ed7d24cd10
Event: 1.132 Thread 0x000002ed69bb5210 Thread added: 0x000002ed7d47b700
Event: 3.334 Thread 0x000002ed69bb5210 Thread added: 0x000002ed7dcbc970
Event: 8.411 Thread 0x000002ed69bb5210 Thread added: 0x000002ed7d9a2970
Event: 8.446 Thread 0x000002ed7d9a2970 Thread added: 0x000002ed7d63fa30
Event: 8.449 Thread 0x000002ed69bb5210 Thread added: 0x000002ed7d4ea1e0
Event: 14.054 Thread 0x000002ed7d4ea1e0 Thread added: 0x000002ed7e040c20
Event: 27.241 Thread 0x000002ed7d4ea1e0 Thread added: 0x000002ed7e216430
Event: 27.442 Thread 0x000002ed7d4ea1e0 Thread added: 0x000002ed7dbadbc0
Event: 28.016 Thread 0x000002ed7d4ea1e0 Thread added: 0x000002ed7dbae8e0
Event: 30.666 Thread 0x000002ed7d4ea1e0 Thread added: 0x000002ed7dbad530
Event: 30.769 Thread 0x000002ed7d4ea1e0 Thread added: 0x000002ed7dbae250
Event: 30.822 Thread 0x000002ed7d4ea1e0 Thread added: 0x000002ed7dbaf600
Event: 33.627 Thread 0x000002ed7dbaf600 Thread added: 0x000002ed7dbafc90


Dynamic libraries:
0x00007ff68f910000 - 0x00007ff68f91e000 	c:\Users\navindu\.vscode\extensions\redhat.java-1.43.1-win32-x64\jre\21.0.7-win32-x86_64\bin\java.exe
0x00007ffbcfbf0000 - 0x00007ffbcfe07000 	C:\WINDOWS\SYSTEM32\ntdll.dll
0x00007ffbcf030000 - 0x00007ffbcf0f4000 	C:\WINDOWS\System32\KERNEL32.DLL
0x00007ffbcd2a0000 - 0x00007ffbcd672000 	C:\WINDOWS\System32\KERNELBASE.dll
0x00007ffbccfe0000 - 0x00007ffbcd0f1000 	C:\WINDOWS\System32\ucrtbase.dll
0x00007ffba7a00000 - 0x00007ffba7a18000 	c:\Users\navindu\.vscode\extensions\redhat.java-1.43.1-win32-x64\jre\21.0.7-win32-x86_64\bin\jli.dll
0x00007ffbb7740000 - 0x00007ffbb775e000 	c:\Users\navindu\.vscode\extensions\redhat.java-1.43.1-win32-x64\jre\21.0.7-win32-x86_64\bin\VCRUNTIME140.dll
0x00007ffbcf7e0000 - 0x00007ffbcf991000 	C:\WINDOWS\System32\USER32.dll
0x00007ffbcd100000 - 0x00007ffbcd126000 	C:\WINDOWS\System32\win32u.dll
0x00007ffbcded0000 - 0x00007ffbcdef9000 	C:\WINDOWS\System32\GDI32.dll
0x00007ffbcce00000 - 0x00007ffbccf23000 	C:\WINDOWS\System32\gdi32full.dll
0x00007ffbccce0000 - 0x00007ffbccd7a000 	C:\WINDOWS\System32\msvcp_win.dll
0x00007ffbb3ca0000 - 0x00007ffbb3f3b000 	C:\WINDOWS\WinSxS\amd64_microsoft.windows.common-controls_6595b64144ccf1df_6.0.22621.5415_none_270d77d17387d7da\COMCTL32.dll
0x00007ffbcd920000 - 0x00007ffbcd9c7000 	C:\WINDOWS\System32\msvcrt.dll
0x00007ffbcee20000 - 0x00007ffbcee51000 	C:\WINDOWS\System32\IMM32.DLL
0x00007ffbc4180000 - 0x00007ffbc418c000 	c:\Users\navindu\.vscode\extensions\redhat.java-1.43.1-win32-x64\jre\21.0.7-win32-x86_64\bin\vcruntime140_1.dll
0x00007ffb8d6e0000 - 0x00007ffb8d76d000 	c:\Users\navindu\.vscode\extensions\redhat.java-1.43.1-win32-x64\jre\21.0.7-win32-x86_64\bin\msvcp140.dll
0x00007ffb5afb0000 - 0x00007ffb5bd40000 	c:\Users\navindu\.vscode\extensions\redhat.java-1.43.1-win32-x64\jre\21.0.7-win32-x86_64\bin\server\jvm.dll
0x00007ffbcf100000 - 0x00007ffbcf1b1000 	C:\WINDOWS\System32\ADVAPI32.dll
0x00007ffbcd9d0000 - 0x00007ffbcda78000 	C:\WINDOWS\System32\sechost.dll
0x00007ffbccfb0000 - 0x00007ffbccfd8000 	C:\WINDOWS\System32\bcrypt.dll
0x00007ffbcf6c0000 - 0x00007ffbcf7d4000 	C:\WINDOWS\System32\RPCRT4.dll
0x00007ffbcf640000 - 0x00007ffbcf6b1000 	C:\WINDOWS\System32\WS2_32.dll
0x00007ffbcca00000 - 0x00007ffbcca4d000 	C:\WINDOWS\SYSTEM32\POWRPROF.dll
0x00007ffbc6e00000 - 0x00007ffbc6e0a000 	C:\WINDOWS\SYSTEM32\VERSION.dll
0x00007ffbbdb10000 - 0x00007ffbbdb44000 	C:\WINDOWS\SYSTEM32\WINMM.dll
0x00007ffbcc9e0000 - 0x00007ffbcc9f3000 	C:\WINDOWS\SYSTEM32\UMPDC.dll
0x00007ffbcbcd0000 - 0x00007ffbcbce8000 	C:\WINDOWS\SYSTEM32\kernel.appcore.dll
0x00007ffbb8cc0000 - 0x00007ffbb8cca000 	c:\Users\navindu\.vscode\extensions\redhat.java-1.43.1-win32-x64\jre\21.0.7-win32-x86_64\bin\jimage.dll
0x00007ffbca6e0000 - 0x00007ffbca913000 	C:\WINDOWS\SYSTEM32\DBGHELP.DLL
0x00007ffbcda90000 - 0x00007ffbcde23000 	C:\WINDOWS\System32\combase.dll
0x00007ffbcf1d0000 - 0x00007ffbcf2a7000 	C:\WINDOWS\System32\OLEAUT32.dll
0x00007ffbc94f0000 - 0x00007ffbc9522000 	C:\WINDOWS\SYSTEM32\dbgcore.DLL
0x00007ffbccd80000 - 0x00007ffbccdfb000 	C:\WINDOWS\System32\bcryptPrimitives.dll
0x00007ffbb8b70000 - 0x00007ffbb8b7f000 	c:\Users\navindu\.vscode\extensions\redhat.java-1.43.1-win32-x64\jre\21.0.7-win32-x86_64\bin\instrument.dll
0x00007ffba5b50000 - 0x00007ffba5b6f000 	c:\Users\navindu\.vscode\extensions\redhat.java-1.43.1-win32-x64\jre\21.0.7-win32-x86_64\bin\java.dll
0x00007ffbce3d0000 - 0x00007ffbcec72000 	C:\WINDOWS\System32\SHELL32.dll
0x00007ffbcd680000 - 0x00007ffbcd7bf000 	C:\WINDOWS\System32\wintypes.dll
0x00007ffbcabc0000 - 0x00007ffbcb4de000 	C:\WINDOWS\SYSTEM32\windows.storage.dll
0x00007ffbcf2b0000 - 0x00007ffbcf3bb000 	C:\WINDOWS\System32\SHCORE.dll
0x00007ffbcf470000 - 0x00007ffbcf4d9000 	C:\WINDOWS\System32\shlwapi.dll
0x00007ffbccc10000 - 0x00007ffbccc3b000 	C:\WINDOWS\SYSTEM32\profapi.dll
0x00007ffba54e0000 - 0x00007ffba54f8000 	c:\Users\navindu\.vscode\extensions\redhat.java-1.43.1-win32-x64\jre\21.0.7-win32-x86_64\bin\zip.dll
0x00007ffbb82f0000 - 0x00007ffbb8300000 	C:\Users\navindu\.vscode\extensions\redhat.java-1.43.1-win32-x64\jre\21.0.7-win32-x86_64\bin\net.dll
0x00007ffbc3fd0000 - 0x00007ffbc40fc000 	C:\WINDOWS\SYSTEM32\WINHTTP.dll
0x00007ffbcc140000 - 0x00007ffbcc1a9000 	C:\WINDOWS\system32\mswsock.dll
0x00007ffba5100000 - 0x00007ffba5116000 	C:\Users\navindu\.vscode\extensions\redhat.java-1.43.1-win32-x64\jre\21.0.7-win32-x86_64\bin\nio.dll
0x00007ffbb76f0000 - 0x00007ffbb7700000 	c:\Users\navindu\.vscode\extensions\redhat.java-1.43.1-win32-x64\jre\21.0.7-win32-x86_64\bin\verify.dll
0x00007ffb8c180000 - 0x00007ffb8c1c5000 	C:\Users\navindu\AppData\Roaming\Code\User\globalStorage\redhat.java\1.43.1\config_win\org.eclipse.equinox.launcher\org.eclipse.equinox.launcher.win32.win32.x86_64_1.2.1300.v20250331-1702\eclipse_11911.dll
0x00007ffbcec80000 - 0x00007ffbcee20000 	C:\WINDOWS\System32\ole32.dll
0x00007ffbcc380000 - 0x00007ffbcc39b000 	C:\WINDOWS\SYSTEM32\CRYPTSP.dll
0x00007ffbcbc30000 - 0x00007ffbcbc67000 	C:\WINDOWS\system32\rsaenh.dll
0x00007ffbcc1f0000 - 0x00007ffbcc218000 	C:\WINDOWS\SYSTEM32\USERENV.dll
0x00007ffbcc370000 - 0x00007ffbcc37c000 	C:\WINDOWS\SYSTEM32\CRYPTBASE.dll
0x00007ffbcb740000 - 0x00007ffbcb76d000 	C:\WINDOWS\SYSTEM32\IPHLPAPI.DLL
0x00007ffbcda80000 - 0x00007ffbcda89000 	C:\WINDOWS\System32\NSI.dll
0x00007ffb8c130000 - 0x00007ffb8c179000 	C:\Users\navindu\AppData\Local\Temp\jna-1730397209\jna3426651118228419415.dll
0x00007ffbcf1c0000 - 0x00007ffbcf1c8000 	C:\WINDOWS\System32\PSAPI.DLL

dbghelp: loaded successfully - version: 4.0.5 - missing functions: none
symbol engine: initialized successfully - sym options: 0x614 - pdb path: .;c:\Users\navindu\.vscode\extensions\redhat.java-1.43.1-win32-x64\jre\21.0.7-win32-x86_64\bin;C:\WINDOWS\SYSTEM32;C:\WINDOWS\WinSxS\amd64_microsoft.windows.common-controls_6595b64144ccf1df_6.0.22621.5415_none_270d77d17387d7da;c:\Users\navindu\.vscode\extensions\redhat.java-1.43.1-win32-x64\jre\21.0.7-win32-x86_64\bin\server;C:\Users\navindu\AppData\Roaming\Code\User\globalStorage\redhat.java\1.43.1\config_win\org.eclipse.equinox.launcher\org.eclipse.equinox.launcher.win32.win32.x86_64_1.2.1300.v20250331-1702;C:\Users\navindu\AppData\Local\Temp\jna-1730397209

VM Arguments:
jvm_args: --add-modules=ALL-SYSTEM --add-opens=java.base/java.util=ALL-UNNAMED --add-opens=java.base/java.lang=ALL-UNNAMED --add-opens=java.base/sun.nio.fs=ALL-UNNAMED -Declipse.application=org.eclipse.jdt.ls.core.id1 -Dosgi.bundles.defaultStartLevel=4 -Declipse.product=org.eclipse.jdt.ls.core.product -Djava.import.generatesMetadataFilesAtProjectRoot=false -DDetectVMInstallationsJob.disabled=true -Dfile.encoding=utf8 -XX:+UseParallelGC -XX:GCTimeRatio=4 -XX:AdaptiveSizePolicyWeight=90 -Dsun.zip.disableMemoryMapping=true -Xmx2G -Xms100m -Xlog:disable -javaagent:c:\Users\navindu\.vscode\extensions\redhat.java-1.43.1-win32-x64\lombok\lombok-1.18.39-4050.jar -XX:+HeapDumpOnOutOfMemoryError -XX:HeapDumpPath=c:\Users\navindu\AppData\Roaming\Code\User\workspaceStorage\935ea08e3a07c008de49f0b09361651e\redhat.java -Daether.dependencyCollector.impl=bf 
java_command: c:\Users\navindu\.vscode\extensions\redhat.java-1.43.1-win32-x64\server\plugins\org.eclipse.equinox.launcher_1.7.0.v20250519-0528.jar -configuration c:\Users\navindu\AppData\Roaming\Code\User\globalStorage\redhat.java\1.43.1\config_win -data c:\Users\navindu\AppData\Roaming\Code\User\workspaceStorage\935ea08e3a07c008de49f0b09361651e\redhat.java\jdt_ws --pipe=\\.\pipe\lsp-c5d6ce0f7311f4d17afe5511ca896566-sock
java_class_path (initial): c:\Users\navindu\.vscode\extensions\redhat.java-1.43.1-win32-x64\server\plugins\org.eclipse.equinox.launcher_1.7.0.v20250519-0528.jar
Launcher Type: SUN_STANDARD

[Global flags]
    uintx AdaptiveSizePolicyWeight                 = 90                                        {product} {command line}
     intx CICompilerCount                          = 3                                         {product} {ergonomic}
    uintx GCTimeRatio                              = 4                                         {product} {command line}
     bool HeapDumpOnOutOfMemoryError               = true                                   {manageable} {command line}
    ccstr HeapDumpPath                             = c:\Users\navindu\AppData\Roaming\Code\User\workspaceStorage\935ea08e3a07c008de49f0b09361651e\redhat.java         {manageable} {command line}
   size_t InitialHeapSize                          = 104857600                                 {product} {command line}
   size_t MaxHeapSize                              = 2147483648                                {product} {command line}
   size_t MaxNewSize                               = 715653120                                 {product} {ergonomic}
   size_t MinHeapDeltaBytes                        = 524288                                    {product} {ergonomic}
   size_t MinHeapSize                              = 104857600                                 {product} {command line}
   size_t NewSize                                  = 34603008                                  {product} {ergonomic}
    uintx NonNMethodCodeHeapSize                   = 5832780                                {pd product} {ergonomic}
    uintx NonProfiledCodeHeapSize                  = 122912730                              {pd product} {ergonomic}
   size_t OldSize                                  = 70254592                                  {product} {ergonomic}
    uintx ProfiledCodeHeapSize                     = 122912730                              {pd product} {ergonomic}
    uintx ReservedCodeCacheSize                    = 251658240                              {pd product} {ergonomic}
     bool SegmentedCodeCache                       = true                                      {product} {ergonomic}
   size_t SoftMaxHeapSize                          = 2147483648                             {manageable} {ergonomic}
     bool UseCompressedOops                        = true                           {product lp64_product} {ergonomic}
     bool UseLargePagesIndividualAllocation        = false                                  {pd product} {ergonomic}
     bool UseParallelGC                            = true                                      {product} {command line}

Logging:
Log output configuration:
 #0: stdout all=off uptime,level,tags foldmultilines=false
 #1: stderr all=off uptime,level,tags foldmultilines=false

Environment Variables:
PATH=C:\python\Scripts\;C:\python\;C:\Program Files\Common Files\Oracle\Java\javapath;C:\PHP\;C:\TDM-GCC-64\bin;C:\Program Files (x86)\Common Files\Oracle\Java\javapath;C:\WINDOWS;C:\WINDOWS\System32\Wbem;C:\WINDOWS\System32\WindowsPowerShell\v1.0\;C:\WINDOWS\System32\OpenSSH\;C:\Program Files\Git\cmd;C:\MinGW\bin;C:\Program Files (x86)\Apache Software Foundation\Apache2.2\bin;C:\Program Files\Microsoft VS Code\bin;C:\Windows\System32;C:\Program Files\nodejs\;C:\ProgramData\chocolatey\bin;C:\Users\navindu\AppData\Local\Programs\Python\Python313\Scripts\;C:\Users\navindu\AppData\Local\Programs\Python\Python313\;C:\Users\navindu\AppData\Local\Programs\Python\Launcher\;C:\Users\navindu\AppData\Local\Microsoft\WindowsApps;C:\msys64\mingw64\bin;C:\Program Files\JetBrains\IntelliJ IDEA Community Edition 2024.2.1\bin;;C:\python\Python.exe;C:\Users\navindu\AppData\Local\ComposerSetup\bin;C:\Users\navindu\AppData\Roaming\Composer\vendor\bin;C:\Users\navindu\AppData\Roaming\npm
USERNAME=navindu
OS=Windows_NT
PROCESSOR_IDENTIFIER=Intel64 Family 6 Model 140 Stepping 1, GenuineIntel
TMP=C:\Users\navindu\AppData\Local\Temp
TEMP=C:\Users\navindu\AppData\Local\Temp




Periodic native trim disabled

---------------  S Y S T E M  ---------------

OS:
 Windows 11 , 64 bit Build 22621 (10.0.22621.5415)
OS uptime: 0 days 10:04 hours
Hyper-V role detected

CPU: total 4 (initial active 4) (2 cores per cpu, 2 threads per core) family 6 model 140 stepping 1 microcode 0xa6, cx8, cmov, fxsr, ht, mmx, 3dnowpref, sse, sse2, sse3, ssse3, sse4.1, sse4.2, popcnt, lzcnt, tsc, tscinvbit, avx, avx2, aes, erms, clmul, bmi1, bmi2, adx, avx512f, avx512dq, avx512cd, avx512bw, avx512vl, sha, fma, vzeroupper, avx512_vpopcntdq, avx512_vpclmulqdq, avx512_vaes, avx512_vnni, clflush, clflushopt, clwb, avx512_vbmi2, avx512_vbmi, hv, rdtscp, rdpid, fsrm, gfni, avx512_bitalg, f16c, cet_ibt, cet_ss, avx512_ifma
Processor Information for the first 4 processors :
  Max Mhz: 2995, Current Mhz: 2995, Mhz Limit: 2995

Memory: 4k page, system-wide physical 3790M (105M free)
TotalPageFile size 15566M (AvailPageFile size 3M)
current process WorkingSet (physical memory assigned to process): 141M, peak: 141M
current process commit charge ("private bytes"): 274M, peak: 275M

vm_info: OpenJDK 64-Bit Server VM (21.0.7+6-LTS) for windows-amd64 JRE (21.0.7+6-LTS), built on 2025-04-15T00:00:00Z by "admin" with MS VC++ 17.7 (VS2022)

END.
