#
# There is insufficient memory for the Java Runtime Environment to continue.
# Native memory allocation (malloc) failed to allocate 850448 bytes. Error detail: Chunk::new
# Possible reasons:
#   The system is out of physical RAM or swap space
#   This process is running with CompressedOops enabled, and the Java Heap may be blocking the growth of the native heap
# Possible solutions:
#   Reduce memory load on the system
#   Increase physical memory or swap space
#   Check if swap backing store is full
#   Decrease Java heap size (-Xmx/-Xms)
#   Decrease number of Java threads
#   Decrease Java thread stack sizes (-Xss)
#   Set larger code cache with -XX:ReservedCodeCacheSize=
#   JVM is running with Unscaled Compressed Oops mode in which the Java heap is
#     placed in the first 4GB address space. The Java Heap base address is the
#     maximum limit for the native heap growth. Please use -XX:HeapBaseMinAddress
#     to set the Java Heap base and to place the Java Heap above 4GB virtual address.
# This output file may be truncated or incomplete.
#
#  Out of Memory Error (arena.cpp:168), pid=1392, tid=1876
#
# JRE version: OpenJDK Runtime Environment Temurin-21.0.7+6 (21.0.7+6) (build 21.0.7+6-LTS)
# Java VM: OpenJDK 64-Bit Server VM Temurin-21.0.7+6 (21.0.7+6-LTS, mixed mode, sharing, tiered, compressed oops, compressed class ptrs, parallel gc, windows-amd64)
# No core dump will be written. Minidumps are not enabled by default on client versions of Windows
#

---------------  S U M M A R Y ------------

Command Line: --add-modules=ALL-SYSTEM --add-opens=java.base/java.util=ALL-UNNAMED --add-opens=java.base/java.lang=ALL-UNNAMED --add-opens=java.base/sun.nio.fs=ALL-UNNAMED -Declipse.application=org.eclipse.jdt.ls.core.id1 -Dosgi.bundles.defaultStartLevel=4 -Declipse.product=org.eclipse.jdt.ls.core.product -Djava.import.generatesMetadataFilesAtProjectRoot=false -DDetectVMInstallationsJob.disabled=true -Dfile.encoding=utf8 -XX:+UseParallelGC -XX:GCTimeRatio=4 -XX:AdaptiveSizePolicyWeight=90 -Dsun.zip.disableMemoryMapping=true -Xmx2G -Xms100m -Xlog:disable -javaagent:c:\Users\navindu\.vscode\extensions\redhat.java-1.43.1-win32-x64\lombok\lombok-1.18.39-4050.jar c:\Users\navindu\.vscode\extensions\redhat.java-1.43.1-win32-x64\server\plugins\org.eclipse.equinox.launcher_1.7.0.v20250519-0528.jar -configuration c:\Users\navindu\AppData\Roaming\Code\User\globalStorage\redhat.java\1.43.1\config_ss_win -data c:\Users\navindu\AppData\Roaming\Code\User\workspaceStorage\935ea08e3a07c008de49f0b09361651e\redhat.java\ss_ws --pipe=\\.\pipe\lsp-9ca324e1d13fd8bbd25a737e9d7d03f6-sock

Host: 11th Gen Intel(R) Core(TM) i3-1115G4 @ 3.00GHz, 4 cores, 3G,  Windows 11 , 64 bit Build 22621 (10.0.22621.5415)
Time: Fri Jul 18 22:43:58 2025 Sri Lanka Standard Time elapsed time: 9.566304 seconds (0d 0h 0m 9s)

---------------  T H R E A D  ---------------

Current thread (0x0000023a984387a0):  JavaThread "C2 CompilerThread0" daemon [_thread_in_native, id=1876, stack(0x0000008f3b700000,0x0000008f3b800000) (1024K)]


Current CompileTask:
C2:9566 3256       4       org.eclipse.core.internal.watson.ElementTreeIterator::requestPath (100 bytes)

Stack: [0x0000008f3b700000,0x0000008f3b800000]
Native frames: (J=compiled Java code, j=interpreted, Vv=VM code, C=native code)
V  [jvm.dll+0x6ce119]
V  [jvm.dll+0x8a84a1]
V  [jvm.dll+0x8aa9ce]
V  [jvm.dll+0x8ab0b3]
V  [jvm.dll+0x27f8a6]
V  [jvm.dll+0xc507d]
V  [jvm.dll+0xc55b3]
V  [jvm.dll+0x3b692c]
V  [jvm.dll+0x382aa5]
V  [jvm.dll+0x381f0a]
V  [jvm.dll+0x247af0]
V  [jvm.dll+0x2470cf]
V  [jvm.dll+0x1c760e]
V  [jvm.dll+0x25695a]
V  [jvm.dll+0x254efa]
V  [jvm.dll+0x3f03f6]
V  [jvm.dll+0x851f6b]
V  [jvm.dll+0x6cc7dd]
C  [ucrtbase.dll+0x29333]
C  [KERNEL32.DLL+0x1259d]
C  [ntdll.dll+0x5af78]


---------------  P R O C E S S  ---------------

Threads class SMR info:
_java_thread_list=0x0000023af58af9b0, length=26, elements={
0x0000023a98543d20, 0x0000023a985fbed0, 0x0000023a985fd6d0, 0x0000023a98430230,
0x0000023a98431140, 0x0000023a98432f00, 0x0000023a98435960, 0x0000023a984387a0,
0x0000023a9846a890, 0x0000023a984ed6d0, 0x0000023af0d1fa90, 0x0000023af535c980,
0x0000023af559d6e0, 0x0000023af559dd40, 0x0000023af53c3d90, 0x0000023af532c0f0,
0x0000023af55f53a0, 0x0000023af0ab3740, 0x0000023af6087830, 0x0000023af0d62d20,
0x0000023af0d640d0, 0x0000023af0d65480, 0x0000023af0d64df0, 0x0000023af0d633b0,
0x0000023af0d63a40, 0x0000023af0d65b10
}

Java Threads: ( => current thread )
  0x0000023a98543d20 JavaThread "main"                              [_thread_in_vm, id=13076, stack(0x0000008f3ad00000,0x0000008f3ae00000) (1024K)]
  0x0000023a985fbed0 JavaThread "Reference Handler"          daemon [_thread_blocked, id=7872, stack(0x0000008f3b100000,0x0000008f3b200000) (1024K)]
  0x0000023a985fd6d0 JavaThread "Finalizer"                  daemon [_thread_blocked, id=13252, stack(0x0000008f3b200000,0x0000008f3b300000) (1024K)]
  0x0000023a98430230 JavaThread "Signal Dispatcher"          daemon [_thread_blocked, id=13464, stack(0x0000008f3b300000,0x0000008f3b400000) (1024K)]
  0x0000023a98431140 JavaThread "Attach Listener"            daemon [_thread_blocked, id=11524, stack(0x0000008f3b400000,0x0000008f3b500000) (1024K)]
  0x0000023a98432f00 JavaThread "Service Thread"             daemon [_thread_blocked, id=4260, stack(0x0000008f3b500000,0x0000008f3b600000) (1024K)]
  0x0000023a98435960 JavaThread "Monitor Deflation Thread"   daemon [_thread_blocked, id=2400, stack(0x0000008f3b600000,0x0000008f3b700000) (1024K)]
=>0x0000023a984387a0 JavaThread "C2 CompilerThread0"         daemon [_thread_in_native, id=1876, stack(0x0000008f3b700000,0x0000008f3b800000) (1024K)]
  0x0000023a9846a890 JavaThread "C1 CompilerThread0"         daemon [_thread_in_native, id=14112, stack(0x0000008f3b800000,0x0000008f3b900000) (1024K)]
  0x0000023a984ed6d0 JavaThread "Common-Cleaner"             daemon [_thread_blocked, id=7176, stack(0x0000008f3b900000,0x0000008f3ba00000) (1024K)]
  0x0000023af0d1fa90 JavaThread "Notification Thread"        daemon [_thread_blocked, id=8036, stack(0x0000008f3ba00000,0x0000008f3bb00000) (1024K)]
  0x0000023af535c980 JavaThread "Active Thread: Equinox Container: c8d12a6a-9919-4d7c-8b7b-8c3ea34da064"        [_thread_blocked, id=9884, stack(0x0000008f3be00000,0x0000008f3bf00000) (1024K)]
  0x0000023af559d6e0 JavaThread "Framework Event Dispatcher: Equinox Container: c8d12a6a-9919-4d7c-8b7b-8c3ea34da064" daemon [_thread_blocked, id=13420, stack(0x0000008f3bf00000,0x0000008f3c000000) (1024K)]
  0x0000023af559dd40 JavaThread "Start Level: Equinox Container: c8d12a6a-9919-4d7c-8b7b-8c3ea34da064" daemon [_thread_blocked, id=3792, stack(0x0000008f3c000000,0x0000008f3c100000) (1024K)]
  0x0000023af53c3d90 JavaThread "SCR Component Actor"        daemon [_thread_blocked, id=1948, stack(0x0000008f3c100000,0x0000008f3c200000) (1024K)]
  0x0000023af532c0f0 JavaThread "SCR Component Registry"     daemon [_thread_blocked, id=13960, stack(0x0000008f3c200000,0x0000008f3c300000) (1024K)]
  0x0000023af55f53a0 JavaThread "Worker-JM"                         [_thread_blocked, id=14252, stack(0x0000008f3c300000,0x0000008f3c400000) (1024K)]
  0x0000023af0ab3740 JavaThread "JNA Cleaner"                daemon [_thread_blocked, id=11044, stack(0x0000008f3c400000,0x0000008f3c500000) (1024K)]
  0x0000023af6087830 JavaThread "Worker-0"                          [_thread_blocked, id=11164, stack(0x0000008f3c500000,0x0000008f3c600000) (1024K)]
  0x0000023af0d62d20 JavaThread "Worker-1: Initialize After Load"        [_thread_in_vm, id=3436, stack(0x0000008f3c600000,0x0000008f3c700000) (1024K)]
  0x0000023af0d640d0 JavaThread "Thread-2"                   daemon [_thread_in_native, id=2660, stack(0x0000008f3c700000,0x0000008f3c800000) (1024K)]
  0x0000023af0d65480 JavaThread "Thread-3"                   daemon [_thread_in_native, id=13912, stack(0x0000008f3c800000,0x0000008f3c900000) (1024K)]
  0x0000023af0d64df0 JavaThread "Thread-4"                   daemon [_thread_in_native, id=10260, stack(0x0000008f3c900000,0x0000008f3ca00000) (1024K)]
  0x0000023af0d633b0 JavaThread "Thread-5"                   daemon [_thread_in_native, id=11112, stack(0x0000008f3ca00000,0x0000008f3cb00000) (1024K)]
  0x0000023af0d63a40 JavaThread "Thread-6"                   daemon [_thread_in_native, id=7248, stack(0x0000008f3cb00000,0x0000008f3cc00000) (1024K)]
  0x0000023af0d65b10 JavaThread "pool-2-thread-1"                   [_thread_blocked, id=14280, stack(0x0000008f3cc00000,0x0000008f3cd00000) (1024K)]
Total: 26

Other Threads:
  0x0000023a985e0840 VMThread "VM Thread"                           [id=13160, stack(0x0000008f3b000000,0x0000008f3b100000) (1024K)]
  0x0000023a985ae720 WatcherThread "VM Periodic Task Thread"        [id=9824, stack(0x0000008f3af00000,0x0000008f3b000000) (1024K)]
  0x0000023a98560a70 WorkerThread "GC Thread#0"                     [id=13596, stack(0x0000008f3ae00000,0x0000008f3af00000) (1024K)]
  0x0000023af506ecb0 WorkerThread "GC Thread#1"                     [id=12784, stack(0x0000008f3bb00000,0x0000008f3bc00000) (1024K)]
  0x0000023af506f050 WorkerThread "GC Thread#2"                     [id=15180, stack(0x0000008f3bc00000,0x0000008f3bd00000) (1024K)]
  0x0000023af5271430 WorkerThread "GC Thread#3"                     [id=12676, stack(0x0000008f3bd00000,0x0000008f3be00000) (1024K)]
Total: 6

Threads with active compile tasks:
C2 CompilerThread0  9595 3256       4       org.eclipse.core.internal.watson.ElementTreeIterator::requestPath (100 bytes)
Total: 1

VM state: not at safepoint (normal execution)

VM Mutex/Monitor currently owned by a thread: None

Heap address: 0x0000000080000000, size: 2048 MB, Compressed Oops mode: 32-bit

CDS archive(s) mapped at: [0x0000023aaf000000-0x0000023aafba0000-0x0000023aafba0000), size 12189696, SharedBaseAddress: 0x0000023aaf000000, ArchiveRelocationMode: 1.
Compressed class space mapped at: 0x0000023ab0000000-0x0000023af0000000, reserved size: 1073741824
Narrow klass base: 0x0000023aaf000000, Narrow klass shift: 0, Narrow klass range: 0x100000000

GC Precious Log:
 CardTable entry size: 512
 CPUs: 4 total, 4 available
 Memory: 3790M
 Large Page Support: Disabled
 NUMA Support: Disabled
 Compressed Oops: Enabled (32-bit)
 Alignments: Space 512K, Generation 512K, Heap 2M
 Heap Min Capacity: 100M
 Heap Initial Capacity: 100M
 Heap Max Capacity: 2G
 Pre-touch: Disabled
 Parallel Workers: 4

Heap:
 PSYoungGen      total 26624K, used 15961K [0x00000000d5580000, 0x00000000d7700000, 0x0000000100000000)
  eden space 23552K, 54% used [0x00000000d5580000,0x00000000d6218360,0x00000000d6c80000)
  from space 3072K, 99% used [0x00000000d7180000,0x00000000d747e1f8,0x00000000d7480000)
  to   space 5120K, 0% used [0x00000000d6c80000,0x00000000d6c80000,0x00000000d7180000)
 ParOldGen       total 68608K, used 12385K [0x0000000080000000, 0x0000000084300000, 0x00000000d5580000)
  object space 68608K, 18% used [0x0000000080000000,0x0000000080c186e8,0x0000000084300000)
 Metaspace       used 26718K, committed 27648K, reserved 1114112K
  class space    used 2577K, committed 3008K, reserved 1048576K

Card table byte_map: [0x0000023a97ee0000,0x0000023a982f0000] _byte_map_base: 0x0000023a97ae0000

Marking Bits: (ParMarkBitMap*) 0x00007ffb639931f0
 Begin Bits: [0x0000023aaa9e0000, 0x0000023aac9e0000)
 End Bits:   [0x0000023aac9e0000, 0x0000023aae9e0000)

Polling page: 0x0000023a96370000

Metaspace:

Usage:
  Non-class:     23.58 MB used.
      Class:      2.52 MB used.
       Both:     26.09 MB used.

Virtual space:
  Non-class space:       64.00 MB reserved,      24.06 MB ( 38%) committed,  1 nodes.
      Class space:        1.00 GB reserved,       2.94 MB ( <1%) committed,  1 nodes.
             Both:        1.06 GB reserved,      27.00 MB (  2%) committed. 

Chunk freelists:
   Non-Class:  7.66 MB
       Class:  13.05 MB
        Both:  20.70 MB

MaxMetaspaceSize: unlimited
CompressedClassSpaceSize: 1.00 GB
Initial GC threshold: 21.00 MB
Current GC threshold: 35.00 MB
CDS: on
 - commit_granule_bytes: 65536.
 - commit_granule_words: 8192.
 - virtual_space_node_default_size: 8388608.
 - enlarge_chunks_in_place: 1.
 - use_allocation_guard: 0.


Internal statistics:

num_allocs_failed_limit: 3.
num_arena_births: 546.
num_arena_deaths: 14.
num_vsnodes_births: 2.
num_vsnodes_deaths: 0.
num_space_committed: 432.
num_space_uncommitted: 0.
num_chunks_returned_to_freelist: 17.
num_chunks_taken_from_freelist: 1550.
num_chunk_merges: 8.
num_chunk_splits: 1016.
num_chunks_enlarged: 677.
num_inconsistent_stats: 0.

CodeHeap 'non-profiled nmethods': size=120000Kb used=1509Kb max_used=1509Kb free=118490Kb
 bounds [0x0000023aa3200000, 0x0000023aa3470000, 0x0000023aaa730000]
CodeHeap 'profiled nmethods': size=120000Kb used=6419Kb max_used=6419Kb free=113580Kb
 bounds [0x0000023a9b730000, 0x0000023a9bd80000, 0x0000023aa2c60000]
CodeHeap 'non-nmethods': size=5760Kb used=1347Kb max_used=1369Kb free=4412Kb
 bounds [0x0000023aa2c60000, 0x0000023aa2ed0000, 0x0000023aa3200000]
 total_blobs=3938 nmethods=3311 adapters=533
 compilation: enabled
              stopped_count=0, restarted_count=0
 full_count=0

Compilation events (20 events):
Event: 9.552 Thread 0x0000023a9846a890 nmethod 3291 0x0000023a9bd68a10 code [0x0000023a9bd68c00, 0x0000023a9bd69128]
Event: 9.554 Thread 0x0000023a9846a890 3295       2       java.lang.reflect.Method::copy (84 bytes)
Event: 9.555 Thread 0x0000023a9846a890 nmethod 3295 0x0000023a9bd69410 code [0x0000023a9bd695e0, 0x0000023a9bd698e0]
Event: 9.555 Thread 0x0000023a9846a890 3294       2       java.lang.reflect.Method::<init> (68 bytes)
Event: 9.555 Thread 0x0000023a9846a890 nmethod 3294 0x0000023a9bd69a10 code [0x0000023a9bd69ba0, 0x0000023a9bd69d88]
Event: 9.555 Thread 0x0000023a9846a890 3296   !   2       java.lang.reflect.Executable::declaredAnnotations (85 bytes)
Event: 9.555 Thread 0x0000023a9846a890 nmethod 3296 0x0000023a9bd69e90 code [0x0000023a9bd6a0a0, 0x0000023a9bd6a4d0]
Event: 9.555 Thread 0x0000023a9846a890 3299       2       java.util.stream.ReferencePipeline::<init> (7 bytes)
Event: 9.555 Thread 0x0000023a9846a890 nmethod 3299 0x0000023a9bd6a810 code [0x0000023a9bd6a9c0, 0x0000023a9bd6aae0]
Event: 9.555 Thread 0x0000023a9846a890 3301       2       java.util.stream.Sink$ChainedReference::<init> (16 bytes)
Event: 9.555 Thread 0x0000023a9846a890 nmethod 3301 0x0000023a9bd6ab90 code [0x0000023a9bd6ad40, 0x0000023a9bd6af80]
Event: 9.555 Thread 0x0000023a9846a890 3298       1       sun.reflect.generics.visitor.Reifier::getFactory (5 bytes)
Event: 9.555 Thread 0x0000023a9846a890 nmethod 3298 0x0000023aa3378190 code [0x0000023aa3378320, 0x0000023aa33783e8]
Event: 9.555 Thread 0x0000023a9846a890 3300       1       sun.reflect.generics.tree.SimpleClassTypeSignature::getTypeArguments (5 bytes)
Event: 9.555 Thread 0x0000023a9846a890 nmethod 3300 0x0000023aa3378490 code [0x0000023aa3378620, 0x0000023aa33786e8]
Event: 9.556 Thread 0x0000023a9846a890 3302       2       java.lang.reflect.ProxyGenerator::dotToSlash (9 bytes)
Event: 9.556 Thread 0x0000023a9846a890 nmethod 3302 0x0000023a9bd6b090 code [0x0000023a9bd6b240, 0x0000023a9bd6b358]
Event: 9.557 Thread 0x0000023a9846a890 3303       2       java.lang.Class::newReflectionData (66 bytes)
Event: 9.557 Thread 0x0000023a9846a890 nmethod 3303 0x0000023a9bd6b410 code [0x0000023a9bd6b5e0, 0x0000023a9bd6b9b8]
Event: 9.564 Thread 0x0000023a9846a890 3304       3       java.util.Properties::loadConvert (540 bytes)

GC Heap History (18 events):
Event: 1.241 GC heap before
{Heap before GC invocations=1 (full 0):
 PSYoungGen      total 29696K, used 25600K [0x00000000d5580000, 0x00000000d7680000, 0x0000000100000000)
  eden space 25600K, 100% used [0x00000000d5580000,0x00000000d6e80000,0x00000000d6e80000)
  from space 4096K, 0% used [0x00000000d7280000,0x00000000d7280000,0x00000000d7680000)
  to   space 4096K, 0% used [0x00000000d6e80000,0x00000000d6e80000,0x00000000d7280000)
 ParOldGen       total 68608K, used 0K [0x0000000080000000, 0x0000000084300000, 0x00000000d5580000)
  object space 68608K, 0% used [0x0000000080000000,0x0000000080000000,0x0000000084300000)
 Metaspace       used 4296K, committed 4544K, reserved 1114112K
  class space    used 457K, committed 576K, reserved 1048576K
}
Event: 1.251 GC heap after
{Heap after GC invocations=1 (full 0):
 PSYoungGen      total 29696K, used 3319K [0x00000000d5580000, 0x00000000d7680000, 0x0000000100000000)
  eden space 25600K, 0% used [0x00000000d5580000,0x00000000d5580000,0x00000000d6e80000)
  from space 4096K, 81% used [0x00000000d6e80000,0x00000000d71bdc78,0x00000000d7280000)
  to   space 4096K, 0% used [0x00000000d7280000,0x00000000d7280000,0x00000000d7680000)
 ParOldGen       total 68608K, used 16K [0x0000000080000000, 0x0000000084300000, 0x00000000d5580000)
  object space 68608K, 0% used [0x0000000080000000,0x0000000080004000,0x0000000084300000)
 Metaspace       used 4296K, committed 4544K, reserved 1114112K
  class space    used 457K, committed 576K, reserved 1048576K
}
Event: 2.323 GC heap before
{Heap before GC invocations=2 (full 0):
 PSYoungGen      total 29696K, used 28919K [0x00000000d5580000, 0x00000000d7680000, 0x0000000100000000)
  eden space 25600K, 100% used [0x00000000d5580000,0x00000000d6e80000,0x00000000d6e80000)
  from space 4096K, 81% used [0x00000000d6e80000,0x00000000d71bdc78,0x00000000d7280000)
  to   space 4096K, 0% used [0x00000000d7280000,0x00000000d7280000,0x00000000d7680000)
 ParOldGen       total 68608K, used 16K [0x0000000080000000, 0x0000000084300000, 0x00000000d5580000)
  object space 68608K, 0% used [0x0000000080000000,0x0000000080004000,0x0000000084300000)
 Metaspace       used 8155K, committed 8448K, reserved 1114112K
  class space    used 845K, committed 1024K, reserved 1048576K
}
Event: 2.332 GC heap after
{Heap after GC invocations=2 (full 0):
 PSYoungGen      total 29696K, used 4089K [0x00000000d5580000, 0x00000000d7680000, 0x0000000100000000)
  eden space 25600K, 0% used [0x00000000d5580000,0x00000000d5580000,0x00000000d6e80000)
  from space 4096K, 99% used [0x00000000d7280000,0x00000000d767e7c8,0x00000000d7680000)
  to   space 4096K, 0% used [0x00000000d6e80000,0x00000000d6e80000,0x00000000d7280000)
 ParOldGen       total 68608K, used 911K [0x0000000080000000, 0x0000000084300000, 0x00000000d5580000)
  object space 68608K, 1% used [0x0000000080000000,0x00000000800e3d20,0x0000000084300000)
 Metaspace       used 8155K, committed 8448K, reserved 1114112K
  class space    used 845K, committed 1024K, reserved 1048576K
}
Event: 3.111 GC heap before
{Heap before GC invocations=3 (full 0):
 PSYoungGen      total 29696K, used 29689K [0x00000000d5580000, 0x00000000d7680000, 0x0000000100000000)
  eden space 25600K, 100% used [0x00000000d5580000,0x00000000d6e80000,0x00000000d6e80000)
  from space 4096K, 99% used [0x00000000d7280000,0x00000000d767e7c8,0x00000000d7680000)
  to   space 4096K, 0% used [0x00000000d6e80000,0x00000000d6e80000,0x00000000d7280000)
 ParOldGen       total 68608K, used 911K [0x0000000080000000, 0x0000000084300000, 0x00000000d5580000)
  object space 68608K, 1% used [0x0000000080000000,0x00000000800e3d20,0x0000000084300000)
 Metaspace       used 12982K, committed 13504K, reserved 1114112K
  class space    used 1333K, committed 1536K, reserved 1048576K
}
Event: 3.119 GC heap after
{Heap after GC invocations=3 (full 0):
 PSYoungGen      total 29696K, used 4079K [0x00000000d5580000, 0x00000000d7680000, 0x0000000100000000)
  eden space 25600K, 0% used [0x00000000d5580000,0x00000000d5580000,0x00000000d6e80000)
  from space 4096K, 99% used [0x00000000d6e80000,0x00000000d727bd18,0x00000000d7280000)
  to   space 4096K, 0% used [0x00000000d7280000,0x00000000d7280000,0x00000000d7680000)
 ParOldGen       total 68608K, used 2619K [0x0000000080000000, 0x0000000084300000, 0x00000000d5580000)
  object space 68608K, 3% used [0x0000000080000000,0x000000008028ec28,0x0000000084300000)
 Metaspace       used 12982K, committed 13504K, reserved 1114112K
  class space    used 1333K, committed 1536K, reserved 1048576K
}
Event: 7.816 GC heap before
{Heap before GC invocations=4 (full 0):
 PSYoungGen      total 29696K, used 29669K [0x00000000d5580000, 0x00000000d7680000, 0x0000000100000000)
  eden space 25600K, 99% used [0x00000000d5580000,0x00000000d6e7d828,0x00000000d6e80000)
  from space 4096K, 99% used [0x00000000d6e80000,0x00000000d727bd18,0x00000000d7280000)
  to   space 4096K, 0% used [0x00000000d7280000,0x00000000d7280000,0x00000000d7680000)
 ParOldGen       total 68608K, used 2619K [0x0000000080000000, 0x0000000084300000, 0x00000000d5580000)
  object space 68608K, 3% used [0x0000000080000000,0x000000008028ec28,0x0000000084300000)
 Metaspace       used 16339K, committed 16960K, reserved 1114112K
  class space    used 1677K, committed 1920K, reserved 1048576K
}
Event: 7.836 GC heap after
{Heap after GC invocations=4 (full 0):
 PSYoungGen      total 29696K, used 4072K [0x00000000d5580000, 0x00000000d7680000, 0x0000000100000000)
  eden space 25600K, 0% used [0x00000000d5580000,0x00000000d5580000,0x00000000d6e80000)
  from space 4096K, 99% used [0x00000000d7280000,0x00000000d767a148,0x00000000d7680000)
  to   space 4096K, 0% used [0x00000000d6e80000,0x00000000d6e80000,0x00000000d7280000)
 ParOldGen       total 68608K, used 6983K [0x0000000080000000, 0x0000000084300000, 0x00000000d5580000)
  object space 68608K, 10% used [0x0000000080000000,0x00000000806d1c60,0x0000000084300000)
 Metaspace       used 16339K, committed 16960K, reserved 1114112K
  class space    used 1677K, committed 1920K, reserved 1048576K
}
Event: 8.312 GC heap before
{Heap before GC invocations=5 (full 0):
 PSYoungGen      total 29696K, used 29672K [0x00000000d5580000, 0x00000000d7680000, 0x0000000100000000)
  eden space 25600K, 100% used [0x00000000d5580000,0x00000000d6e80000,0x00000000d6e80000)
  from space 4096K, 99% used [0x00000000d7280000,0x00000000d767a148,0x00000000d7680000)
  to   space 4096K, 0% used [0x00000000d6e80000,0x00000000d6e80000,0x00000000d7280000)
 ParOldGen       total 68608K, used 6983K [0x0000000080000000, 0x0000000084300000, 0x00000000d5580000)
  object space 68608K, 10% used [0x0000000080000000,0x00000000806d1c60,0x0000000084300000)
 Metaspace       used 19617K, committed 20352K, reserved 1114112K
  class space    used 1903K, committed 2240K, reserved 1048576K
}
Event: 8.320 GC heap after
{Heap after GC invocations=5 (full 0):
 PSYoungGen      total 29184K, used 4088K [0x00000000d5580000, 0x00000000d7a00000, 0x0000000100000000)
  eden space 25088K, 0% used [0x00000000d5580000,0x00000000d5580000,0x00000000d6e00000)
  from space 4096K, 99% used [0x00000000d6e80000,0x00000000d727e158,0x00000000d7280000)
  to   space 6144K, 0% used [0x00000000d7400000,0x00000000d7400000,0x00000000d7a00000)
 ParOldGen       total 68608K, used 7304K [0x0000000080000000, 0x0000000084300000, 0x00000000d5580000)
  object space 68608K, 10% used [0x0000000080000000,0x00000000807222c0,0x0000000084300000)
 Metaspace       used 19617K, committed 20352K, reserved 1114112K
  class space    used 1903K, committed 2240K, reserved 1048576K
}
Event: 8.386 GC heap before
{Heap before GC invocations=6 (full 0):
 PSYoungGen      total 29184K, used 12858K [0x00000000d5580000, 0x00000000d7a00000, 0x0000000100000000)
  eden space 25088K, 34% used [0x00000000d5580000,0x00000000d5e10978,0x00000000d6e00000)
  from space 4096K, 99% used [0x00000000d6e80000,0x00000000d727e158,0x00000000d7280000)
  to   space 6144K, 0% used [0x00000000d7400000,0x00000000d7400000,0x00000000d7a00000)
 ParOldGen       total 68608K, used 7304K [0x0000000080000000, 0x0000000084300000, 0x00000000d5580000)
  object space 68608K, 10% used [0x0000000080000000,0x00000000807222c0,0x0000000084300000)
 Metaspace       used 20755K, committed 21504K, reserved 1114112K
  class space    used 1982K, committed 2304K, reserved 1048576K
}
Event: 8.393 GC heap after
{Heap after GC invocations=6 (full 0):
 PSYoungGen      total 30208K, used 4710K [0x00000000d5580000, 0x00000000d7900000, 0x0000000100000000)
  eden space 25088K, 0% used [0x00000000d5580000,0x00000000d5580000,0x00000000d6e00000)
  from space 5120K, 91% used [0x00000000d7400000,0x00000000d7899810,0x00000000d7900000)
  to   space 5120K, 0% used [0x00000000d6f00000,0x00000000d6f00000,0x00000000d7400000)
 ParOldGen       total 68608K, used 7304K [0x0000000080000000, 0x0000000084300000, 0x00000000d5580000)
  object space 68608K, 10% used [0x0000000080000000,0x00000000807222c0,0x0000000084300000)
 Metaspace       used 20755K, committed 21504K, reserved 1114112K
  class space    used 1982K, committed 2304K, reserved 1048576K
}
Event: 8.393 GC heap before
{Heap before GC invocations=7 (full 1):
 PSYoungGen      total 30208K, used 4710K [0x00000000d5580000, 0x00000000d7900000, 0x0000000100000000)
  eden space 25088K, 0% used [0x00000000d5580000,0x00000000d5580000,0x00000000d6e00000)
  from space 5120K, 91% used [0x00000000d7400000,0x00000000d7899810,0x00000000d7900000)
  to   space 5120K, 0% used [0x00000000d6f00000,0x00000000d6f00000,0x00000000d7400000)
 ParOldGen       total 68608K, used 7304K [0x0000000080000000, 0x0000000084300000, 0x00000000d5580000)
  object space 68608K, 10% used [0x0000000080000000,0x00000000807222c0,0x0000000084300000)
 Metaspace       used 20755K, committed 21504K, reserved 1114112K
  class space    used 1982K, committed 2304K, reserved 1048576K
}
Event: 8.440 GC heap after
{Heap after GC invocations=7 (full 1):
 PSYoungGen      total 30208K, used 0K [0x00000000d5580000, 0x00000000d7900000, 0x0000000100000000)
  eden space 25088K, 0% used [0x00000000d5580000,0x00000000d5580000,0x00000000d6e00000)
  from space 5120K, 0% used [0x00000000d7400000,0x00000000d7400000,0x00000000d7900000)
  to   space 5120K, 0% used [0x00000000d6f00000,0x00000000d6f00000,0x00000000d7400000)
 ParOldGen       total 68608K, used 11196K [0x0000000080000000, 0x0000000084300000, 0x00000000d5580000)
  object space 68608K, 16% used [0x0000000080000000,0x0000000080aef1d8,0x0000000084300000)
 Metaspace       used 20742K, committed 21504K, reserved 1114112K
  class space    used 1978K, committed 2304K, reserved 1048576K
}
Event: 8.941 GC heap before
{Heap before GC invocations=8 (full 1):
 PSYoungGen      total 30208K, used 24926K [0x00000000d5580000, 0x00000000d7900000, 0x0000000100000000)
  eden space 25088K, 99% used [0x00000000d5580000,0x00000000d6dd7bb8,0x00000000d6e00000)
  from space 5120K, 0% used [0x00000000d7400000,0x00000000d7400000,0x00000000d7900000)
  to   space 5120K, 0% used [0x00000000d6f00000,0x00000000d6f00000,0x00000000d7400000)
 ParOldGen       total 68608K, used 11196K [0x0000000080000000, 0x0000000084300000, 0x00000000d5580000)
  object space 68608K, 16% used [0x0000000080000000,0x0000000080aef1d8,0x0000000084300000)
 Metaspace       used 22878K, committed 23552K, reserved 1114112K
  class space    used 2158K, committed 2432K, reserved 1048576K
}
Event: 8.944 GC heap after
{Heap after GC invocations=8 (full 1):
 PSYoungGen      total 27136K, used 2259K [0x00000000d5580000, 0x00000000d7480000, 0x0000000100000000)
  eden space 24576K, 0% used [0x00000000d5580000,0x00000000d5580000,0x00000000d6d80000)
  from space 2560K, 88% used [0x00000000d6f00000,0x00000000d7134cf0,0x00000000d7180000)
  to   space 3072K, 0% used [0x00000000d7180000,0x00000000d7180000,0x00000000d7480000)
 ParOldGen       total 68608K, used 11204K [0x0000000080000000, 0x0000000084300000, 0x00000000d5580000)
  object space 68608K, 16% used [0x0000000080000000,0x0000000080af11d8,0x0000000084300000)
 Metaspace       used 22878K, committed 23552K, reserved 1114112K
  class space    used 2158K, committed 2432K, reserved 1048576K
}
Event: 9.512 GC heap before
{Heap before GC invocations=9 (full 1):
 PSYoungGen      total 27136K, used 26835K [0x00000000d5580000, 0x00000000d7480000, 0x0000000100000000)
  eden space 24576K, 100% used [0x00000000d5580000,0x00000000d6d80000,0x00000000d6d80000)
  from space 2560K, 88% used [0x00000000d6f00000,0x00000000d7134cf0,0x00000000d7180000)
  to   space 3072K, 0% used [0x00000000d7180000,0x00000000d7180000,0x00000000d7480000)
 ParOldGen       total 68608K, used 11204K [0x0000000080000000, 0x0000000084300000, 0x00000000d5580000)
  object space 68608K, 16% used [0x0000000080000000,0x0000000080af11d8,0x0000000084300000)
 Metaspace       used 26180K, committed 27008K, reserved 1114112K
  class space    used 2500K, committed 2816K, reserved 1048576K
}
Event: 9.517 GC heap after
{Heap after GC invocations=9 (full 1):
 PSYoungGen      total 26624K, used 3064K [0x00000000d5580000, 0x00000000d7700000, 0x0000000100000000)
  eden space 23552K, 0% used [0x00000000d5580000,0x00000000d5580000,0x00000000d6c80000)
  from space 3072K, 99% used [0x00000000d7180000,0x00000000d747e1f8,0x00000000d7480000)
  to   space 5120K, 0% used [0x00000000d6c80000,0x00000000d6c80000,0x00000000d7180000)
 ParOldGen       total 68608K, used 12385K [0x0000000080000000, 0x0000000084300000, 0x00000000d5580000)
  object space 68608K, 18% used [0x0000000080000000,0x0000000080c186e8,0x0000000084300000)
 Metaspace       used 26180K, committed 27008K, reserved 1114112K
  class space    used 2500K, committed 2816K, reserved 1048576K
}

Dll operation events (10 events):
Event: 0.024 Loaded shared library c:\Users\navindu\.vscode\extensions\redhat.java-1.43.1-win32-x64\jre\21.0.7-win32-x86_64\bin\java.dll
Event: 0.167 Loaded shared library c:\Users\navindu\.vscode\extensions\redhat.java-1.43.1-win32-x64\jre\21.0.7-win32-x86_64\bin\zip.dll
Event: 0.196 Loaded shared library C:\Users\navindu\.vscode\extensions\redhat.java-1.43.1-win32-x64\jre\21.0.7-win32-x86_64\bin\instrument.dll
Event: 0.201 Loaded shared library C:\Users\navindu\.vscode\extensions\redhat.java-1.43.1-win32-x64\jre\21.0.7-win32-x86_64\bin\net.dll
Event: 0.210 Loaded shared library C:\Users\navindu\.vscode\extensions\redhat.java-1.43.1-win32-x64\jre\21.0.7-win32-x86_64\bin\nio.dll
Event: 0.213 Loaded shared library C:\Users\navindu\.vscode\extensions\redhat.java-1.43.1-win32-x64\jre\21.0.7-win32-x86_64\bin\zip.dll
Event: 0.243 Loaded shared library C:\Users\navindu\.vscode\extensions\redhat.java-1.43.1-win32-x64\jre\21.0.7-win32-x86_64\bin\jimage.dll
Event: 0.362 Loaded shared library c:\Users\navindu\.vscode\extensions\redhat.java-1.43.1-win32-x64\jre\21.0.7-win32-x86_64\bin\verify.dll
Event: 2.287 Loaded shared library C:\Users\navindu\AppData\Roaming\Code\User\globalStorage\redhat.java\1.43.1\config_ss_win\org.eclipse.equinox.launcher\org.eclipse.equinox.launcher.win32.win32.x86_64_1.2.1300.v20250331-1702\eclipse_11911.dll
Event: 7.337 Loaded shared library C:\Users\navindu\AppData\Local\Temp\jna-1730397209\jna11424019781216286447.dll

Deoptimization events (20 events):
Event: 8.993 Thread 0x0000023af559dd40 DEOPT PACKING pc=0x0000023aa32e538c sp=0x0000008f3c0fe280
Event: 8.993 Thread 0x0000023af559dd40 DEOPT UNPACKING pc=0x0000023aa2cb6da2 sp=0x0000008f3c0fe210 mode 2
Event: 9.046 Thread 0x0000023af559dd40 Uncommon trap: trap_request=0xffffffc6 fr.pc=0x0000023aa32a4e44 relative=0x00000000000009c4
Event: 9.046 Thread 0x0000023af559dd40 Uncommon trap: reason=bimorphic_or_optimized_type_check action=maybe_recompile pc=0x0000023aa32a4e44 method=java.util.HashMap.putVal(ILjava/lang/Object;Ljava/lang/Object;ZZ)Ljava/lang/Object; @ 56 c2
Event: 9.046 Thread 0x0000023af559dd40 DEOPT PACKING pc=0x0000023aa32a4e44 sp=0x0000008f3c0fd950
Event: 9.046 Thread 0x0000023af559dd40 DEOPT UNPACKING pc=0x0000023aa2cb6da2 sp=0x0000008f3c0fd850 mode 2
Event: 9.211 Thread 0x0000023af559dd40 DEOPT PACKING pc=0x0000023a9bbe7926 sp=0x0000008f3c0fd080
Event: 9.211 Thread 0x0000023af559dd40 DEOPT UNPACKING pc=0x0000023aa2cb78e2 sp=0x0000008f3c0fc578 mode 0
Event: 9.311 Thread 0x0000023af559dd40 Uncommon trap: trap_request=0xffffff45 fr.pc=0x0000023aa3232f34 relative=0x0000000000000114
Event: 9.311 Thread 0x0000023af559dd40 Uncommon trap: reason=unstable_if action=reinterpret pc=0x0000023aa3232f34 method=java.lang.String.getBytes([BIB)V @ 5 c2
Event: 9.311 Thread 0x0000023af559dd40 DEOPT PACKING pc=0x0000023aa3232f34 sp=0x0000008f3c0fdd30
Event: 9.311 Thread 0x0000023af559dd40 DEOPT UNPACKING pc=0x0000023aa2cb6da2 sp=0x0000008f3c0fdcd8 mode 2
Event: 9.339 Thread 0x0000023af559dd40 Uncommon trap: trap_request=0xffffff45 fr.pc=0x0000023aa3291844 relative=0x0000000000000124
Event: 9.339 Thread 0x0000023af559dd40 Uncommon trap: reason=unstable_if action=reinterpret pc=0x0000023aa3291844 method=jdk.internal.org.objectweb.asm.SymbolTable.put(Ljdk/internal/org/objectweb/asm/SymbolTable$Entry;)Ljdk/internal/org/objectweb/asm/SymbolTable$Entry; @ 13 c2
Event: 9.339 Thread 0x0000023af559dd40 DEOPT PACKING pc=0x0000023aa3291844 sp=0x0000008f3c0fb9d0
Event: 9.339 Thread 0x0000023af559dd40 DEOPT UNPACKING pc=0x0000023aa2cb6da2 sp=0x0000008f3c0fb930 mode 2
Event: 9.479 Thread 0x0000023af0d62d20 Uncommon trap: trap_request=0xffffff45 fr.pc=0x0000023aa334ba78 relative=0x0000000000001198
Event: 9.479 Thread 0x0000023af0d62d20 Uncommon trap: reason=unstable_if action=reinterpret pc=0x0000023aa334ba78 method=java.util.Properties.loadConvert([CIILjava/lang/StringBuilder;)Ljava/lang/String; @ 477 c2
Event: 9.479 Thread 0x0000023af0d62d20 DEOPT PACKING pc=0x0000023aa334ba78 sp=0x0000008f3c6fd560
Event: 9.479 Thread 0x0000023af0d62d20 DEOPT UNPACKING pc=0x0000023aa2cb6da2 sp=0x0000008f3c6fd550 mode 2

Classes loaded (20 events):
Event: 9.521 Loading class sun/reflect/generics/tree/Signature done
Event: 9.521 Loading class sun/reflect/generics/tree/MethodTypeSignature done
Event: 9.521 Loading class sun/reflect/generics/reflectiveObjects/ParameterizedTypeImpl
Event: 9.522 Loading class java/lang/reflect/ParameterizedType
Event: 9.522 Loading class java/lang/reflect/ParameterizedType done
Event: 9.522 Loading class sun/reflect/generics/reflectiveObjects/ParameterizedTypeImpl done
Event: 9.522 Loading class sun/reflect/generics/repository/ClassRepository
Event: 9.522 Loading class sun/reflect/generics/repository/ClassRepository done
Event: 9.522 Loading class sun/reflect/generics/tree/ClassSignature
Event: 9.522 Loading class sun/reflect/generics/tree/ClassSignature done
Event: 9.522 Loading class sun/reflect/generics/tree/TypeVariableSignature
Event: 9.522 Loading class sun/reflect/generics/tree/TypeVariableSignature done
Event: 9.522 Loading class sun/reflect/generics/reflectiveObjects/TypeVariableImpl
Event: 9.522 Loading class sun/reflect/generics/reflectiveObjects/LazyReflectiveObjectGenerator
Event: 9.522 Loading class sun/reflect/generics/reflectiveObjects/LazyReflectiveObjectGenerator done
Event: 9.522 Loading class sun/reflect/generics/reflectiveObjects/TypeVariableImpl done
Event: 9.549 Loading class java/lang/Deprecated
Event: 9.549 Loading class java/lang/Deprecated done
Event: 9.551 Loading class jdk/internal/vm/annotation/IntrinsicCandidate
Event: 9.551 Loading class jdk/internal/vm/annotation/IntrinsicCandidate done

Classes unloaded (7 events):
Event: 8.404 Thread 0x0000023a985e0840 Unloading class 0x0000023ab0185000 'java/lang/invoke/LambdaForm$MH+0x0000023ab0185000'
Event: 8.404 Thread 0x0000023a985e0840 Unloading class 0x0000023ab0184c00 'java/lang/invoke/LambdaForm$MH+0x0000023ab0184c00'
Event: 8.404 Thread 0x0000023a985e0840 Unloading class 0x0000023ab0184800 'java/lang/invoke/LambdaForm$MH+0x0000023ab0184800'
Event: 8.404 Thread 0x0000023a985e0840 Unloading class 0x0000023ab0184400 'java/lang/invoke/LambdaForm$MH+0x0000023ab0184400'
Event: 8.404 Thread 0x0000023a985e0840 Unloading class 0x0000023ab0184000 'java/lang/invoke/LambdaForm$BMH+0x0000023ab0184000'
Event: 8.404 Thread 0x0000023a985e0840 Unloading class 0x0000023ab0183c00 'java/lang/invoke/LambdaForm$DMH+0x0000023ab0183c00'
Event: 8.404 Thread 0x0000023a985e0840 Unloading class 0x0000023ab0182800 'java/lang/invoke/LambdaForm$DMH+0x0000023ab0182800'

Classes redefined (0 events):
No events

Internal exceptions (20 events):
Event: 7.495 Thread 0x0000023af6087830 Exception <a 'java/lang/NoSuchMethodError'{0x00000000d69a10a0}: 'java.lang.Object java.lang.invoke.DirectMethodHandle$Holder.newInvokeSpecial(java.lang.Object, java.lang.Object, int, java.lang.Object)'> (0x00000000d69a10a0) 
thrown [s\src\hotspot\share\interpreter\linkResolver.cpp, line 773]
Event: 7.495 Thread 0x0000023af6087830 Exception <a 'java/lang/NoSuchMethodError'{0x00000000d69a49c0}: 'java.lang.Object java.lang.invoke.DirectMethodHandle$Holder.invokeSpecial(java.lang.Object, java.lang.Object, java.lang.Object, int, java.lang.Object)'> (0x00000000d69a49c0) 
thrown [s\src\hotspot\share\interpreter\linkResolver.cpp, line 773]
Event: 7.700 Thread 0x0000023af559dd40 Exception <a 'java/lang/NoSuchMethodError'{0x00000000d6b755b8}: 'void java.lang.invoke.DirectMethodHandle$Holder.invokeSpecial(java.lang.Object, java.lang.Object, java.lang.Object, java.lang.Object, java.lang.Object)'> (0x00000000d6b755b8) 
thrown [s\src\hotspot\share\interpreter\linkResolver.cpp, line 773]
Event: 7.791 Thread 0x0000023af559dd40 Exception <a 'java/lang/NoSuchMethodError'{0x00000000d6d93218}: 'double java.lang.invoke.DirectMethodHandle$Holder.invokeStatic(java.lang.Object, java.lang.Object)'> (0x00000000d6d93218) 
thrown [s\src\hotspot\share\interpreter\linkResolver.cpp, line 773]
Event: 7.792 Thread 0x0000023af559dd40 Exception <a 'java/lang/NoSuchMethodError'{0x00000000d6d968d8}: 'double java.lang.invoke.DirectMethodHandle$Holder.invokeStaticInit(java.lang.Object, java.lang.Object)'> (0x00000000d6d968d8) 
thrown [s\src\hotspot\share\interpreter\linkResolver.cpp, line 773]
Event: 8.351 Thread 0x0000023af559dd40 Implicit null exception at 0x0000023aa3336875 to 0x0000023aa3336988
Event: 8.882 Thread 0x0000023af559dd40 Exception <a 'java/lang/ClassNotFoundException'{0x00000000d6c08230}: com/sun/org/apache/xerces/internal/impl/msg/spi/DOMMessagesProvider> (0x00000000d6c08230) 
thrown [s\src\hotspot\share\classfile\systemDictionary.cpp, line 312]
Event: 8.885 Thread 0x0000023af559dd40 Exception <a 'java/lang/ClassNotFoundException'{0x00000000d6c23510}: com/sun/org/apache/xerces/internal/impl/msg/spi/XMLSerializerMessagesProvider> (0x00000000d6c23510) 
thrown [s\src\hotspot\share\classfile\systemDictionary.cpp, line 312]
Event: 8.886 Thread 0x0000023af559dd40 Exception <a 'java/lang/ClassNotFoundException'{0x00000000d6c30790}: com/sun/org/apache/xerces/internal/impl/msg/spi/XMLMessagesProvider> (0x00000000d6c30790) 
thrown [s\src\hotspot\share\classfile\systemDictionary.cpp, line 312]
Event: 8.952 Thread 0x0000023af559dd40 Exception <a 'java/lang/NoSuchMethodError'{0x00000000d5602760}: 'java.lang.Object java.lang.invoke.DirectMethodHandle$Holder.newInvokeSpecial(java.lang.Object, int, java.lang.Object, java.lang.Object)'> (0x00000000d5602760) 
thrown [s\src\hotspot\share\interpreter\linkResolver.cpp, line 773]
Event: 9.076 Thread 0x0000023af559dd40 Exception <a 'sun/nio/fs/WindowsException'{0x00000000d58061d8}> (0x00000000d58061d8) 
thrown [s\src\hotspot\share\prims\jni.cpp, line 520]
Event: 9.242 Thread 0x0000023af559dd40 Exception <a 'java/lang/ClassNotFoundException'{0x00000000d5dee2a0}: com/sun/org/apache/xml/internal/serializer/spi/XMLEntitiesProvider> (0x00000000d5dee2a0) 
thrown [s\src\hotspot\share\classfile\systemDictionary.cpp, line 312]
Event: 9.319 Thread 0x0000023af559dd40 Exception <a 'java/io/FileNotFoundException'{0x00000000d61655c8}> (0x00000000d61655c8) 
thrown [s\src\hotspot\share\prims\jni.cpp, line 520]
Event: 9.342 Thread 0x0000023af559dd40 Exception <a 'java/lang/UnsatisfiedLinkError'{0x00000000d625f800}: The specified procedure could not be found.
> (0x00000000d625f800) 
thrown [s\src\hotspot\share\prims\jni.cpp, line 539]
Event: 9.355 Thread 0x0000023af559dd40 Exception <a 'java/io/FileNotFoundException'{0x00000000d6276018}> (0x00000000d6276018) 
thrown [s\src\hotspot\share\prims\jni.cpp, line 520]
Event: 9.365 Thread 0x0000023af559dd40 Exception <a 'java/io/FileNotFoundException'{0x00000000d62ef5f8}> (0x00000000d62ef5f8) 
thrown [s\src\hotspot\share\prims\jni.cpp, line 520]
Event: 9.372 Thread 0x0000023af559dd40 Exception <a 'java/lang/UnsatisfiedLinkError'{0x00000000d631d830}: The specified procedure could not be found.
> (0x00000000d631d830) 
thrown [s\src\hotspot\share\prims\jni.cpp, line 539]
Event: 9.435 Thread 0x0000023a98543d20 Exception <a 'java/lang/NoSuchMethodError'{0x00000000d654c6c8}: 'java.lang.Object java.lang.invoke.DirectMethodHandle$Holder.invokeStatic(java.lang.Object, long, java.lang.Object)'> (0x00000000d654c6c8) 
thrown [s\src\hotspot\share\interpreter\linkResolver.cpp, line 773]
Event: 9.436 Thread 0x0000023a98543d20 Exception <a 'java/lang/NoSuchMethodError'{0x00000000d654ff80}: 'java.lang.Object java.lang.invoke.DirectMethodHandle$Holder.invokeStaticInit(java.lang.Object, long, java.lang.Object)'> (0x00000000d654ff80) 
thrown [s\src\hotspot\share\interpreter\linkResolver.cpp, line 773]
Event: 9.436 Thread 0x0000023a98543d20 Exception <a 'java/lang/NoSuchMethodError'{0x00000000d6555640}: 'java.lang.Object java.lang.invoke.DirectMethodHandle$Holder.newInvokeSpecial(java.lang.Object, long)'> (0x00000000d6555640) 
thrown [s\src\hotspot\share\interpreter\linkResolver.cpp, line 773]

ZGC Phase Switch (0 events):
No events

VM Operations (20 events):
Event: 7.816 Executing VM operation: ParallelGCFailedAllocation (Allocation Failure)
Event: 7.836 Executing VM operation: ParallelGCFailedAllocation (Allocation Failure) done
Event: 8.312 Executing VM operation: ParallelGCFailedAllocation (Allocation Failure)
Event: 8.320 Executing VM operation: ParallelGCFailedAllocation (Allocation Failure) done
Event: 8.386 Executing VM operation: CollectForMetadataAllocation (Metadata GC Threshold)
Event: 8.440 Executing VM operation: CollectForMetadataAllocation (Metadata GC Threshold) done
Event: 8.800 Executing VM operation: HandshakeAllThreads (Deoptimize)
Event: 8.800 Executing VM operation: HandshakeAllThreads (Deoptimize) done
Event: 8.938 Executing VM operation: ParallelGCFailedAllocation (Allocation Failure)
Event: 8.944 Executing VM operation: ParallelGCFailedAllocation (Allocation Failure) done
Event: 9.045 Executing VM operation: HandshakeAllThreads (Deoptimize)
Event: 9.045 Executing VM operation: HandshakeAllThreads (Deoptimize) done
Event: 9.170 Executing VM operation: HandshakeAllThreads (Deoptimize)
Event: 9.170 Executing VM operation: HandshakeAllThreads (Deoptimize) done
Event: 9.171 Executing VM operation: HandshakeAllThreads (Deoptimize)
Event: 9.171 Executing VM operation: HandshakeAllThreads (Deoptimize) done
Event: 9.273 Executing VM operation: HandshakeAllThreads (Deoptimize)
Event: 9.273 Executing VM operation: HandshakeAllThreads (Deoptimize) done
Event: 9.512 Executing VM operation: ParallelGCFailedAllocation (Allocation Failure)
Event: 9.517 Executing VM operation: ParallelGCFailedAllocation (Allocation Failure) done

Memory protections (0 events):
No events

Nmethod flushes (0 events):
No events

Events (20 events):
Event: 0.096 Thread 0x0000023a98543d20 Thread added: 0x0000023a9846a890
Event: 0.132 Thread 0x0000023a98543d20 Thread added: 0x0000023a984ed6d0
Event: 0.537 Thread 0x0000023a98543d20 Thread added: 0x0000023af0d1fa90
Event: 1.822 Thread 0x0000023a98543d20 Thread added: 0x0000023af535c980
Event: 2.270 Thread 0x0000023a98543d20 Thread added: 0x0000023af559d6e0
Event: 2.274 Thread 0x0000023a98543d20 Thread added: 0x0000023af559dd40
Event: 2.342 Thread 0x0000023af559dd40 Thread added: 0x0000023af53c3d90
Event: 2.500 Thread 0x0000023af559dd40 Thread added: 0x0000023af532c0f0
Event: 2.938 Thread 0x0000023af559dd40 Thread added: 0x0000023af55f53a0
Event: 7.412 Thread 0x0000023af559dd40 Thread added: 0x0000023af0ab3740
Event: 7.467 Thread 0x0000023af559dd40 Thread added: 0x0000023af6087830
Event: 7.499 Thread 0x0000023af559dd40 Thread added: 0x0000023af0d62d20
Event: 8.901 Thread 0x0000023af559dd40 Thread added: 0x0000023af0d62690
Event: 9.122 Thread 0x0000023af0d62690 Thread exited: 0x0000023af0d62690
Event: 9.457 Thread 0x0000023a98543d20 Thread added: 0x0000023af0d640d0
Event: 9.457 Thread 0x0000023a98543d20 Thread added: 0x0000023af0d65480
Event: 9.457 Thread 0x0000023a98543d20 Thread added: 0x0000023af0d64df0
Event: 9.457 Thread 0x0000023a98543d20 Thread added: 0x0000023af0d633b0
Event: 9.458 Thread 0x0000023a98543d20 Thread added: 0x0000023af0d63a40
Event: 9.489 Thread 0x0000023a98543d20 Thread added: 0x0000023af0d65b10


Dynamic libraries:
0x00007ff7976d0000 - 0x00007ff7976de000 	c:\Users\navindu\.vscode\extensions\redhat.java-1.43.1-win32-x64\jre\21.0.7-win32-x86_64\bin\java.exe
0x00007ffbcfbf0000 - 0x00007ffbcfe07000 	C:\WINDOWS\SYSTEM32\ntdll.dll
0x00007ffbcf030000 - 0x00007ffbcf0f4000 	C:\WINDOWS\System32\KERNEL32.DLL
0x00007ffbcd2a0000 - 0x00007ffbcd672000 	C:\WINDOWS\System32\KERNELBASE.dll
0x00007ffbb8310000 - 0x00007ffbb832e000 	c:\Users\navindu\.vscode\extensions\redhat.java-1.43.1-win32-x64\jre\21.0.7-win32-x86_64\bin\VCRUNTIME140.dll
0x00007ffbccfe0000 - 0x00007ffbcd0f1000 	C:\WINDOWS\System32\ucrtbase.dll
0x00007ffbb8dc0000 - 0x00007ffbb8dd8000 	c:\Users\navindu\.vscode\extensions\redhat.java-1.43.1-win32-x64\jre\21.0.7-win32-x86_64\bin\jli.dll
0x00007ffbb3ca0000 - 0x00007ffbb3f3b000 	C:\WINDOWS\WinSxS\amd64_microsoft.windows.common-controls_6595b64144ccf1df_6.0.22621.5415_none_270d77d17387d7da\COMCTL32.dll
0x00007ffbcd920000 - 0x00007ffbcd9c7000 	C:\WINDOWS\System32\msvcrt.dll
0x00007ffbcded0000 - 0x00007ffbcdef9000 	C:\WINDOWS\System32\GDI32.dll
0x00007ffbcd100000 - 0x00007ffbcd126000 	C:\WINDOWS\System32\win32u.dll
0x00007ffbcce00000 - 0x00007ffbccf23000 	C:\WINDOWS\System32\gdi32full.dll
0x00007ffbccce0000 - 0x00007ffbccd7a000 	C:\WINDOWS\System32\msvcp_win.dll
0x00007ffbcf7e0000 - 0x00007ffbcf991000 	C:\WINDOWS\System32\USER32.dll
0x00007ffbcee20000 - 0x00007ffbcee51000 	C:\WINDOWS\System32\IMM32.DLL
0x00007ffbb8d80000 - 0x00007ffbb8d8c000 	c:\Users\navindu\.vscode\extensions\redhat.java-1.43.1-win32-x64\jre\21.0.7-win32-x86_64\bin\vcruntime140_1.dll
0x00007ffba05f0000 - 0x00007ffba067d000 	c:\Users\navindu\.vscode\extensions\redhat.java-1.43.1-win32-x64\jre\21.0.7-win32-x86_64\bin\msvcp140.dll
0x00007ffb62ce0000 - 0x00007ffb63a70000 	c:\Users\navindu\.vscode\extensions\redhat.java-1.43.1-win32-x64\jre\21.0.7-win32-x86_64\bin\server\jvm.dll
0x00007ffbcf100000 - 0x00007ffbcf1b1000 	C:\WINDOWS\System32\ADVAPI32.dll
0x00007ffbcd9d0000 - 0x00007ffbcda78000 	C:\WINDOWS\System32\sechost.dll
0x00007ffbccfb0000 - 0x00007ffbccfd8000 	C:\WINDOWS\System32\bcrypt.dll
0x00007ffbcf6c0000 - 0x00007ffbcf7d4000 	C:\WINDOWS\System32\RPCRT4.dll
0x00007ffbcf640000 - 0x00007ffbcf6b1000 	C:\WINDOWS\System32\WS2_32.dll
0x00007ffbcca00000 - 0x00007ffbcca4d000 	C:\WINDOWS\SYSTEM32\POWRPROF.dll
0x00007ffbbdb10000 - 0x00007ffbbdb44000 	C:\WINDOWS\SYSTEM32\WINMM.dll
0x00007ffbc6e00000 - 0x00007ffbc6e0a000 	C:\WINDOWS\SYSTEM32\VERSION.dll
0x00007ffbcc9e0000 - 0x00007ffbcc9f3000 	C:\WINDOWS\SYSTEM32\UMPDC.dll
0x00007ffbcbcd0000 - 0x00007ffbcbce8000 	C:\WINDOWS\SYSTEM32\kernel.appcore.dll
0x00007ffbb8cc0000 - 0x00007ffbb8cca000 	c:\Users\navindu\.vscode\extensions\redhat.java-1.43.1-win32-x64\jre\21.0.7-win32-x86_64\bin\jimage.dll
0x00007ffbca6e0000 - 0x00007ffbca913000 	C:\WINDOWS\SYSTEM32\DBGHELP.DLL
0x00007ffbcda90000 - 0x00007ffbcde23000 	C:\WINDOWS\System32\combase.dll
0x00007ffbcf1d0000 - 0x00007ffbcf2a7000 	C:\WINDOWS\System32\OLEAUT32.dll
0x00007ffbc94f0000 - 0x00007ffbc9522000 	C:\WINDOWS\SYSTEM32\dbgcore.DLL
0x00007ffbccd80000 - 0x00007ffbccdfb000 	C:\WINDOWS\System32\bcryptPrimitives.dll
0x00007ffbb80f0000 - 0x00007ffbb80ff000 	c:\Users\navindu\.vscode\extensions\redhat.java-1.43.1-win32-x64\jre\21.0.7-win32-x86_64\bin\instrument.dll
0x00007ffbb7530000 - 0x00007ffbb754f000 	c:\Users\navindu\.vscode\extensions\redhat.java-1.43.1-win32-x64\jre\21.0.7-win32-x86_64\bin\java.dll
0x00007ffbce3d0000 - 0x00007ffbcec72000 	C:\WINDOWS\System32\SHELL32.dll
0x00007ffbcd680000 - 0x00007ffbcd7bf000 	C:\WINDOWS\System32\wintypes.dll
0x00007ffbcabc0000 - 0x00007ffbcb4de000 	C:\WINDOWS\SYSTEM32\windows.storage.dll
0x00007ffbcf2b0000 - 0x00007ffbcf3bb000 	C:\WINDOWS\System32\SHCORE.dll
0x00007ffbcf470000 - 0x00007ffbcf4d9000 	C:\WINDOWS\System32\shlwapi.dll
0x00007ffbccc10000 - 0x00007ffbccc3b000 	C:\WINDOWS\SYSTEM32\profapi.dll
0x00007ffba6df0000 - 0x00007ffba6e08000 	c:\Users\navindu\.vscode\extensions\redhat.java-1.43.1-win32-x64\jre\21.0.7-win32-x86_64\bin\zip.dll
0x00007ffbb5a90000 - 0x00007ffbb5aa0000 	C:\Users\navindu\.vscode\extensions\redhat.java-1.43.1-win32-x64\jre\21.0.7-win32-x86_64\bin\net.dll
0x00007ffbc3fd0000 - 0x00007ffbc40fc000 	C:\WINDOWS\SYSTEM32\WINHTTP.dll
0x00007ffbcc140000 - 0x00007ffbcc1a9000 	C:\WINDOWS\system32\mswsock.dll
0x00007ffbb5810000 - 0x00007ffbb5826000 	C:\Users\navindu\.vscode\extensions\redhat.java-1.43.1-win32-x64\jre\21.0.7-win32-x86_64\bin\nio.dll
0x00007ffbb5a80000 - 0x00007ffbb5a90000 	c:\Users\navindu\.vscode\extensions\redhat.java-1.43.1-win32-x64\jre\21.0.7-win32-x86_64\bin\verify.dll
0x00007ffba05a0000 - 0x00007ffba05e5000 	C:\Users\navindu\AppData\Roaming\Code\User\globalStorage\redhat.java\1.43.1\config_ss_win\org.eclipse.equinox.launcher\org.eclipse.equinox.launcher.win32.win32.x86_64_1.2.1300.v20250331-1702\eclipse_11911.dll
0x00007ffbcec80000 - 0x00007ffbcee20000 	C:\WINDOWS\System32\ole32.dll
0x00007ffbcc380000 - 0x00007ffbcc39b000 	C:\WINDOWS\SYSTEM32\CRYPTSP.dll
0x00007ffbcbc30000 - 0x00007ffbcbc67000 	C:\WINDOWS\system32\rsaenh.dll
0x00007ffbcc1f0000 - 0x00007ffbcc218000 	C:\WINDOWS\SYSTEM32\USERENV.dll
0x00007ffbcc370000 - 0x00007ffbcc37c000 	C:\WINDOWS\SYSTEM32\CRYPTBASE.dll
0x00007ffbcb740000 - 0x00007ffbcb76d000 	C:\WINDOWS\SYSTEM32\IPHLPAPI.DLL
0x00007ffbcda80000 - 0x00007ffbcda89000 	C:\WINDOWS\System32\NSI.dll
0x00007ffb94ea0000 - 0x00007ffb94ee9000 	C:\Users\navindu\AppData\Local\Temp\jna-1730397209\jna11424019781216286447.dll
0x00007ffbcf1c0000 - 0x00007ffbcf1c8000 	C:\WINDOWS\System32\PSAPI.DLL
0x00007ffbc4560000 - 0x00007ffbc4579000 	C:\WINDOWS\SYSTEM32\dhcpcsvc6.DLL
0x00007ffbc3af0000 - 0x00007ffbc3b0f000 	C:\WINDOWS\SYSTEM32\dhcpcsvc.DLL

dbghelp: loaded successfully - version: 4.0.5 - missing functions: none
symbol engine: initialized successfully - sym options: 0x614 - pdb path: .;c:\Users\navindu\.vscode\extensions\redhat.java-1.43.1-win32-x64\jre\21.0.7-win32-x86_64\bin;C:\WINDOWS\SYSTEM32;C:\WINDOWS\WinSxS\amd64_microsoft.windows.common-controls_6595b64144ccf1df_6.0.22621.5415_none_270d77d17387d7da;c:\Users\navindu\.vscode\extensions\redhat.java-1.43.1-win32-x64\jre\21.0.7-win32-x86_64\bin\server;C:\Users\navindu\AppData\Roaming\Code\User\globalStorage\redhat.java\1.43.1\config_ss_win\org.eclipse.equinox.launcher\org.eclipse.equinox.launcher.win32.win32.x86_64_1.2.1300.v20250331-1702;C:\Users\navindu\AppData\Local\Temp\jna-1730397209

VM Arguments:
jvm_args: --add-modules=ALL-SYSTEM --add-opens=java.base/java.util=ALL-UNNAMED --add-opens=java.base/java.lang=ALL-UNNAMED --add-opens=java.base/sun.nio.fs=ALL-UNNAMED -Declipse.application=org.eclipse.jdt.ls.core.id1 -Dosgi.bundles.defaultStartLevel=4 -Declipse.product=org.eclipse.jdt.ls.core.product -Djava.import.generatesMetadataFilesAtProjectRoot=false -DDetectVMInstallationsJob.disabled=true -Dfile.encoding=utf8 -XX:+UseParallelGC -XX:GCTimeRatio=4 -XX:AdaptiveSizePolicyWeight=90 -Dsun.zip.disableMemoryMapping=true -Xmx2G -Xms100m -Xlog:disable -javaagent:c:\Users\navindu\.vscode\extensions\redhat.java-1.43.1-win32-x64\lombok\lombok-1.18.39-4050.jar 
java_command: c:\Users\navindu\.vscode\extensions\redhat.java-1.43.1-win32-x64\server\plugins\org.eclipse.equinox.launcher_1.7.0.v20250519-0528.jar -configuration c:\Users\navindu\AppData\Roaming\Code\User\globalStorage\redhat.java\1.43.1\config_ss_win -data c:\Users\navindu\AppData\Roaming\Code\User\workspaceStorage\935ea08e3a07c008de49f0b09361651e\redhat.java\ss_ws --pipe=\\.\pipe\lsp-9ca324e1d13fd8bbd25a737e9d7d03f6-sock
java_class_path (initial): c:\Users\navindu\.vscode\extensions\redhat.java-1.43.1-win32-x64\server\plugins\org.eclipse.equinox.launcher_1.7.0.v20250519-0528.jar
Launcher Type: SUN_STANDARD

[Global flags]
    uintx AdaptiveSizePolicyWeight                 = 90                                        {product} {command line}
     intx CICompilerCount                          = 3                                         {product} {ergonomic}
    uintx GCTimeRatio                              = 4                                         {product} {command line}
   size_t InitialHeapSize                          = 104857600                                 {product} {command line}
   size_t MaxHeapSize                              = 2147483648                                {product} {command line}
   size_t MaxNewSize                               = 715653120                                 {product} {ergonomic}
   size_t MinHeapDeltaBytes                        = 524288                                    {product} {ergonomic}
   size_t MinHeapSize                              = 104857600                                 {product} {command line}
   size_t NewSize                                  = 34603008                                  {product} {ergonomic}
    uintx NonNMethodCodeHeapSize                   = 5832780                                {pd product} {ergonomic}
    uintx NonProfiledCodeHeapSize                  = 122912730                              {pd product} {ergonomic}
   size_t OldSize                                  = 70254592                                  {product} {ergonomic}
    uintx ProfiledCodeHeapSize                     = 122912730                              {pd product} {ergonomic}
    uintx ReservedCodeCacheSize                    = 251658240                              {pd product} {ergonomic}
     bool SegmentedCodeCache                       = true                                      {product} {ergonomic}
   size_t SoftMaxHeapSize                          = 2147483648                             {manageable} {ergonomic}
     bool UseCompressedOops                        = true                           {product lp64_product} {ergonomic}
     bool UseLargePagesIndividualAllocation        = false                                  {pd product} {ergonomic}
     bool UseParallelGC                            = true                                      {product} {command line}

Logging:
Log output configuration:
 #0: stdout all=off uptime,level,tags foldmultilines=false
 #1: stderr all=off uptime,level,tags foldmultilines=false

Environment Variables:
PATH=C:\python\Scripts\;C:\python\;C:\Program Files\Common Files\Oracle\Java\javapath;C:\PHP\;C:\TDM-GCC-64\bin;C:\Program Files (x86)\Common Files\Oracle\Java\javapath;C:\WINDOWS;C:\WINDOWS\System32\Wbem;C:\WINDOWS\System32\WindowsPowerShell\v1.0\;C:\WINDOWS\System32\OpenSSH\;C:\Program Files\Git\cmd;C:\MinGW\bin;C:\Program Files (x86)\Apache Software Foundation\Apache2.2\bin;C:\Program Files\Microsoft VS Code\bin;C:\Windows\System32;C:\Program Files\nodejs\;C:\ProgramData\chocolatey\bin;C:\Users\navindu\AppData\Local\Programs\Python\Python313\Scripts\;C:\Users\navindu\AppData\Local\Programs\Python\Python313\;C:\Users\navindu\AppData\Local\Programs\Python\Launcher\;C:\Users\navindu\AppData\Local\Microsoft\WindowsApps;C:\msys64\mingw64\bin;C:\Program Files\JetBrains\IntelliJ IDEA Community Edition 2024.2.1\bin;;C:\python\Python.exe;C:\Users\navindu\AppData\Local\ComposerSetup\bin;C:\Users\navindu\AppData\Roaming\Composer\vendor\bin;C:\Users\navindu\AppData\Roaming\npm
USERNAME=navindu
OS=Windows_NT
PROCESSOR_IDENTIFIER=Intel64 Family 6 Model 140 Stepping 1, GenuineIntel
TMP=C:\Users\navindu\AppData\Local\Temp
TEMP=C:\Users\navindu\AppData\Local\Temp




Periodic native trim disabled

---------------  S Y S T E M  ---------------

OS:
 Windows 11 , 64 bit Build 22621 (10.0.22621.5415)
OS uptime: 0 days 7:03 hours
Hyper-V role detected

CPU: total 4 (initial active 4) (2 cores per cpu, 2 threads per core) family 6 model 140 stepping 1 microcode 0xa6, cx8, cmov, fxsr, ht, mmx, 3dnowpref, sse, sse2, sse3, ssse3, sse4.1, sse4.2, popcnt, lzcnt, tsc, tscinvbit, avx, avx2, aes, erms, clmul, bmi1, bmi2, adx, avx512f, avx512dq, avx512cd, avx512bw, avx512vl, sha, fma, vzeroupper, avx512_vpopcntdq, avx512_vpclmulqdq, avx512_vaes, avx512_vnni, clflush, clflushopt, clwb, avx512_vbmi2, avx512_vbmi, hv, rdtscp, rdpid, fsrm, gfni, avx512_bitalg, f16c, cet_ibt, cet_ss, avx512_ifma
Processor Information for the first 4 processors :
  Max Mhz: 2995, Current Mhz: 2995, Mhz Limit: 2995

Memory: 4k page, system-wide physical 3790M (105M free)
TotalPageFile size 15566M (AvailPageFile size 3M)
current process WorkingSet (physical memory assigned to process): 154M, peak: 154M
current process commit charge ("private bytes"): 276M, peak: 277M

vm_info: OpenJDK 64-Bit Server VM (21.0.7+6-LTS) for windows-amd64 JRE (21.0.7+6-LTS), built on 2025-04-15T00:00:00Z by "admin" with MS VC++ 17.7 (VS2022)

END.
